2019-11-05 10:13:29.916 +05:30 [ERR] Failed executing DbCommand (193ms) [Parameters=[@p0='?' (DbType = Int64), @p1='?' (DbType = DateTime2), @p2='?' (DbType = Boolean), @p3='?' (DbType = Boolean), @p4='?' (DbType = Int64), @p5='?' (DbType = DateTime2), @p6='?' (Size = 4000), @p7='?' (DbType = Int32), @p8='?' (Size = 4000)], CommandType='"Text"', CommandTimeout='30']
SET NOCOUNT ON;
INSERT INTO [Users] ([CreatedBy], [CreatedDate], [IsDeleted], [IsSuperAdmin], [ModifiedBy], [ModifiedDate], [Password], [Role], [Username])
VALUES (@p0, @p1, @p2, @p3, @p4, @p5, @p6, @p7, @p8);
SELECT [Id]
FROM [Users]
WHERE @@ROWCOUNT = 1 AND [Id] = scope_identity();
System.Data.SqlClient.SqlException (0x80131904): The INSERT statement conflicted with the FOREIGN KEY SAME TABLE constraint "FK_Users_Users_CreatedBy". The conflict occurred in database "AASTHA2", table "dbo.Users", column 'Id'.
The statement has been terminated.
   at System.Data.SqlClient.SqlConnection.OnError(SqlException exception, Boolean breakConnection, Action`1 wrapCloseInAction)
   at System.Data.SqlClient.TdsParser.ThrowExceptionAndWarning(TdsParserStateObject stateObj, Boolean callerHasConnectionLock, Boolean asyncClose)
   at System.Data.SqlClient.TdsParser.TryRun(RunBehavior runBehavior, SqlCommand cmdHandler, SqlDataReader dataStream, BulkCopySimpleResultSet bulkCopyHandler, TdsParserStateObject stateObj, Boolean& dataReady)
   at System.Data.SqlClient.SqlDataReader.TryConsumeMetaData()
   at System.Data.SqlClient.SqlDataReader.get_MetaData()
   at System.Data.SqlClient.SqlCommand.FinishExecuteReader(SqlDataReader ds, RunBehavior runBehavior, String resetOptionsString)
   at System.Data.SqlClient.SqlCommand.RunExecuteReaderTds(CommandBehavior cmdBehavior, RunBehavior runBehavior, Boolean returnStream, Boolean async, Int32 timeout, Task& task, Boolean asyncWrite, SqlDataReader ds)
   at System.Data.SqlClient.SqlCommand.ExecuteReader(CommandBehavior behavior)
   at Microsoft.EntityFrameworkCore.Storage.Internal.RelationalCommand.Execute(IRelationalConnection connection, DbCommandMethod executeMethod, IReadOnlyDictionary`2 parameterValues)
ClientConnectionId:6de9ade1-75ee-4f4a-a774-54c7c69aed96
Error Number:547,State:0,Class:16
2019-11-05 10:13:30.032 +05:30 [ERR] An exception occurred in the database while saving changes for context type 'AASTHA2.Entities.AASTHAContext'.
Microsoft.EntityFrameworkCore.DbUpdateException: An error occurred while updating the entries. See the inner exception for details. ---> System.Data.SqlClient.SqlException: The INSERT statement conflicted with the FOREIGN KEY SAME TABLE constraint "FK_Users_Users_CreatedBy". The conflict occurred in database "AASTHA2", table "dbo.Users", column 'Id'.
The statement has been terminated.
   at System.Data.SqlClient.SqlConnection.OnError(SqlException exception, Boolean breakConnection, Action`1 wrapCloseInAction)
   at System.Data.SqlClient.TdsParser.ThrowExceptionAndWarning(TdsParserStateObject stateObj, Boolean callerHasConnectionLock, Boolean asyncClose)
   at System.Data.SqlClient.TdsParser.TryRun(RunBehavior runBehavior, SqlCommand cmdHandler, SqlDataReader dataStream, BulkCopySimpleResultSet bulkCopyHandler, TdsParserStateObject stateObj, Boolean& dataReady)
   at System.Data.SqlClient.SqlDataReader.TryConsumeMetaData()
   at System.Data.SqlClient.SqlDataReader.get_MetaData()
   at System.Data.SqlClient.SqlCommand.FinishExecuteReader(SqlDataReader ds, RunBehavior runBehavior, String resetOptionsString)
   at System.Data.SqlClient.SqlCommand.RunExecuteReaderTds(CommandBehavior cmdBehavior, RunBehavior runBehavior, Boolean returnStream, Boolean async, Int32 timeout, Task& task, Boolean asyncWrite, SqlDataReader ds)
   at System.Data.SqlClient.SqlCommand.ExecuteReader(CommandBehavior behavior)
   at Microsoft.EntityFrameworkCore.Storage.Internal.RelationalCommand.Execute(IRelationalConnection connection, DbCommandMethod executeMethod, IReadOnlyDictionary`2 parameterValues)
   at Microsoft.EntityFrameworkCore.Storage.Internal.RelationalCommand.ExecuteReader(IRelationalConnection connection, IReadOnlyDictionary`2 parameterValues)
   at Microsoft.EntityFrameworkCore.Update.ReaderModificationCommandBatch.Execute(IRelationalConnection connection)
   --- End of inner exception stack trace ---
   at Microsoft.EntityFrameworkCore.Update.ReaderModificationCommandBatch.Execute(IRelationalConnection connection)
   at Microsoft.EntityFrameworkCore.Update.Internal.BatchExecutor.Execute(DbContext _, ValueTuple`2 parameters)
   at Microsoft.EntityFrameworkCore.SqlServer.Storage.Internal.SqlServerExecutionStrategy.Execute[TState,TResult](TState state, Func`3 operation, Func`3 verifySucceeded)
   at Microsoft.EntityFrameworkCore.Update.Internal.BatchExecutor.Execute(IEnumerable`1 commandBatches, IRelationalConnection connection)
   at Microsoft.EntityFrameworkCore.ChangeTracking.Internal.StateManager.SaveChanges(IReadOnlyList`1 entriesToSave)
   at Microsoft.EntityFrameworkCore.ChangeTracking.Internal.StateManager.SaveChanges(Boolean acceptAllChangesOnSuccess)
   at Microsoft.EntityFrameworkCore.DbContext.SaveChanges(Boolean acceptAllChangesOnSuccess)
Microsoft.EntityFrameworkCore.DbUpdateException: An error occurred while updating the entries. See the inner exception for details. ---> System.Data.SqlClient.SqlException: The INSERT statement conflicted with the FOREIGN KEY SAME TABLE constraint "FK_Users_Users_CreatedBy". The conflict occurred in database "AASTHA2", table "dbo.Users", column 'Id'.
The statement has been terminated.
   at System.Data.SqlClient.SqlConnection.OnError(SqlException exception, Boolean breakConnection, Action`1 wrapCloseInAction)
   at System.Data.SqlClient.TdsParser.ThrowExceptionAndWarning(TdsParserStateObject stateObj, Boolean callerHasConnectionLock, Boolean asyncClose)
   at System.Data.SqlClient.TdsParser.TryRun(RunBehavior runBehavior, SqlCommand cmdHandler, SqlDataReader dataStream, BulkCopySimpleResultSet bulkCopyHandler, TdsParserStateObject stateObj, Boolean& dataReady)
   at System.Data.SqlClient.SqlDataReader.TryConsumeMetaData()
   at System.Data.SqlClient.SqlDataReader.get_MetaData()
   at System.Data.SqlClient.SqlCommand.FinishExecuteReader(SqlDataReader ds, RunBehavior runBehavior, String resetOptionsString)
   at System.Data.SqlClient.SqlCommand.RunExecuteReaderTds(CommandBehavior cmdBehavior, RunBehavior runBehavior, Boolean returnStream, Boolean async, Int32 timeout, Task& task, Boolean asyncWrite, SqlDataReader ds)
   at System.Data.SqlClient.SqlCommand.ExecuteReader(CommandBehavior behavior)
   at Microsoft.EntityFrameworkCore.Storage.Internal.RelationalCommand.Execute(IRelationalConnection connection, DbCommandMethod executeMethod, IReadOnlyDictionary`2 parameterValues)
   at Microsoft.EntityFrameworkCore.Storage.Internal.RelationalCommand.ExecuteReader(IRelationalConnection connection, IReadOnlyDictionary`2 parameterValues)
   at Microsoft.EntityFrameworkCore.Update.ReaderModificationCommandBatch.Execute(IRelationalConnection connection)
   --- End of inner exception stack trace ---
   at Microsoft.EntityFrameworkCore.Update.ReaderModificationCommandBatch.Execute(IRelationalConnection connection)
   at Microsoft.EntityFrameworkCore.Update.Internal.BatchExecutor.Execute(DbContext _, ValueTuple`2 parameters)
   at Microsoft.EntityFrameworkCore.SqlServer.Storage.Internal.SqlServerExecutionStrategy.Execute[TState,TResult](TState state, Func`3 operation, Func`3 verifySucceeded)
   at Microsoft.EntityFrameworkCore.Update.Internal.BatchExecutor.Execute(IEnumerable`1 commandBatches, IRelationalConnection connection)
   at Microsoft.EntityFrameworkCore.ChangeTracking.Internal.StateManager.SaveChanges(IReadOnlyList`1 entriesToSave)
   at Microsoft.EntityFrameworkCore.ChangeTracking.Internal.StateManager.SaveChanges(Boolean acceptAllChangesOnSuccess)
   at Microsoft.EntityFrameworkCore.DbContext.SaveChanges(Boolean acceptAllChangesOnSuccess)
2019-11-05 10:13:41.127 +05:30 [ERR] {
  "ErrorMessage": "An error occurred while updating the entries. See the inner exception for details.",
  "ErrorDescription": "   at Microsoft.EntityFrameworkCore.Update.ReaderModificationCommandBatch.Execute(IRelationalConnection connection)\r\n   at Microsoft.EntityFrameworkCore.Update.Internal.BatchExecutor.Execute(DbContext _, ValueTuple`2 parameters)\r\n   at Microsoft.EntityFrameworkCore.SqlServer.Storage.Internal.SqlServerExecutionStrategy.Execute[TState,TResult](TState state, Func`3 operation, Func`3 verifySucceeded)\r\n   at Microsoft.EntityFrameworkCore.Update.Internal.BatchExecutor.Execute(IEnumerable`1 commandBatches, IRelationalConnection connection)\r\n   at Microsoft.EntityFrameworkCore.ChangeTracking.Internal.StateManager.SaveChanges(IReadOnlyList`1 entriesToSave)\r\n   at Microsoft.EntityFrameworkCore.ChangeTracking.Internal.StateManager.SaveChanges(Boolean acceptAllChangesOnSuccess)\r\n   at Microsoft.EntityFrameworkCore.DbContext.SaveChanges(Boolean acceptAllChangesOnSuccess)\r\n   at AASTHA2.Entities.AASTHAContext.SaveChanges() in D:\\Ginesh\\AASTHA2.0\\Entities\\AASTHAContext.cs:line 57\r\n   at AASTHA2.Repositories.UnitOfWork.SaveChanges() in D:\\Ginesh\\AASTHA2.0\\Repositories\\Repositories\\UnitOfWork.cs:line 44\r\n   at AASTHA2.Controllers.UsersController.PostUser(User user) in D:\\Ginesh\\AASTHA2.0\\AASTHA2.0\\Controllers\\UsersController.cs:line 80\r\n   at lambda_method(Closure , Object , Object[] )\r\n   at Microsoft.Extensions.Internal.ObjectMethodExecutor.Execute(Object target, Object[] parameters)\r\n   at Microsoft.AspNetCore.Mvc.Internal.ActionMethodExecutor.SyncActionResultExecutor.Execute(IActionResultTypeMapper mapper, ObjectMethodExecutor executor, Object controller, Object[] arguments)\r\n   at Microsoft.AspNetCore.Mvc.Internal.ControllerActionInvoker.InvokeActionMethodAsync()\r\n   at Microsoft.AspNetCore.Mvc.Internal.ControllerActionInvoker.InvokeNextActionFilterAsync()\r\n   at Microsoft.AspNetCore.Mvc.Internal.ControllerActionInvoker.Rethrow(ActionExecutedContext context)\r\n   at Microsoft.AspNetCore.Mvc.Internal.ControllerActionInvoker.Next(State& next, Scope& scope, Object& state, Boolean& isCompleted)\r\n   at Microsoft.AspNetCore.Mvc.Internal.ControllerActionInvoker.InvokeInnerFilterAsync()\r\n   at Microsoft.AspNetCore.Mvc.Internal.ResourceInvoker.InvokeNextResourceFilter()\r\n   at Microsoft.AspNetCore.Mvc.Internal.ResourceInvoker.Rethrow(ResourceExecutedContext context)\r\n   at Microsoft.AspNetCore.Mvc.Internal.ResourceInvoker.Next(State& next, Scope& scope, Object& state, Boolean& isCompleted)\r\n   at Microsoft.AspNetCore.Mvc.Internal.ResourceInvoker.InvokeFilterPipelineAsync()\r\n   at Microsoft.AspNetCore.Mvc.Internal.ResourceInvoker.InvokeAsync()\r\n   at Microsoft.AspNetCore.Routing.EndpointMiddleware.Invoke(HttpContext httpContext)\r\n   at Microsoft.AspNetCore.Routing.EndpointRoutingMiddleware.Invoke(HttpContext httpContext)\r\n   at AASTHA2.Middleware.ExceptionWrapper.Invoke(HttpContext context) in D:\\Ginesh\\AASTHA2.0\\AASTHA2.0\\Middleware\\ExceptionMiddleware.cs:line 24"
}
2019-11-05 10:15:19.568 +05:30 [ERR] Failed executing DbCommand (74ms) [Parameters=[@p0='?' (DbType = Int64), @p1='?' (DbType = DateTime2), @p2='?' (DbType = Boolean), @p3='?' (DbType = Boolean), @p4='?' (DbType = Int64), @p5='?' (DbType = DateTime2), @p6='?' (Size = 4000), @p7='?' (DbType = Int32), @p8='?' (Size = 4000)], CommandType='"Text"', CommandTimeout='30']
SET NOCOUNT ON;
INSERT INTO [Users] ([CreatedBy], [CreatedDate], [IsDeleted], [IsSuperAdmin], [ModifiedBy], [ModifiedDate], [Password], [Role], [Username])
VALUES (@p0, @p1, @p2, @p3, @p4, @p5, @p6, @p7, @p8);
SELECT [Id]
FROM [Users]
WHERE @@ROWCOUNT = 1 AND [Id] = scope_identity();
System.Data.SqlClient.SqlException (0x80131904): The INSERT statement conflicted with the FOREIGN KEY SAME TABLE constraint "FK_Users_Users_CreatedBy". The conflict occurred in database "AASTHA2", table "dbo.Users", column 'Id'.
The statement has been terminated.
   at System.Data.SqlClient.SqlConnection.OnError(SqlException exception, Boolean breakConnection, Action`1 wrapCloseInAction)
   at System.Data.SqlClient.TdsParser.ThrowExceptionAndWarning(TdsParserStateObject stateObj, Boolean callerHasConnectionLock, Boolean asyncClose)
   at System.Data.SqlClient.TdsParser.TryRun(RunBehavior runBehavior, SqlCommand cmdHandler, SqlDataReader dataStream, BulkCopySimpleResultSet bulkCopyHandler, TdsParserStateObject stateObj, Boolean& dataReady)
   at System.Data.SqlClient.SqlDataReader.TryConsumeMetaData()
   at System.Data.SqlClient.SqlDataReader.get_MetaData()
   at System.Data.SqlClient.SqlCommand.FinishExecuteReader(SqlDataReader ds, RunBehavior runBehavior, String resetOptionsString)
   at System.Data.SqlClient.SqlCommand.RunExecuteReaderTds(CommandBehavior cmdBehavior, RunBehavior runBehavior, Boolean returnStream, Boolean async, Int32 timeout, Task& task, Boolean asyncWrite, SqlDataReader ds)
   at System.Data.SqlClient.SqlCommand.ExecuteReader(CommandBehavior behavior)
   at Microsoft.EntityFrameworkCore.Storage.Internal.RelationalCommand.Execute(IRelationalConnection connection, DbCommandMethod executeMethod, IReadOnlyDictionary`2 parameterValues)
ClientConnectionId:4cdec43e-d02c-4556-ab68-df2a6f4324f7
Error Number:547,State:0,Class:16
2019-11-05 10:15:19.622 +05:30 [ERR] An exception occurred in the database while saving changes for context type 'AASTHA2.Entities.AASTHAContext'.
Microsoft.EntityFrameworkCore.DbUpdateException: An error occurred while updating the entries. See the inner exception for details. ---> System.Data.SqlClient.SqlException: The INSERT statement conflicted with the FOREIGN KEY SAME TABLE constraint "FK_Users_Users_CreatedBy". The conflict occurred in database "AASTHA2", table "dbo.Users", column 'Id'.
The statement has been terminated.
   at System.Data.SqlClient.SqlConnection.OnError(SqlException exception, Boolean breakConnection, Action`1 wrapCloseInAction)
   at System.Data.SqlClient.TdsParser.ThrowExceptionAndWarning(TdsParserStateObject stateObj, Boolean callerHasConnectionLock, Boolean asyncClose)
   at System.Data.SqlClient.TdsParser.TryRun(RunBehavior runBehavior, SqlCommand cmdHandler, SqlDataReader dataStream, BulkCopySimpleResultSet bulkCopyHandler, TdsParserStateObject stateObj, Boolean& dataReady)
   at System.Data.SqlClient.SqlDataReader.TryConsumeMetaData()
   at System.Data.SqlClient.SqlDataReader.get_MetaData()
   at System.Data.SqlClient.SqlCommand.FinishExecuteReader(SqlDataReader ds, RunBehavior runBehavior, String resetOptionsString)
   at System.Data.SqlClient.SqlCommand.RunExecuteReaderTds(CommandBehavior cmdBehavior, RunBehavior runBehavior, Boolean returnStream, Boolean async, Int32 timeout, Task& task, Boolean asyncWrite, SqlDataReader ds)
   at System.Data.SqlClient.SqlCommand.ExecuteReader(CommandBehavior behavior)
   at Microsoft.EntityFrameworkCore.Storage.Internal.RelationalCommand.Execute(IRelationalConnection connection, DbCommandMethod executeMethod, IReadOnlyDictionary`2 parameterValues)
   at Microsoft.EntityFrameworkCore.Storage.Internal.RelationalCommand.ExecuteReader(IRelationalConnection connection, IReadOnlyDictionary`2 parameterValues)
   at Microsoft.EntityFrameworkCore.Update.ReaderModificationCommandBatch.Execute(IRelationalConnection connection)
   --- End of inner exception stack trace ---
   at Microsoft.EntityFrameworkCore.Update.ReaderModificationCommandBatch.Execute(IRelationalConnection connection)
   at Microsoft.EntityFrameworkCore.Update.Internal.BatchExecutor.Execute(DbContext _, ValueTuple`2 parameters)
   at Microsoft.EntityFrameworkCore.SqlServer.Storage.Internal.SqlServerExecutionStrategy.Execute[TState,TResult](TState state, Func`3 operation, Func`3 verifySucceeded)
   at Microsoft.EntityFrameworkCore.Update.Internal.BatchExecutor.Execute(IEnumerable`1 commandBatches, IRelationalConnection connection)
   at Microsoft.EntityFrameworkCore.ChangeTracking.Internal.StateManager.SaveChanges(IReadOnlyList`1 entriesToSave)
   at Microsoft.EntityFrameworkCore.ChangeTracking.Internal.StateManager.SaveChanges(Boolean acceptAllChangesOnSuccess)
   at Microsoft.EntityFrameworkCore.DbContext.SaveChanges(Boolean acceptAllChangesOnSuccess)
Microsoft.EntityFrameworkCore.DbUpdateException: An error occurred while updating the entries. See the inner exception for details. ---> System.Data.SqlClient.SqlException: The INSERT statement conflicted with the FOREIGN KEY SAME TABLE constraint "FK_Users_Users_CreatedBy". The conflict occurred in database "AASTHA2", table "dbo.Users", column 'Id'.
The statement has been terminated.
   at System.Data.SqlClient.SqlConnection.OnError(SqlException exception, Boolean breakConnection, Action`1 wrapCloseInAction)
   at System.Data.SqlClient.TdsParser.ThrowExceptionAndWarning(TdsParserStateObject stateObj, Boolean callerHasConnectionLock, Boolean asyncClose)
   at System.Data.SqlClient.TdsParser.TryRun(RunBehavior runBehavior, SqlCommand cmdHandler, SqlDataReader dataStream, BulkCopySimpleResultSet bulkCopyHandler, TdsParserStateObject stateObj, Boolean& dataReady)
   at System.Data.SqlClient.SqlDataReader.TryConsumeMetaData()
   at System.Data.SqlClient.SqlDataReader.get_MetaData()
   at System.Data.SqlClient.SqlCommand.FinishExecuteReader(SqlDataReader ds, RunBehavior runBehavior, String resetOptionsString)
   at System.Data.SqlClient.SqlCommand.RunExecuteReaderTds(CommandBehavior cmdBehavior, RunBehavior runBehavior, Boolean returnStream, Boolean async, Int32 timeout, Task& task, Boolean asyncWrite, SqlDataReader ds)
   at System.Data.SqlClient.SqlCommand.ExecuteReader(CommandBehavior behavior)
   at Microsoft.EntityFrameworkCore.Storage.Internal.RelationalCommand.Execute(IRelationalConnection connection, DbCommandMethod executeMethod, IReadOnlyDictionary`2 parameterValues)
   at Microsoft.EntityFrameworkCore.Storage.Internal.RelationalCommand.ExecuteReader(IRelationalConnection connection, IReadOnlyDictionary`2 parameterValues)
   at Microsoft.EntityFrameworkCore.Update.ReaderModificationCommandBatch.Execute(IRelationalConnection connection)
   --- End of inner exception stack trace ---
   at Microsoft.EntityFrameworkCore.Update.ReaderModificationCommandBatch.Execute(IRelationalConnection connection)
   at Microsoft.EntityFrameworkCore.Update.Internal.BatchExecutor.Execute(DbContext _, ValueTuple`2 parameters)
   at Microsoft.EntityFrameworkCore.SqlServer.Storage.Internal.SqlServerExecutionStrategy.Execute[TState,TResult](TState state, Func`3 operation, Func`3 verifySucceeded)
   at Microsoft.EntityFrameworkCore.Update.Internal.BatchExecutor.Execute(IEnumerable`1 commandBatches, IRelationalConnection connection)
   at Microsoft.EntityFrameworkCore.ChangeTracking.Internal.StateManager.SaveChanges(IReadOnlyList`1 entriesToSave)
   at Microsoft.EntityFrameworkCore.ChangeTracking.Internal.StateManager.SaveChanges(Boolean acceptAllChangesOnSuccess)
   at Microsoft.EntityFrameworkCore.DbContext.SaveChanges(Boolean acceptAllChangesOnSuccess)
2019-11-05 10:18:29.718 +05:30 [ERR] Failed executing DbCommand (72ms) [Parameters=[@p0='?' (DbType = Int64), @p1='?' (DbType = DateTime2), @p2='?' (DbType = Boolean), @p3='?' (DbType = Boolean), @p4='?' (DbType = Int64), @p5='?' (DbType = DateTime2), @p6='?' (Size = 4000), @p7='?' (DbType = Int32), @p8='?' (Size = 4000)], CommandType='"Text"', CommandTimeout='30']
SET NOCOUNT ON;
INSERT INTO [Users] ([CreatedBy], [CreatedDate], [IsDeleted], [IsSuperAdmin], [ModifiedBy], [ModifiedDate], [Password], [Role], [Username])
VALUES (@p0, @p1, @p2, @p3, @p4, @p5, @p6, @p7, @p8);
SELECT [Id]
FROM [Users]
WHERE @@ROWCOUNT = 1 AND [Id] = scope_identity();
System.Data.SqlClient.SqlException (0x80131904): The INSERT statement conflicted with the FOREIGN KEY SAME TABLE constraint "FK_Users_Users_CreatedBy". The conflict occurred in database "AASTHA2", table "dbo.Users", column 'Id'.
The statement has been terminated.
   at System.Data.SqlClient.SqlConnection.OnError(SqlException exception, Boolean breakConnection, Action`1 wrapCloseInAction)
   at System.Data.SqlClient.TdsParser.ThrowExceptionAndWarning(TdsParserStateObject stateObj, Boolean callerHasConnectionLock, Boolean asyncClose)
   at System.Data.SqlClient.TdsParser.TryRun(RunBehavior runBehavior, SqlCommand cmdHandler, SqlDataReader dataStream, BulkCopySimpleResultSet bulkCopyHandler, TdsParserStateObject stateObj, Boolean& dataReady)
   at System.Data.SqlClient.SqlDataReader.TryConsumeMetaData()
   at System.Data.SqlClient.SqlDataReader.get_MetaData()
   at System.Data.SqlClient.SqlCommand.FinishExecuteReader(SqlDataReader ds, RunBehavior runBehavior, String resetOptionsString)
   at System.Data.SqlClient.SqlCommand.RunExecuteReaderTds(CommandBehavior cmdBehavior, RunBehavior runBehavior, Boolean returnStream, Boolean async, Int32 timeout, Task& task, Boolean asyncWrite, SqlDataReader ds)
   at System.Data.SqlClient.SqlCommand.ExecuteReader(CommandBehavior behavior)
   at Microsoft.EntityFrameworkCore.Storage.Internal.RelationalCommand.Execute(IRelationalConnection connection, DbCommandMethod executeMethod, IReadOnlyDictionary`2 parameterValues)
ClientConnectionId:57399b9d-4935-4f21-a626-ef801cb384bb
Error Number:547,State:0,Class:16
2019-11-05 10:18:29.780 +05:30 [ERR] An exception occurred in the database while saving changes for context type 'AASTHA2.Entities.AASTHAContext'.
Microsoft.EntityFrameworkCore.DbUpdateException: An error occurred while updating the entries. See the inner exception for details. ---> System.Data.SqlClient.SqlException: The INSERT statement conflicted with the FOREIGN KEY SAME TABLE constraint "FK_Users_Users_CreatedBy". The conflict occurred in database "AASTHA2", table "dbo.Users", column 'Id'.
The statement has been terminated.
   at System.Data.SqlClient.SqlConnection.OnError(SqlException exception, Boolean breakConnection, Action`1 wrapCloseInAction)
   at System.Data.SqlClient.TdsParser.ThrowExceptionAndWarning(TdsParserStateObject stateObj, Boolean callerHasConnectionLock, Boolean asyncClose)
   at System.Data.SqlClient.TdsParser.TryRun(RunBehavior runBehavior, SqlCommand cmdHandler, SqlDataReader dataStream, BulkCopySimpleResultSet bulkCopyHandler, TdsParserStateObject stateObj, Boolean& dataReady)
   at System.Data.SqlClient.SqlDataReader.TryConsumeMetaData()
   at System.Data.SqlClient.SqlDataReader.get_MetaData()
   at System.Data.SqlClient.SqlCommand.FinishExecuteReader(SqlDataReader ds, RunBehavior runBehavior, String resetOptionsString)
   at System.Data.SqlClient.SqlCommand.RunExecuteReaderTds(CommandBehavior cmdBehavior, RunBehavior runBehavior, Boolean returnStream, Boolean async, Int32 timeout, Task& task, Boolean asyncWrite, SqlDataReader ds)
   at System.Data.SqlClient.SqlCommand.ExecuteReader(CommandBehavior behavior)
   at Microsoft.EntityFrameworkCore.Storage.Internal.RelationalCommand.Execute(IRelationalConnection connection, DbCommandMethod executeMethod, IReadOnlyDictionary`2 parameterValues)
   at Microsoft.EntityFrameworkCore.Storage.Internal.RelationalCommand.ExecuteReader(IRelationalConnection connection, IReadOnlyDictionary`2 parameterValues)
   at Microsoft.EntityFrameworkCore.Update.ReaderModificationCommandBatch.Execute(IRelationalConnection connection)
   --- End of inner exception stack trace ---
   at Microsoft.EntityFrameworkCore.Update.ReaderModificationCommandBatch.Execute(IRelationalConnection connection)
   at Microsoft.EntityFrameworkCore.Update.Internal.BatchExecutor.Execute(DbContext _, ValueTuple`2 parameters)
   at Microsoft.EntityFrameworkCore.SqlServer.Storage.Internal.SqlServerExecutionStrategy.Execute[TState,TResult](TState state, Func`3 operation, Func`3 verifySucceeded)
   at Microsoft.EntityFrameworkCore.Update.Internal.BatchExecutor.Execute(IEnumerable`1 commandBatches, IRelationalConnection connection)
   at Microsoft.EntityFrameworkCore.ChangeTracking.Internal.StateManager.SaveChanges(IReadOnlyList`1 entriesToSave)
   at Microsoft.EntityFrameworkCore.ChangeTracking.Internal.StateManager.SaveChanges(Boolean acceptAllChangesOnSuccess)
   at Microsoft.EntityFrameworkCore.DbContext.SaveChanges(Boolean acceptAllChangesOnSuccess)
Microsoft.EntityFrameworkCore.DbUpdateException: An error occurred while updating the entries. See the inner exception for details. ---> System.Data.SqlClient.SqlException: The INSERT statement conflicted with the FOREIGN KEY SAME TABLE constraint "FK_Users_Users_CreatedBy". The conflict occurred in database "AASTHA2", table "dbo.Users", column 'Id'.
The statement has been terminated.
   at System.Data.SqlClient.SqlConnection.OnError(SqlException exception, Boolean breakConnection, Action`1 wrapCloseInAction)
   at System.Data.SqlClient.TdsParser.ThrowExceptionAndWarning(TdsParserStateObject stateObj, Boolean callerHasConnectionLock, Boolean asyncClose)
   at System.Data.SqlClient.TdsParser.TryRun(RunBehavior runBehavior, SqlCommand cmdHandler, SqlDataReader dataStream, BulkCopySimpleResultSet bulkCopyHandler, TdsParserStateObject stateObj, Boolean& dataReady)
   at System.Data.SqlClient.SqlDataReader.TryConsumeMetaData()
   at System.Data.SqlClient.SqlDataReader.get_MetaData()
   at System.Data.SqlClient.SqlCommand.FinishExecuteReader(SqlDataReader ds, RunBehavior runBehavior, String resetOptionsString)
   at System.Data.SqlClient.SqlCommand.RunExecuteReaderTds(CommandBehavior cmdBehavior, RunBehavior runBehavior, Boolean returnStream, Boolean async, Int32 timeout, Task& task, Boolean asyncWrite, SqlDataReader ds)
   at System.Data.SqlClient.SqlCommand.ExecuteReader(CommandBehavior behavior)
   at Microsoft.EntityFrameworkCore.Storage.Internal.RelationalCommand.Execute(IRelationalConnection connection, DbCommandMethod executeMethod, IReadOnlyDictionary`2 parameterValues)
   at Microsoft.EntityFrameworkCore.Storage.Internal.RelationalCommand.ExecuteReader(IRelationalConnection connection, IReadOnlyDictionary`2 parameterValues)
   at Microsoft.EntityFrameworkCore.Update.ReaderModificationCommandBatch.Execute(IRelationalConnection connection)
   --- End of inner exception stack trace ---
   at Microsoft.EntityFrameworkCore.Update.ReaderModificationCommandBatch.Execute(IRelationalConnection connection)
   at Microsoft.EntityFrameworkCore.Update.Internal.BatchExecutor.Execute(DbContext _, ValueTuple`2 parameters)
   at Microsoft.EntityFrameworkCore.SqlServer.Storage.Internal.SqlServerExecutionStrategy.Execute[TState,TResult](TState state, Func`3 operation, Func`3 verifySucceeded)
   at Microsoft.EntityFrameworkCore.Update.Internal.BatchExecutor.Execute(IEnumerable`1 commandBatches, IRelationalConnection connection)
   at Microsoft.EntityFrameworkCore.ChangeTracking.Internal.StateManager.SaveChanges(IReadOnlyList`1 entriesToSave)
   at Microsoft.EntityFrameworkCore.ChangeTracking.Internal.StateManager.SaveChanges(Boolean acceptAllChangesOnSuccess)
   at Microsoft.EntityFrameworkCore.DbContext.SaveChanges(Boolean acceptAllChangesOnSuccess)
2019-11-05 10:21:09.217 +05:30 [ERR] {
  "ErrorMessage": "No route matches the supplied values.",
  "ErrorDescription": "   at Microsoft.AspNetCore.Mvc.CreatedAtActionResult.OnFormatting(ActionContext context)\r\n   at Microsoft.AspNetCore.Mvc.Infrastructure.ObjectResultExecutor.ExecuteAsync(ActionContext context, ObjectResult result)\r\n   at Microsoft.AspNetCore.Mvc.ObjectResult.ExecuteResultAsync(ActionContext context)\r\n   at Microsoft.AspNetCore.Mvc.Internal.ResourceInvoker.InvokeResultAsync(IActionResult result)\r\n   at Microsoft.AspNetCore.Mvc.Internal.ResourceInvoker.InvokeNextResultFilterAsync[TFilter,TFilterAsync]()\r\n   at Microsoft.AspNetCore.Mvc.Internal.ResourceInvoker.Rethrow(ResultExecutedContext context)\r\n   at Microsoft.AspNetCore.Mvc.Internal.ResourceInvoker.ResultNext[TFilter,TFilterAsync](State& next, Scope& scope, Object& state, Boolean& isCompleted)\r\n   at Microsoft.AspNetCore.Mvc.Internal.ResourceInvoker.InvokeResultFilters()\r\n   at Microsoft.AspNetCore.Mvc.Internal.ResourceInvoker.InvokeNextResourceFilter()\r\n   at Microsoft.AspNetCore.Mvc.Internal.ResourceInvoker.Rethrow(ResourceExecutedContext context)\r\n   at Microsoft.AspNetCore.Mvc.Internal.ResourceInvoker.Next(State& next, Scope& scope, Object& state, Boolean& isCompleted)\r\n   at Microsoft.AspNetCore.Mvc.Internal.ResourceInvoker.InvokeFilterPipelineAsync()\r\n   at Microsoft.AspNetCore.Mvc.Internal.ResourceInvoker.InvokeAsync()\r\n   at Microsoft.AspNetCore.Routing.EndpointMiddleware.Invoke(HttpContext httpContext)\r\n   at Microsoft.AspNetCore.Routing.EndpointRoutingMiddleware.Invoke(HttpContext httpContext)\r\n   at AASTHA2.Middleware.ExceptionWrapper.Invoke(HttpContext context) in D:\\Ginesh\\AASTHA2.0\\AASTHA2.0\\Middleware\\ExceptionMiddleware.cs:line 24"
}
2019-11-05 10:23:25.116 +05:30 [ERR] Message : Object reference not set to an instance of an object.,Stacktrace :   at AASTHA2.Middleware.ResponseMiddleware.Invoke(HttpContext context) in D:\Ginesh\AASTHA2.0\AASTHA2.0\Middleware\ResponseMiddleware.cs:line 48
2019-11-05 10:27:27.917 +05:30 [ERR] Message : Object reference not set to an instance of an object.,Stacktrace :   at AASTHA2.Middleware.ResponseMiddleware.Invoke(HttpContext context) in D:\Ginesh\AASTHA2.0\AASTHA2.0\Middleware\ResponseMiddleware.cs:line 48
2019-11-05 10:43:23.569 +05:30 [ERR] Message : Object reference not set to an instance of an object.,Stacktrace :   at AASTHA2.Middleware.ResponseMiddleware.Invoke(HttpContext context) in D:\Ginesh\AASTHA2.0\AASTHA2.0\Middleware\ResponseMiddleware.cs:line 48
2019-11-05 10:55:35.396 +05:30 [ERR] {
  "ErrorMessage": "No property or field 'Ginesh' exists in type 'Patient'",
  "ErrorDescription": "   at System.Linq.Dynamic.Core.Parser.ExpressionParser.ParseMemberAccess(Type type, Expression instance) in /Parser/ExpressionParser.cs:line 1702\r\n   at System.Linq.Dynamic.Core.Parser.ExpressionParser.ParseIdentifier() in /Parser/ExpressionParser.cs:line 1061\r\n   at System.Linq.Dynamic.Core.Parser.ExpressionParser.ParsePrimary() in /Parser/ExpressionParser.cs:line 738\r\n   at System.Linq.Dynamic.Core.Parser.ExpressionParser.ParseUnary() in /Parser/ExpressionParser.cs:line 733\r\n   at System.Linq.Dynamic.Core.Parser.ExpressionParser.ParseMultiplicative() in /Parser/ExpressionParser.cs:line 679\r\n   at System.Linq.Dynamic.Core.Parser.ExpressionParser.ParseAdditive() in /Parser/ExpressionParser.cs:line 648\r\n   at System.Linq.Dynamic.Core.Parser.ExpressionParser.ParseShiftOperator() in /Parser/ExpressionParser.cs:line 624\r\n   at System.Linq.Dynamic.Core.Parser.ExpressionParser.ParseComparisonOperator() in /Parser/ExpressionParser.cs:line 443\r\n   at System.Linq.Dynamic.Core.Parser.ExpressionParser.ParseLogicalAndOrOperator() in /Parser/ExpressionParser.cs:line 378\r\n   at System.Linq.Dynamic.Core.Parser.ExpressionParser.ParseIn() in /Parser/ExpressionParser.cs:line 298\r\n   at System.Linq.Dynamic.Core.Parser.ExpressionParser.ParseAndOperator() in /Parser/ExpressionParser.cs:line 281\r\n   at System.Linq.Dynamic.Core.Parser.ExpressionParser.ParseOrOperator() in /Parser/ExpressionParser.cs:line 263\r\n   at System.Linq.Dynamic.Core.Parser.ExpressionParser.ParseLambdaOperator() in /Parser/ExpressionParser.cs:line 243\r\n   at System.Linq.Dynamic.Core.Parser.ExpressionParser.ParseNullCoalescingOperator() in /Parser/ExpressionParser.cs:line 230\r\n   at System.Linq.Dynamic.Core.Parser.ExpressionParser.ParseConditionalOperator() in /Parser/ExpressionParser.cs:line 213\r\n   at System.Linq.Dynamic.Core.Parser.ExpressionParser.Parse(Type resultType, Boolean createParameterCtor) in /Parser/ExpressionParser.cs:line 152\r\n   at System.Linq.Dynamic.Core.DynamicExpressionParser.ParseLambda(ParsingConfig parsingConfig, Boolean createParameterCtor, ParameterExpression[] parameters, Type resultType, String expression, Object[] values) in /DynamicExpressionParser.cs:line 67\r\n   at System.Linq.Dynamic.Core.DynamicQueryableExtensions.Where(IQueryable source, ParsingConfig config, String predicate, Object[] args) in /DynamicQueryableExtensions.cs:line 2199\r\n   at System.Linq.Dynamic.Core.DynamicQueryableExtensions.Where[TSource](IQueryable`1 source, ParsingConfig config, String predicate, Object[] args) in /DynamicQueryableExtensions.cs:line 2171\r\n   at System.Linq.Dynamic.Core.DynamicQueryableExtensions.Where[TSource](IQueryable`1 source, String predicate, Object[] args) in /DynamicQueryableExtensions.cs:line 2177\r\n   at AASTHA2._0.Controllers.PatientsController.GetPatients(String Fields, String Filter, String Sort, Int32 Skip, Int32 Take) in D:\\Ginesh\\AASTHA2.0\\AASTHA2.0\\Controllers\\PatientsController.cs:line 41\r\n   at lambda_method(Closure , Object , Object[] )\r\n   at Microsoft.Extensions.Internal.ObjectMethodExecutor.Execute(Object target, Object[] parameters)\r\n   at Microsoft.AspNetCore.Mvc.Internal.ActionMethodExecutor.SyncObjectResultExecutor.Execute(IActionResultTypeMapper mapper, ObjectMethodExecutor executor, Object controller, Object[] arguments)\r\n   at Microsoft.AspNetCore.Mvc.Internal.ControllerActionInvoker.InvokeActionMethodAsync()\r\n   at Microsoft.AspNetCore.Mvc.Internal.ControllerActionInvoker.InvokeNextActionFilterAsync()\r\n   at Microsoft.AspNetCore.Mvc.Internal.ControllerActionInvoker.Rethrow(ActionExecutedContext context)\r\n   at Microsoft.AspNetCore.Mvc.Internal.ControllerActionInvoker.Next(State& next, Scope& scope, Object& state, Boolean& isCompleted)\r\n   at Microsoft.AspNetCore.Mvc.Internal.ControllerActionInvoker.InvokeInnerFilterAsync()\r\n   at Microsoft.AspNetCore.Mvc.Internal.ResourceInvoker.InvokeNextResourceFilter()\r\n   at Microsoft.AspNetCore.Mvc.Internal.ResourceInvoker.Rethrow(ResourceExecutedContext context)\r\n   at Microsoft.AspNetCore.Mvc.Internal.ResourceInvoker.Next(State& next, Scope& scope, Object& state, Boolean& isCompleted)\r\n   at Microsoft.AspNetCore.Mvc.Internal.ResourceInvoker.InvokeFilterPipelineAsync()\r\n   at Microsoft.AspNetCore.Mvc.Internal.ResourceInvoker.InvokeAsync()\r\n   at Microsoft.AspNetCore.Routing.EndpointMiddleware.Invoke(HttpContext httpContext)\r\n   at Microsoft.AspNetCore.Routing.EndpointRoutingMiddleware.Invoke(HttpContext httpContext)\r\n   at AASTHA2.Middleware.ExceptionWrapper.Invoke(HttpContext context) in D:\\Ginesh\\AASTHA2.0\\AASTHA2.0\\Middleware\\ExceptionMiddleware.cs:line 24"
}
2019-11-05 11:01:34.775 +05:30 [ERR] {
  "ErrorMessage": "Character literal must contain exactly one character",
  "ErrorDescription": "   at System.Linq.Dynamic.Core.Parser.ExpressionParser.ParseStringLiteral() in /Parser/ExpressionParser.cs:line 811\r\n   at System.Linq.Dynamic.Core.Parser.ExpressionParser.ParsePrimary() in /Parser/ExpressionParser.cs:line 738\r\n   at System.Linq.Dynamic.Core.Parser.ExpressionParser.ParseUnary() in /Parser/ExpressionParser.cs:line 733\r\n   at System.Linq.Dynamic.Core.Parser.ExpressionParser.ParseMultiplicative() in /Parser/ExpressionParser.cs:line 679\r\n   at System.Linq.Dynamic.Core.Parser.ExpressionParser.ParseAdditive() in /Parser/ExpressionParser.cs:line 648\r\n   at System.Linq.Dynamic.Core.Parser.ExpressionParser.ParseShiftOperator() in /Parser/ExpressionParser.cs:line 624\r\n   at System.Linq.Dynamic.Core.Parser.ExpressionParser.ParseComparisonOperator() in /Parser/ExpressionParser.cs:line 443\r\n   at System.Linq.Dynamic.Core.Parser.ExpressionParser.ParseLogicalAndOrOperator() in /Parser/ExpressionParser.cs:line 378\r\n   at System.Linq.Dynamic.Core.Parser.ExpressionParser.ParseIn() in /Parser/ExpressionParser.cs:line 298\r\n   at System.Linq.Dynamic.Core.Parser.ExpressionParser.ParseAndOperator() in /Parser/ExpressionParser.cs:line 281\r\n   at System.Linq.Dynamic.Core.Parser.ExpressionParser.ParseOrOperator() in /Parser/ExpressionParser.cs:line 263\r\n   at System.Linq.Dynamic.Core.Parser.ExpressionParser.ParseLambdaOperator() in /Parser/ExpressionParser.cs:line 243\r\n   at System.Linq.Dynamic.Core.Parser.ExpressionParser.ParseNullCoalescingOperator() in /Parser/ExpressionParser.cs:line 230\r\n   at System.Linq.Dynamic.Core.Parser.ExpressionParser.ParseConditionalOperator() in /Parser/ExpressionParser.cs:line 213\r\n   at System.Linq.Dynamic.Core.Parser.ExpressionParser.Parse(Type resultType, Boolean createParameterCtor) in /Parser/ExpressionParser.cs:line 152\r\n   at System.Linq.Dynamic.Core.DynamicExpressionParser.ParseLambda(ParsingConfig parsingConfig, Boolean createParameterCtor, ParameterExpression[] parameters, Type resultType, String expression, Object[] values) in /DynamicExpressionParser.cs:line 67\r\n   at System.Linq.Dynamic.Core.DynamicQueryableExtensions.Where(IQueryable source, ParsingConfig config, String predicate, Object[] args) in /DynamicQueryableExtensions.cs:line 2199\r\n   at System.Linq.Dynamic.Core.DynamicQueryableExtensions.Where[TSource](IQueryable`1 source, ParsingConfig config, String predicate, Object[] args) in /DynamicQueryableExtensions.cs:line 2171\r\n   at System.Linq.Dynamic.Core.DynamicQueryableExtensions.Where[TSource](IQueryable`1 source, String predicate, Object[] args) in /DynamicQueryableExtensions.cs:line 2177\r\n   at AASTHA2._0.Controllers.PatientsController.GetPatients(String Fields, String Filter, String Sort, Int32 Skip, Int32 Take) in D:\\Ginesh\\AASTHA2.0\\AASTHA2.0\\Controllers\\PatientsController.cs:line 41\r\n   at lambda_method(Closure , Object , Object[] )\r\n   at Microsoft.Extensions.Internal.ObjectMethodExecutor.Execute(Object target, Object[] parameters)\r\n   at Microsoft.AspNetCore.Mvc.Internal.ActionMethodExecutor.SyncObjectResultExecutor.Execute(IActionResultTypeMapper mapper, ObjectMethodExecutor executor, Object controller, Object[] arguments)\r\n   at Microsoft.AspNetCore.Mvc.Internal.ControllerActionInvoker.InvokeActionMethodAsync()\r\n   at Microsoft.AspNetCore.Mvc.Internal.ControllerActionInvoker.InvokeNextActionFilterAsync()\r\n   at Microsoft.AspNetCore.Mvc.Internal.ControllerActionInvoker.Rethrow(ActionExecutedContext context)\r\n   at Microsoft.AspNetCore.Mvc.Internal.ControllerActionInvoker.Next(State& next, Scope& scope, Object& state, Boolean& isCompleted)\r\n   at Microsoft.AspNetCore.Mvc.Internal.ControllerActionInvoker.InvokeInnerFilterAsync()\r\n   at Microsoft.AspNetCore.Mvc.Internal.ResourceInvoker.InvokeNextResourceFilter()\r\n   at Microsoft.AspNetCore.Mvc.Internal.ResourceInvoker.Rethrow(ResourceExecutedContext context)\r\n   at Microsoft.AspNetCore.Mvc.Internal.ResourceInvoker.Next(State& next, Scope& scope, Object& state, Boolean& isCompleted)\r\n   at Microsoft.AspNetCore.Mvc.Internal.ResourceInvoker.InvokeFilterPipelineAsync()\r\n   at Microsoft.AspNetCore.Mvc.Internal.ResourceInvoker.InvokeAsync()\r\n   at Microsoft.AspNetCore.Routing.EndpointMiddleware.Invoke(HttpContext httpContext)\r\n   at Microsoft.AspNetCore.Routing.EndpointRoutingMiddleware.Invoke(HttpContext httpContext)\r\n   at AASTHA2.Middleware.ExceptionWrapper.Invoke(HttpContext context) in D:\\Ginesh\\AASTHA2.0\\AASTHA2.0\\Middleware\\ExceptionMiddleware.cs:line 24"
}
2019-11-05 11:03:30.615 +05:30 [ERR] {
  "ErrorMessage": "No property or field 'Ginesh' exists in type 'Patient'",
  "ErrorDescription": "   at System.Linq.Dynamic.Core.Parser.ExpressionParser.ParseMemberAccess(Type type, Expression instance) in /Parser/ExpressionParser.cs:line 1702\r\n   at System.Linq.Dynamic.Core.Parser.ExpressionParser.ParseIdentifier() in /Parser/ExpressionParser.cs:line 1061\r\n   at System.Linq.Dynamic.Core.Parser.ExpressionParser.ParsePrimary() in /Parser/ExpressionParser.cs:line 738\r\n   at System.Linq.Dynamic.Core.Parser.ExpressionParser.ParseUnary() in /Parser/ExpressionParser.cs:line 733\r\n   at System.Linq.Dynamic.Core.Parser.ExpressionParser.ParseMultiplicative() in /Parser/ExpressionParser.cs:line 679\r\n   at System.Linq.Dynamic.Core.Parser.ExpressionParser.ParseAdditive() in /Parser/ExpressionParser.cs:line 648\r\n   at System.Linq.Dynamic.Core.Parser.ExpressionParser.ParseShiftOperator() in /Parser/ExpressionParser.cs:line 624\r\n   at System.Linq.Dynamic.Core.Parser.ExpressionParser.ParseComparisonOperator() in /Parser/ExpressionParser.cs:line 443\r\n   at System.Linq.Dynamic.Core.Parser.ExpressionParser.ParseLogicalAndOrOperator() in /Parser/ExpressionParser.cs:line 378\r\n   at System.Linq.Dynamic.Core.Parser.ExpressionParser.ParseIn() in /Parser/ExpressionParser.cs:line 298\r\n   at System.Linq.Dynamic.Core.Parser.ExpressionParser.ParseAndOperator() in /Parser/ExpressionParser.cs:line 281\r\n   at System.Linq.Dynamic.Core.Parser.ExpressionParser.ParseOrOperator() in /Parser/ExpressionParser.cs:line 263\r\n   at System.Linq.Dynamic.Core.Parser.ExpressionParser.ParseLambdaOperator() in /Parser/ExpressionParser.cs:line 243\r\n   at System.Linq.Dynamic.Core.Parser.ExpressionParser.ParseNullCoalescingOperator() in /Parser/ExpressionParser.cs:line 230\r\n   at System.Linq.Dynamic.Core.Parser.ExpressionParser.ParseConditionalOperator() in /Parser/ExpressionParser.cs:line 213\r\n   at System.Linq.Dynamic.Core.Parser.ExpressionParser.Parse(Type resultType, Boolean createParameterCtor) in /Parser/ExpressionParser.cs:line 152\r\n   at System.Linq.Dynamic.Core.DynamicExpressionParser.ParseLambda(ParsingConfig parsingConfig, Boolean createParameterCtor, ParameterExpression[] parameters, Type resultType, String expression, Object[] values) in /DynamicExpressionParser.cs:line 67\r\n   at System.Linq.Dynamic.Core.DynamicQueryableExtensions.Where(IQueryable source, ParsingConfig config, String predicate, Object[] args) in /DynamicQueryableExtensions.cs:line 2199\r\n   at System.Linq.Dynamic.Core.DynamicQueryableExtensions.Where[TSource](IQueryable`1 source, ParsingConfig config, String predicate, Object[] args) in /DynamicQueryableExtensions.cs:line 2171\r\n   at System.Linq.Dynamic.Core.DynamicQueryableExtensions.Where[TSource](IQueryable`1 source, String predicate, Object[] args) in /DynamicQueryableExtensions.cs:line 2177\r\n   at AASTHA2._0.Controllers.PatientsController.GetPatients(String Fields, String Filter, String Sort, Int32 Skip, Int32 Take) in D:\\Ginesh\\AASTHA2.0\\AASTHA2.0\\Controllers\\PatientsController.cs:line 40\r\n   at lambda_method(Closure , Object , Object[] )\r\n   at Microsoft.Extensions.Internal.ObjectMethodExecutor.Execute(Object target, Object[] parameters)\r\n   at Microsoft.AspNetCore.Mvc.Internal.ActionMethodExecutor.SyncObjectResultExecutor.Execute(IActionResultTypeMapper mapper, ObjectMethodExecutor executor, Object controller, Object[] arguments)\r\n   at Microsoft.AspNetCore.Mvc.Internal.ControllerActionInvoker.InvokeActionMethodAsync()\r\n   at Microsoft.AspNetCore.Mvc.Internal.ControllerActionInvoker.InvokeNextActionFilterAsync()\r\n   at Microsoft.AspNetCore.Mvc.Internal.ControllerActionInvoker.Rethrow(ActionExecutedContext context)\r\n   at Microsoft.AspNetCore.Mvc.Internal.ControllerActionInvoker.Next(State& next, Scope& scope, Object& state, Boolean& isCompleted)\r\n   at Microsoft.AspNetCore.Mvc.Internal.ControllerActionInvoker.InvokeInnerFilterAsync()\r\n   at Microsoft.AspNetCore.Mvc.Internal.ResourceInvoker.InvokeNextResourceFilter()\r\n   at Microsoft.AspNetCore.Mvc.Internal.ResourceInvoker.Rethrow(ResourceExecutedContext context)\r\n   at Microsoft.AspNetCore.Mvc.Internal.ResourceInvoker.Next(State& next, Scope& scope, Object& state, Boolean& isCompleted)\r\n   at Microsoft.AspNetCore.Mvc.Internal.ResourceInvoker.InvokeFilterPipelineAsync()\r\n   at Microsoft.AspNetCore.Mvc.Internal.ResourceInvoker.InvokeAsync()\r\n   at Microsoft.AspNetCore.Routing.EndpointMiddleware.Invoke(HttpContext httpContext)\r\n   at Microsoft.AspNetCore.Routing.EndpointRoutingMiddleware.Invoke(HttpContext httpContext)\r\n   at AASTHA2.Middleware.ExceptionWrapper.Invoke(HttpContext context) in D:\\Ginesh\\AASTHA2.0\\AASTHA2.0\\Middleware\\ExceptionMiddleware.cs:line 24"
}
2019-11-05 11:30:58.157 +05:30 [ERR] {
  "ErrorMessage": "Expression expected",
  "ErrorDescription": "   at System.Linq.Dynamic.Core.Parser.ExpressionParser.ParsePrimaryStart() in /Parser/ExpressionParser.cs:line 771\r\n   at System.Linq.Dynamic.Core.Parser.ExpressionParser.ParsePrimary() in /Parser/ExpressionParser.cs:line 738\r\n   at System.Linq.Dynamic.Core.Parser.ExpressionParser.ParseUnary() in /Parser/ExpressionParser.cs:line 733\r\n   at System.Linq.Dynamic.Core.Parser.ExpressionParser.ParseMultiplicative() in /Parser/ExpressionParser.cs:line 679\r\n   at System.Linq.Dynamic.Core.Parser.ExpressionParser.ParseAdditive() in /Parser/ExpressionParser.cs:line 648\r\n   at System.Linq.Dynamic.Core.Parser.ExpressionParser.ParseShiftOperator() in /Parser/ExpressionParser.cs:line 624\r\n   at System.Linq.Dynamic.Core.Parser.ExpressionParser.ParseComparisonOperator() in /Parser/ExpressionParser.cs:line 443\r\n   at System.Linq.Dynamic.Core.Parser.ExpressionParser.ParseLogicalAndOrOperator() in /Parser/ExpressionParser.cs:line 378\r\n   at System.Linq.Dynamic.Core.Parser.ExpressionParser.ParseIn() in /Parser/ExpressionParser.cs:line 298\r\n   at System.Linq.Dynamic.Core.Parser.ExpressionParser.ParseAndOperator() in /Parser/ExpressionParser.cs:line 281\r\n   at System.Linq.Dynamic.Core.Parser.ExpressionParser.ParseOrOperator() in /Parser/ExpressionParser.cs:line 263\r\n   at System.Linq.Dynamic.Core.Parser.ExpressionParser.ParseLambdaOperator() in /Parser/ExpressionParser.cs:line 243\r\n   at System.Linq.Dynamic.Core.Parser.ExpressionParser.ParseNullCoalescingOperator() in /Parser/ExpressionParser.cs:line 230\r\n   at System.Linq.Dynamic.Core.Parser.ExpressionParser.ParseConditionalOperator() in /Parser/ExpressionParser.cs:line 213\r\n   at System.Linq.Dynamic.Core.Parser.ExpressionParser.Parse(Type resultType, Boolean createParameterCtor) in /Parser/ExpressionParser.cs:line 152\r\n   at System.Linq.Dynamic.Core.DynamicExpressionParser.ParseLambda(ParsingConfig parsingConfig, Boolean createParameterCtor, ParameterExpression[] parameters, Type resultType, String expression, Object[] values) in /DynamicExpressionParser.cs:line 67\r\n   at System.Linq.Dynamic.Core.DynamicQueryableExtensions.Where(IQueryable source, ParsingConfig config, String predicate, Object[] args) in /DynamicQueryableExtensions.cs:line 2199\r\n   at System.Linq.Dynamic.Core.DynamicQueryableExtensions.Where[TSource](IQueryable`1 source, ParsingConfig config, String predicate, Object[] args) in /DynamicQueryableExtensions.cs:line 2171\r\n   at System.Linq.Dynamic.Core.DynamicQueryableExtensions.Where[TSource](IQueryable`1 source, String predicate, Object[] args) in /DynamicQueryableExtensions.cs:line 2177\r\n   at AASTHA2._0.Controllers.PatientsController.GetPatients(String Fields, String Filter, String Sort, Int32 Skip, Int32 Take) in D:\\Ginesh\\AASTHA2.0\\AASTHA2.0\\Controllers\\PatientsController.cs:line 40\r\n   at lambda_method(Closure , Object , Object[] )\r\n   at Microsoft.Extensions.Internal.ObjectMethodExecutor.Execute(Object target, Object[] parameters)\r\n   at Microsoft.AspNetCore.Mvc.Internal.ActionMethodExecutor.SyncObjectResultExecutor.Execute(IActionResultTypeMapper mapper, ObjectMethodExecutor executor, Object controller, Object[] arguments)\r\n   at Microsoft.AspNetCore.Mvc.Internal.ControllerActionInvoker.InvokeActionMethodAsync()\r\n   at Microsoft.AspNetCore.Mvc.Internal.ControllerActionInvoker.InvokeNextActionFilterAsync()\r\n   at Microsoft.AspNetCore.Mvc.Internal.ControllerActionInvoker.Rethrow(ActionExecutedContext context)\r\n   at Microsoft.AspNetCore.Mvc.Internal.ControllerActionInvoker.Next(State& next, Scope& scope, Object& state, Boolean& isCompleted)\r\n   at Microsoft.AspNetCore.Mvc.Internal.ControllerActionInvoker.InvokeInnerFilterAsync()\r\n   at Microsoft.AspNetCore.Mvc.Internal.ResourceInvoker.InvokeNextResourceFilter()\r\n   at Microsoft.AspNetCore.Mvc.Internal.ResourceInvoker.Rethrow(ResourceExecutedContext context)\r\n   at Microsoft.AspNetCore.Mvc.Internal.ResourceInvoker.Next(State& next, Scope& scope, Object& state, Boolean& isCompleted)\r\n   at Microsoft.AspNetCore.Mvc.Internal.ResourceInvoker.InvokeFilterPipelineAsync()\r\n   at Microsoft.AspNetCore.Mvc.Internal.ResourceInvoker.InvokeAsync()\r\n   at Microsoft.AspNetCore.Routing.EndpointMiddleware.Invoke(HttpContext httpContext)\r\n   at Microsoft.AspNetCore.Routing.EndpointRoutingMiddleware.Invoke(HttpContext httpContext)\r\n   at AASTHA2.Middleware.ExceptionWrapper.Invoke(HttpContext context) in D:\\Ginesh\\AASTHA2.0\\AASTHA2.0\\Middleware\\ExceptionMiddleware.cs:line 24"
}
2019-11-05 13:23:47.342 +05:30 [ERR] {
  "ErrorMessage": "Object reference not set to an instance of an object.",
  "ErrorDescription": "   at AASTHA2.Common.Helpers.EnumHelper.GetDisplayName(Enum enumValue) in D:\\Ginesh\\AASTHA2.0\\Common\\Helpers\\EnumHelper.cs:line 14\r\n   at AASTHA2.Common.Helpers.FilterByHelper.GetOperator(String op) in D:\\Ginesh\\AASTHA2.0\\Common\\Helpers\\FilterByHelper.cs:line 160\r\n   at AASTHA2.Common.Helpers.FilterByHelper.SearchCriteria(String Search) in D:\\Ginesh\\AASTHA2.0\\Common\\Helpers\\FilterByHelper.cs:line 118\r\n   at AASTHA2._0.Controllers.PatientsController.GetPatients(String Search, String Fields, String Sort, Int32 Skip, Int32 Take) in D:\\Ginesh\\AASTHA2.0\\AASTHA2.0\\Controllers\\PatientsController.cs:line 32\r\n   at lambda_method(Closure , Object , Object[] )\r\n   at Microsoft.Extensions.Internal.ObjectMethodExecutor.Execute(Object target, Object[] parameters)\r\n   at Microsoft.AspNetCore.Mvc.Internal.ActionMethodExecutor.SyncObjectResultExecutor.Execute(IActionResultTypeMapper mapper, ObjectMethodExecutor executor, Object controller, Object[] arguments)\r\n   at Microsoft.AspNetCore.Mvc.Internal.ControllerActionInvoker.InvokeActionMethodAsync()\r\n   at Microsoft.AspNetCore.Mvc.Internal.ControllerActionInvoker.InvokeNextActionFilterAsync()\r\n   at Microsoft.AspNetCore.Mvc.Internal.ControllerActionInvoker.Rethrow(ActionExecutedContext context)\r\n   at Microsoft.AspNetCore.Mvc.Internal.ControllerActionInvoker.Next(State& next, Scope& scope, Object& state, Boolean& isCompleted)\r\n   at Microsoft.AspNetCore.Mvc.Internal.ControllerActionInvoker.InvokeInnerFilterAsync()\r\n   at Microsoft.AspNetCore.Mvc.Internal.ResourceInvoker.InvokeNextResourceFilter()\r\n   at Microsoft.AspNetCore.Mvc.Internal.ResourceInvoker.Rethrow(ResourceExecutedContext context)\r\n   at Microsoft.AspNetCore.Mvc.Internal.ResourceInvoker.Next(State& next, Scope& scope, Object& state, Boolean& isCompleted)\r\n   at Microsoft.AspNetCore.Mvc.Internal.ResourceInvoker.InvokeFilterPipelineAsync()\r\n   at Microsoft.AspNetCore.Mvc.Internal.ResourceInvoker.InvokeAsync()\r\n   at Microsoft.AspNetCore.Routing.EndpointMiddleware.Invoke(HttpContext httpContext)\r\n   at Microsoft.AspNetCore.Routing.EndpointRoutingMiddleware.Invoke(HttpContext httpContext)\r\n   at AASTHA2.Middleware.ExceptionWrapper.Invoke(HttpContext context) in D:\\Ginesh\\AASTHA2.0\\AASTHA2.0\\Middleware\\ExceptionMiddleware.cs:line 24"
}
2019-11-05 14:19:25.219 +05:30 [ERR] {
  "ErrorMessage": "Index was outside the bounds of the array.",
  "ErrorDescription": "   at AASTHA2.Common.Helpers.FilterByHelper.SearchCriteria(String Search, String& str, Object[]& param) in D:\\Ginesh\\AASTHA2.0\\Common\\Helpers\\FilterByHelper.cs:line 122\r\n   at AASTHA2._0.Controllers.PatientsController.GetPatients(String Search, String Fields, String Sort, Int32 Skip, Int32 Take) in D:\\Ginesh\\AASTHA2.0\\AASTHA2.0\\Controllers\\PatientsController.cs:line 34\r\n   at lambda_method(Closure , Object , Object[] )\r\n   at Microsoft.Extensions.Internal.ObjectMethodExecutor.Execute(Object target, Object[] parameters)\r\n   at Microsoft.AspNetCore.Mvc.Internal.ActionMethodExecutor.SyncObjectResultExecutor.Execute(IActionResultTypeMapper mapper, ObjectMethodExecutor executor, Object controller, Object[] arguments)\r\n   at Microsoft.AspNetCore.Mvc.Internal.ControllerActionInvoker.InvokeActionMethodAsync()\r\n   at Microsoft.AspNetCore.Mvc.Internal.ControllerActionInvoker.InvokeNextActionFilterAsync()\r\n   at Microsoft.AspNetCore.Mvc.Internal.ControllerActionInvoker.Rethrow(ActionExecutedContext context)\r\n   at Microsoft.AspNetCore.Mvc.Internal.ControllerActionInvoker.Next(State& next, Scope& scope, Object& state, Boolean& isCompleted)\r\n   at Microsoft.AspNetCore.Mvc.Internal.ControllerActionInvoker.InvokeInnerFilterAsync()\r\n   at Microsoft.AspNetCore.Mvc.Internal.ResourceInvoker.InvokeNextResourceFilter()\r\n   at Microsoft.AspNetCore.Mvc.Internal.ResourceInvoker.Rethrow(ResourceExecutedContext context)\r\n   at Microsoft.AspNetCore.Mvc.Internal.ResourceInvoker.Next(State& next, Scope& scope, Object& state, Boolean& isCompleted)\r\n   at Microsoft.AspNetCore.Mvc.Internal.ResourceInvoker.InvokeFilterPipelineAsync()\r\n   at Microsoft.AspNetCore.Mvc.Internal.ResourceInvoker.InvokeAsync()\r\n   at Microsoft.AspNetCore.Routing.EndpointMiddleware.Invoke(HttpContext httpContext)\r\n   at Microsoft.AspNetCore.Routing.EndpointRoutingMiddleware.Invoke(HttpContext httpContext)\r\n   at AASTHA2.Middleware.ExceptionWrapper.Invoke(HttpContext context) in D:\\Ginesh\\AASTHA2.0\\AASTHA2.0\\Middleware\\ExceptionMiddleware.cs:line 24"
}
2019-11-05 14:19:35.484 +05:30 [ERR] {
  "ErrorMessage": "Index was outside the bounds of the array.",
  "ErrorDescription": "   at AASTHA2.Common.Helpers.FilterByHelper.SearchCriteria(String Search, String& str, Object[]& param) in D:\\Ginesh\\AASTHA2.0\\Common\\Helpers\\FilterByHelper.cs:line 122\r\n   at AASTHA2._0.Controllers.PatientsController.GetPatients(String Search, String Fields, String Sort, Int32 Skip, Int32 Take) in D:\\Ginesh\\AASTHA2.0\\AASTHA2.0\\Controllers\\PatientsController.cs:line 34\r\n   at lambda_method(Closure , Object , Object[] )\r\n   at Microsoft.Extensions.Internal.ObjectMethodExecutor.Execute(Object target, Object[] parameters)\r\n   at Microsoft.AspNetCore.Mvc.Internal.ActionMethodExecutor.SyncObjectResultExecutor.Execute(IActionResultTypeMapper mapper, ObjectMethodExecutor executor, Object controller, Object[] arguments)\r\n   at Microsoft.AspNetCore.Mvc.Internal.ControllerActionInvoker.InvokeActionMethodAsync()\r\n   at Microsoft.AspNetCore.Mvc.Internal.ControllerActionInvoker.InvokeNextActionFilterAsync()\r\n   at Microsoft.AspNetCore.Mvc.Internal.ControllerActionInvoker.Rethrow(ActionExecutedContext context)\r\n   at Microsoft.AspNetCore.Mvc.Internal.ControllerActionInvoker.Next(State& next, Scope& scope, Object& state, Boolean& isCompleted)\r\n   at Microsoft.AspNetCore.Mvc.Internal.ControllerActionInvoker.InvokeInnerFilterAsync()\r\n   at Microsoft.AspNetCore.Mvc.Internal.ResourceInvoker.InvokeNextResourceFilter()\r\n   at Microsoft.AspNetCore.Mvc.Internal.ResourceInvoker.Rethrow(ResourceExecutedContext context)\r\n   at Microsoft.AspNetCore.Mvc.Internal.ResourceInvoker.Next(State& next, Scope& scope, Object& state, Boolean& isCompleted)\r\n   at Microsoft.AspNetCore.Mvc.Internal.ResourceInvoker.InvokeFilterPipelineAsync()\r\n   at Microsoft.AspNetCore.Mvc.Internal.ResourceInvoker.InvokeAsync()\r\n   at Microsoft.AspNetCore.Routing.EndpointMiddleware.Invoke(HttpContext httpContext)\r\n   at Microsoft.AspNetCore.Routing.EndpointRoutingMiddleware.Invoke(HttpContext httpContext)\r\n   at AASTHA2.Middleware.ExceptionWrapper.Invoke(HttpContext context) in D:\\Ginesh\\AASTHA2.0\\AASTHA2.0\\Middleware\\ExceptionMiddleware.cs:line 24"
}
2019-11-05 14:19:46.679 +05:30 [ERR] {
  "ErrorMessage": "Index was outside the bounds of the array.",
  "ErrorDescription": "   at AASTHA2.Common.Helpers.FilterByHelper.SearchCriteria(String Search, String& str, Object[]& param) in D:\\Ginesh\\AASTHA2.0\\Common\\Helpers\\FilterByHelper.cs:line 122\r\n   at AASTHA2._0.Controllers.PatientsController.GetPatients(String Search, String Fields, String Sort, Int32 Skip, Int32 Take) in D:\\Ginesh\\AASTHA2.0\\AASTHA2.0\\Controllers\\PatientsController.cs:line 34\r\n   at lambda_method(Closure , Object , Object[] )\r\n   at Microsoft.Extensions.Internal.ObjectMethodExecutor.Execute(Object target, Object[] parameters)\r\n   at Microsoft.AspNetCore.Mvc.Internal.ActionMethodExecutor.SyncObjectResultExecutor.Execute(IActionResultTypeMapper mapper, ObjectMethodExecutor executor, Object controller, Object[] arguments)\r\n   at Microsoft.AspNetCore.Mvc.Internal.ControllerActionInvoker.InvokeActionMethodAsync()\r\n   at Microsoft.AspNetCore.Mvc.Internal.ControllerActionInvoker.InvokeNextActionFilterAsync()\r\n   at Microsoft.AspNetCore.Mvc.Internal.ControllerActionInvoker.Rethrow(ActionExecutedContext context)\r\n   at Microsoft.AspNetCore.Mvc.Internal.ControllerActionInvoker.Next(State& next, Scope& scope, Object& state, Boolean& isCompleted)\r\n   at Microsoft.AspNetCore.Mvc.Internal.ControllerActionInvoker.InvokeInnerFilterAsync()\r\n   at Microsoft.AspNetCore.Mvc.Internal.ResourceInvoker.InvokeNextResourceFilter()\r\n   at Microsoft.AspNetCore.Mvc.Internal.ResourceInvoker.Rethrow(ResourceExecutedContext context)\r\n   at Microsoft.AspNetCore.Mvc.Internal.ResourceInvoker.Next(State& next, Scope& scope, Object& state, Boolean& isCompleted)\r\n   at Microsoft.AspNetCore.Mvc.Internal.ResourceInvoker.InvokeFilterPipelineAsync()\r\n   at Microsoft.AspNetCore.Mvc.Internal.ResourceInvoker.InvokeAsync()\r\n   at Microsoft.AspNetCore.Routing.EndpointMiddleware.Invoke(HttpContext httpContext)\r\n   at Microsoft.AspNetCore.Routing.EndpointRoutingMiddleware.Invoke(HttpContext httpContext)\r\n   at AASTHA2.Middleware.ExceptionWrapper.Invoke(HttpContext context) in D:\\Ginesh\\AASTHA2.0\\AASTHA2.0\\Middleware\\ExceptionMiddleware.cs:line 24"
}
2019-11-05 14:22:33.269 +05:30 [ERR] {
  "ErrorMessage": "No property or field '0Lastname' exists in type 'Patient'",
  "ErrorDescription": "   at System.Linq.Dynamic.Core.Parser.ExpressionParser.ParseMemberAccess(Type type, Expression instance) in /Parser/ExpressionParser.cs:line 1702\r\n   at System.Linq.Dynamic.Core.Parser.ExpressionParser.ParseIdentifier() in /Parser/ExpressionParser.cs:line 1061\r\n   at System.Linq.Dynamic.Core.Parser.ExpressionParser.ParsePrimary() in /Parser/ExpressionParser.cs:line 738\r\n   at System.Linq.Dynamic.Core.Parser.ExpressionParser.ParseUnary() in /Parser/ExpressionParser.cs:line 733\r\n   at System.Linq.Dynamic.Core.Parser.ExpressionParser.ParseMultiplicative() in /Parser/ExpressionParser.cs:line 679\r\n   at System.Linq.Dynamic.Core.Parser.ExpressionParser.ParseAdditive() in /Parser/ExpressionParser.cs:line 648\r\n   at System.Linq.Dynamic.Core.Parser.ExpressionParser.ParseShiftOperator() in /Parser/ExpressionParser.cs:line 624\r\n   at System.Linq.Dynamic.Core.Parser.ExpressionParser.ParseComparisonOperator() in /Parser/ExpressionParser.cs:line 443\r\n   at System.Linq.Dynamic.Core.Parser.ExpressionParser.ParseLogicalAndOrOperator() in /Parser/ExpressionParser.cs:line 378\r\n   at System.Linq.Dynamic.Core.Parser.ExpressionParser.ParseIn() in /Parser/ExpressionParser.cs:line 298\r\n   at System.Linq.Dynamic.Core.Parser.ExpressionParser.ParseAndOperator() in /Parser/ExpressionParser.cs:line 281\r\n   at System.Linq.Dynamic.Core.Parser.ExpressionParser.ParseOrOperator() in /Parser/ExpressionParser.cs:line 263\r\n   at System.Linq.Dynamic.Core.Parser.ExpressionParser.ParseLambdaOperator() in /Parser/ExpressionParser.cs:line 243\r\n   at System.Linq.Dynamic.Core.Parser.ExpressionParser.ParseNullCoalescingOperator() in /Parser/ExpressionParser.cs:line 230\r\n   at System.Linq.Dynamic.Core.Parser.ExpressionParser.ParseConditionalOperator() in /Parser/ExpressionParser.cs:line 213\r\n   at System.Linq.Dynamic.Core.Parser.ExpressionParser.Parse(Type resultType, Boolean createParameterCtor) in /Parser/ExpressionParser.cs:line 152\r\n   at System.Linq.Dynamic.Core.DynamicExpressionParser.ParseLambda(ParsingConfig parsingConfig, Boolean createParameterCtor, ParameterExpression[] parameters, Type resultType, String expression, Object[] values) in /DynamicExpressionParser.cs:line 67\r\n   at System.Linq.Dynamic.Core.DynamicQueryableExtensions.Where(IQueryable source, ParsingConfig config, String predicate, Object[] args) in /DynamicQueryableExtensions.cs:line 2199\r\n   at System.Linq.Dynamic.Core.DynamicQueryableExtensions.Where[TSource](IQueryable`1 source, ParsingConfig config, String predicate, Object[] args) in /DynamicQueryableExtensions.cs:line 2171\r\n   at System.Linq.Dynamic.Core.DynamicQueryableExtensions.Where[TSource](IQueryable`1 source, String predicate, Object[] args) in /DynamicQueryableExtensions.cs:line 2177\r\n   at AASTHA2.Repositories.RepositoryBase`1.Find(Expression`1 filter, String search, String order, Int32 skip, Int32 take) in D:\\Ginesh\\AASTHA2.0\\Repositories\\Repositories\\Repository.cs:line 29\r\n   at AASTHA2._0.Controllers.PatientsController.GetPatients(String Search, String Fields, String Sort, Int32 Skip, Int32 Take) in D:\\Ginesh\\AASTHA2.0\\AASTHA2.0\\Controllers\\PatientsController.cs:line 41\r\n   at lambda_method(Closure , Object , Object[] )\r\n   at Microsoft.Extensions.Internal.ObjectMethodExecutor.Execute(Object target, Object[] parameters)\r\n   at Microsoft.AspNetCore.Mvc.Internal.ActionMethodExecutor.SyncObjectResultExecutor.Execute(IActionResultTypeMapper mapper, ObjectMethodExecutor executor, Object controller, Object[] arguments)\r\n   at Microsoft.AspNetCore.Mvc.Internal.ControllerActionInvoker.InvokeActionMethodAsync()\r\n   at Microsoft.AspNetCore.Mvc.Internal.ControllerActionInvoker.InvokeNextActionFilterAsync()\r\n   at Microsoft.AspNetCore.Mvc.Internal.ControllerActionInvoker.Rethrow(ActionExecutedContext context)\r\n   at Microsoft.AspNetCore.Mvc.Internal.ControllerActionInvoker.Next(State& next, Scope& scope, Object& state, Boolean& isCompleted)\r\n   at Microsoft.AspNetCore.Mvc.Internal.ControllerActionInvoker.InvokeInnerFilterAsync()\r\n   at Microsoft.AspNetCore.Mvc.Internal.ResourceInvoker.InvokeNextResourceFilter()\r\n   at Microsoft.AspNetCore.Mvc.Internal.ResourceInvoker.Rethrow(ResourceExecutedContext context)\r\n   at Microsoft.AspNetCore.Mvc.Internal.ResourceInvoker.Next(State& next, Scope& scope, Object& state, Boolean& isCompleted)\r\n   at Microsoft.AspNetCore.Mvc.Internal.ResourceInvoker.InvokeFilterPipelineAsync()\r\n   at Microsoft.AspNetCore.Mvc.Internal.ResourceInvoker.InvokeAsync()\r\n   at Microsoft.AspNetCore.Routing.EndpointMiddleware.Invoke(HttpContext httpContext)\r\n   at Microsoft.AspNetCore.Routing.EndpointRoutingMiddleware.Invoke(HttpContext httpContext)\r\n   at AASTHA2.Middleware.ExceptionWrapper.Invoke(HttpContext context) in D:\\Ginesh\\AASTHA2.0\\AASTHA2.0\\Middleware\\ExceptionMiddleware.cs:line 24"
}
2019-11-05 14:23:18.480 +05:30 [ERR] {
  "ErrorMessage": "No property or field '0' exists in type 'Patient'",
  "ErrorDescription": "   at System.Linq.Dynamic.Core.Parser.ExpressionParser.ParseMemberAccess(Type type, Expression instance) in /Parser/ExpressionParser.cs:line 1702\r\n   at System.Linq.Dynamic.Core.Parser.ExpressionParser.ParseIdentifier() in /Parser/ExpressionParser.cs:line 1061\r\n   at System.Linq.Dynamic.Core.Parser.ExpressionParser.ParsePrimary() in /Parser/ExpressionParser.cs:line 738\r\n   at System.Linq.Dynamic.Core.Parser.ExpressionParser.ParseUnary() in /Parser/ExpressionParser.cs:line 733\r\n   at System.Linq.Dynamic.Core.Parser.ExpressionParser.ParseMultiplicative() in /Parser/ExpressionParser.cs:line 679\r\n   at System.Linq.Dynamic.Core.Parser.ExpressionParser.ParseAdditive() in /Parser/ExpressionParser.cs:line 648\r\n   at System.Linq.Dynamic.Core.Parser.ExpressionParser.ParseShiftOperator() in /Parser/ExpressionParser.cs:line 624\r\n   at System.Linq.Dynamic.Core.Parser.ExpressionParser.ParseComparisonOperator() in /Parser/ExpressionParser.cs:line 443\r\n   at System.Linq.Dynamic.Core.Parser.ExpressionParser.ParseLogicalAndOrOperator() in /Parser/ExpressionParser.cs:line 378\r\n   at System.Linq.Dynamic.Core.Parser.ExpressionParser.ParseIn() in /Parser/ExpressionParser.cs:line 298\r\n   at System.Linq.Dynamic.Core.Parser.ExpressionParser.ParseAndOperator() in /Parser/ExpressionParser.cs:line 281\r\n   at System.Linq.Dynamic.Core.Parser.ExpressionParser.ParseOrOperator() in /Parser/ExpressionParser.cs:line 263\r\n   at System.Linq.Dynamic.Core.Parser.ExpressionParser.ParseLambdaOperator() in /Parser/ExpressionParser.cs:line 243\r\n   at System.Linq.Dynamic.Core.Parser.ExpressionParser.ParseNullCoalescingOperator() in /Parser/ExpressionParser.cs:line 230\r\n   at System.Linq.Dynamic.Core.Parser.ExpressionParser.ParseConditionalOperator() in /Parser/ExpressionParser.cs:line 213\r\n   at System.Linq.Dynamic.Core.Parser.ExpressionParser.Parse(Type resultType, Boolean createParameterCtor) in /Parser/ExpressionParser.cs:line 152\r\n   at System.Linq.Dynamic.Core.DynamicExpressionParser.ParseLambda(ParsingConfig parsingConfig, Boolean createParameterCtor, ParameterExpression[] parameters, Type resultType, String expression, Object[] values) in /DynamicExpressionParser.cs:line 67\r\n   at System.Linq.Dynamic.Core.DynamicQueryableExtensions.Where(IQueryable source, ParsingConfig config, String predicate, Object[] args) in /DynamicQueryableExtensions.cs:line 2199\r\n   at System.Linq.Dynamic.Core.DynamicQueryableExtensions.Where[TSource](IQueryable`1 source, ParsingConfig config, String predicate, Object[] args) in /DynamicQueryableExtensions.cs:line 2171\r\n   at System.Linq.Dynamic.Core.DynamicQueryableExtensions.Where[TSource](IQueryable`1 source, String predicate, Object[] args) in /DynamicQueryableExtensions.cs:line 2177\r\n   at AASTHA2.Repositories.RepositoryBase`1.Find(Expression`1 filter, String search, String order, Int32 skip, Int32 take) in D:\\Ginesh\\AASTHA2.0\\Repositories\\Repositories\\Repository.cs:line 29\r\n   at AASTHA2._0.Controllers.PatientsController.GetPatients(String Search, String Fields, String Sort, Int32 Skip, Int32 Take) in D:\\Ginesh\\AASTHA2.0\\AASTHA2.0\\Controllers\\PatientsController.cs:line 41\r\n   at lambda_method(Closure , Object , Object[] )\r\n   at Microsoft.Extensions.Internal.ObjectMethodExecutor.Execute(Object target, Object[] parameters)\r\n   at Microsoft.AspNetCore.Mvc.Internal.ActionMethodExecutor.SyncObjectResultExecutor.Execute(IActionResultTypeMapper mapper, ObjectMethodExecutor executor, Object controller, Object[] arguments)\r\n   at Microsoft.AspNetCore.Mvc.Internal.ControllerActionInvoker.InvokeActionMethodAsync()\r\n   at Microsoft.AspNetCore.Mvc.Internal.ControllerActionInvoker.InvokeNextActionFilterAsync()\r\n   at Microsoft.AspNetCore.Mvc.Internal.ControllerActionInvoker.Rethrow(ActionExecutedContext context)\r\n   at Microsoft.AspNetCore.Mvc.Internal.ControllerActionInvoker.Next(State& next, Scope& scope, Object& state, Boolean& isCompleted)\r\n   at Microsoft.AspNetCore.Mvc.Internal.ControllerActionInvoker.InvokeInnerFilterAsync()\r\n   at Microsoft.AspNetCore.Mvc.Internal.ResourceInvoker.InvokeNextResourceFilter()\r\n   at Microsoft.AspNetCore.Mvc.Internal.ResourceInvoker.Rethrow(ResourceExecutedContext context)\r\n   at Microsoft.AspNetCore.Mvc.Internal.ResourceInvoker.Next(State& next, Scope& scope, Object& state, Boolean& isCompleted)\r\n   at Microsoft.AspNetCore.Mvc.Internal.ResourceInvoker.InvokeFilterPipelineAsync()\r\n   at Microsoft.AspNetCore.Mvc.Internal.ResourceInvoker.InvokeAsync()\r\n   at Microsoft.AspNetCore.Routing.EndpointMiddleware.Invoke(HttpContext httpContext)\r\n   at Microsoft.AspNetCore.Routing.EndpointRoutingMiddleware.Invoke(HttpContext httpContext)\r\n   at AASTHA2.Middleware.ExceptionWrapper.Invoke(HttpContext context) in D:\\Ginesh\\AASTHA2.0\\AASTHA2.0\\Middleware\\ExceptionMiddleware.cs:line 24"
}
2019-11-05 14:32:15.048 +05:30 [ERR] {
  "ErrorMessage": "No property or field '0Lastname' exists in type 'Patient'",
  "ErrorDescription": "   at System.Linq.Dynamic.Core.Parser.ExpressionParser.ParseMemberAccess(Type type, Expression instance) in /Parser/ExpressionParser.cs:line 1702\r\n   at System.Linq.Dynamic.Core.Parser.ExpressionParser.ParseIdentifier() in /Parser/ExpressionParser.cs:line 1061\r\n   at System.Linq.Dynamic.Core.Parser.ExpressionParser.ParsePrimary() in /Parser/ExpressionParser.cs:line 738\r\n   at System.Linq.Dynamic.Core.Parser.ExpressionParser.ParseUnary() in /Parser/ExpressionParser.cs:line 733\r\n   at System.Linq.Dynamic.Core.Parser.ExpressionParser.ParseMultiplicative() in /Parser/ExpressionParser.cs:line 679\r\n   at System.Linq.Dynamic.Core.Parser.ExpressionParser.ParseAdditive() in /Parser/ExpressionParser.cs:line 648\r\n   at System.Linq.Dynamic.Core.Parser.ExpressionParser.ParseShiftOperator() in /Parser/ExpressionParser.cs:line 624\r\n   at System.Linq.Dynamic.Core.Parser.ExpressionParser.ParseComparisonOperator() in /Parser/ExpressionParser.cs:line 443\r\n   at System.Linq.Dynamic.Core.Parser.ExpressionParser.ParseLogicalAndOrOperator() in /Parser/ExpressionParser.cs:line 378\r\n   at System.Linq.Dynamic.Core.Parser.ExpressionParser.ParseIn() in /Parser/ExpressionParser.cs:line 298\r\n   at System.Linq.Dynamic.Core.Parser.ExpressionParser.ParseAndOperator() in /Parser/ExpressionParser.cs:line 281\r\n   at System.Linq.Dynamic.Core.Parser.ExpressionParser.ParseOrOperator() in /Parser/ExpressionParser.cs:line 263\r\n   at System.Linq.Dynamic.Core.Parser.ExpressionParser.ParseLambdaOperator() in /Parser/ExpressionParser.cs:line 243\r\n   at System.Linq.Dynamic.Core.Parser.ExpressionParser.ParseNullCoalescingOperator() in /Parser/ExpressionParser.cs:line 230\r\n   at System.Linq.Dynamic.Core.Parser.ExpressionParser.ParseConditionalOperator() in /Parser/ExpressionParser.cs:line 213\r\n   at System.Linq.Dynamic.Core.Parser.ExpressionParser.Parse(Type resultType, Boolean createParameterCtor) in /Parser/ExpressionParser.cs:line 152\r\n   at System.Linq.Dynamic.Core.DynamicExpressionParser.ParseLambda(ParsingConfig parsingConfig, Boolean createParameterCtor, ParameterExpression[] parameters, Type resultType, String expression, Object[] values) in /DynamicExpressionParser.cs:line 67\r\n   at System.Linq.Dynamic.Core.DynamicQueryableExtensions.Where(IQueryable source, ParsingConfig config, String predicate, Object[] args) in /DynamicQueryableExtensions.cs:line 2199\r\n   at AASTHA2.Common.Helpers.DynamicLinqHelper.DynamicSearch(IQueryable source, String search, Object[] param) in D:\\Ginesh\\AASTHA2.0\\Common\\Helpers\\DynamicLinqHelper.cs:line 19\r\n   at AASTHA2._0.Controllers.PatientsController.GetPatients(String Search, String Fields, String Sort, Int32 Skip, Int32 Take) in D:\\Ginesh\\AASTHA2.0\\AASTHA2.0\\Controllers\\PatientsController.cs:line 44\r\n   at lambda_method(Closure , Object , Object[] )\r\n   at Microsoft.Extensions.Internal.ObjectMethodExecutor.Execute(Object target, Object[] parameters)\r\n   at Microsoft.AspNetCore.Mvc.Internal.ActionMethodExecutor.SyncObjectResultExecutor.Execute(IActionResultTypeMapper mapper, ObjectMethodExecutor executor, Object controller, Object[] arguments)\r\n   at Microsoft.AspNetCore.Mvc.Internal.ControllerActionInvoker.InvokeActionMethodAsync()\r\n   at Microsoft.AspNetCore.Mvc.Internal.ControllerActionInvoker.InvokeNextActionFilterAsync()\r\n   at Microsoft.AspNetCore.Mvc.Internal.ControllerActionInvoker.Rethrow(ActionExecutedContext context)\r\n   at Microsoft.AspNetCore.Mvc.Internal.ControllerActionInvoker.Next(State& next, Scope& scope, Object& state, Boolean& isCompleted)\r\n   at Microsoft.AspNetCore.Mvc.Internal.ControllerActionInvoker.InvokeInnerFilterAsync()\r\n   at Microsoft.AspNetCore.Mvc.Internal.ResourceInvoker.InvokeNextResourceFilter()\r\n   at Microsoft.AspNetCore.Mvc.Internal.ResourceInvoker.Rethrow(ResourceExecutedContext context)\r\n   at Microsoft.AspNetCore.Mvc.Internal.ResourceInvoker.Next(State& next, Scope& scope, Object& state, Boolean& isCompleted)\r\n   at Microsoft.AspNetCore.Mvc.Internal.ResourceInvoker.InvokeFilterPipelineAsync()\r\n   at Microsoft.AspNetCore.Mvc.Internal.ResourceInvoker.InvokeAsync()\r\n   at Microsoft.AspNetCore.Routing.EndpointMiddleware.Invoke(HttpContext httpContext)\r\n   at Microsoft.AspNetCore.Routing.EndpointRoutingMiddleware.Invoke(HttpContext httpContext)\r\n   at AASTHA2.Middleware.ExceptionWrapper.Invoke(HttpContext context) in D:\\Ginesh\\AASTHA2.0\\AASTHA2.0\\Middleware\\ExceptionMiddleware.cs:line 24"
}
2019-11-05 15:34:56.022 +05:30 [ERR] {
  "ErrorMessage": "Index was outside the bounds of the array.",
  "ErrorDescription": "   at AASTHA2.Common.Helpers.EnumHelper.GetDescription(Enum enumValue) in D:\\Ginesh\\AASTHA2.0\\Common\\Helpers\\EnumHelper.cs:line 32\r\n   at AASTHA2.Common.Helpers.FilterByHelper.SearchCriteria(String Search, String& query, Object[]& param) in D:\\Ginesh\\AASTHA2.0\\Common\\Helpers\\FilterByHelper.cs:line 126\r\n   at AASTHA2._0.Controllers.PatientsController.GetPatients(String Search, String Fields, String Sort, Int32 Skip, Int32 Take) in D:\\Ginesh\\AASTHA2.0\\AASTHA2.0\\Controllers\\PatientsController.cs:line 34\r\n   at lambda_method(Closure , Object , Object[] )\r\n   at Microsoft.Extensions.Internal.ObjectMethodExecutor.Execute(Object target, Object[] parameters)\r\n   at Microsoft.AspNetCore.Mvc.Internal.ActionMethodExecutor.SyncObjectResultExecutor.Execute(IActionResultTypeMapper mapper, ObjectMethodExecutor executor, Object controller, Object[] arguments)\r\n   at Microsoft.AspNetCore.Mvc.Internal.ControllerActionInvoker.InvokeActionMethodAsync()\r\n   at Microsoft.AspNetCore.Mvc.Internal.ControllerActionInvoker.InvokeNextActionFilterAsync()\r\n   at Microsoft.AspNetCore.Mvc.Internal.ControllerActionInvoker.Rethrow(ActionExecutedContext context)\r\n   at Microsoft.AspNetCore.Mvc.Internal.ControllerActionInvoker.Next(State& next, Scope& scope, Object& state, Boolean& isCompleted)\r\n   at Microsoft.AspNetCore.Mvc.Internal.ControllerActionInvoker.InvokeInnerFilterAsync()\r\n   at Microsoft.AspNetCore.Mvc.Internal.ResourceInvoker.InvokeNextResourceFilter()\r\n   at Microsoft.AspNetCore.Mvc.Internal.ResourceInvoker.Rethrow(ResourceExecutedContext context)\r\n   at Microsoft.AspNetCore.Mvc.Internal.ResourceInvoker.Next(State& next, Scope& scope, Object& state, Boolean& isCompleted)\r\n   at Microsoft.AspNetCore.Mvc.Internal.ResourceInvoker.InvokeFilterPipelineAsync()\r\n   at Microsoft.AspNetCore.Mvc.Internal.ResourceInvoker.InvokeAsync()\r\n   at Microsoft.AspNetCore.Routing.EndpointMiddleware.Invoke(HttpContext httpContext)\r\n   at Microsoft.AspNetCore.Routing.EndpointRoutingMiddleware.Invoke(HttpContext httpContext)\r\n   at AASTHA2.Middleware.ExceptionWrapper.Invoke(HttpContext context) in D:\\Ginesh\\AASTHA2.0\\AASTHA2.0\\Middleware\\ExceptionMiddleware.cs:line 24"
}
2019-11-05 15:37:07.320 +05:30 [ERR] {
  "ErrorMessage": "No property or field 'Ginesh' exists in type 'Patient'",
  "ErrorDescription": "   at System.Linq.Dynamic.Core.Parser.ExpressionParser.ParseMemberAccess(Type type, Expression instance) in /Parser/ExpressionParser.cs:line 1702\r\n   at System.Linq.Dynamic.Core.Parser.ExpressionParser.ParseIdentifier() in /Parser/ExpressionParser.cs:line 1061\r\n   at System.Linq.Dynamic.Core.Parser.ExpressionParser.ParsePrimary() in /Parser/ExpressionParser.cs:line 738\r\n   at System.Linq.Dynamic.Core.Parser.ExpressionParser.ParseUnary() in /Parser/ExpressionParser.cs:line 733\r\n   at System.Linq.Dynamic.Core.Parser.ExpressionParser.ParseMultiplicative() in /Parser/ExpressionParser.cs:line 679\r\n   at System.Linq.Dynamic.Core.Parser.ExpressionParser.ParseAdditive() in /Parser/ExpressionParser.cs:line 648\r\n   at System.Linq.Dynamic.Core.Parser.ExpressionParser.ParseShiftOperator() in /Parser/ExpressionParser.cs:line 624\r\n   at System.Linq.Dynamic.Core.Parser.ExpressionParser.ParseComparisonOperator() in /Parser/ExpressionParser.cs:line 443\r\n   at System.Linq.Dynamic.Core.Parser.ExpressionParser.ParseLogicalAndOrOperator() in /Parser/ExpressionParser.cs:line 378\r\n   at System.Linq.Dynamic.Core.Parser.ExpressionParser.ParseIn() in /Parser/ExpressionParser.cs:line 298\r\n   at System.Linq.Dynamic.Core.Parser.ExpressionParser.ParseAndOperator() in /Parser/ExpressionParser.cs:line 281\r\n   at System.Linq.Dynamic.Core.Parser.ExpressionParser.ParseOrOperator() in /Parser/ExpressionParser.cs:line 263\r\n   at System.Linq.Dynamic.Core.Parser.ExpressionParser.ParseLambdaOperator() in /Parser/ExpressionParser.cs:line 243\r\n   at System.Linq.Dynamic.Core.Parser.ExpressionParser.ParseNullCoalescingOperator() in /Parser/ExpressionParser.cs:line 230\r\n   at System.Linq.Dynamic.Core.Parser.ExpressionParser.ParseConditionalOperator() in /Parser/ExpressionParser.cs:line 213\r\n   at System.Linq.Dynamic.Core.Parser.ExpressionParser.Parse(Type resultType, Boolean createParameterCtor) in /Parser/ExpressionParser.cs:line 152\r\n   at System.Linq.Dynamic.Core.DynamicExpressionParser.ParseLambda(ParsingConfig parsingConfig, Boolean createParameterCtor, ParameterExpression[] parameters, Type resultType, String expression, Object[] values) in /DynamicExpressionParser.cs:line 67\r\n   at System.Linq.Dynamic.Core.DynamicQueryableExtensions.Where(IQueryable source, ParsingConfig config, String predicate, Object[] args) in /DynamicQueryableExtensions.cs:line 2199\r\n   at AASTHA2.Common.Helpers.DynamicLinqHelper.DynamicSearch(IQueryable source, String search, Object[] param) in D:\\Ginesh\\AASTHA2.0\\Common\\Helpers\\DynamicLinqHelper.cs:line 19\r\n   at AASTHA2._0.Controllers.PatientsController.GetPatients(String Search, String Fields, String Sort, Int32 Skip, Int32 Take) in D:\\Ginesh\\AASTHA2.0\\AASTHA2.0\\Controllers\\PatientsController.cs:line 44\r\n   at lambda_method(Closure , Object , Object[] )\r\n   at Microsoft.Extensions.Internal.ObjectMethodExecutor.Execute(Object target, Object[] parameters)\r\n   at Microsoft.AspNetCore.Mvc.Internal.ActionMethodExecutor.SyncObjectResultExecutor.Execute(IActionResultTypeMapper mapper, ObjectMethodExecutor executor, Object controller, Object[] arguments)\r\n   at Microsoft.AspNetCore.Mvc.Internal.ControllerActionInvoker.InvokeActionMethodAsync()\r\n   at Microsoft.AspNetCore.Mvc.Internal.ControllerActionInvoker.InvokeNextActionFilterAsync()\r\n   at Microsoft.AspNetCore.Mvc.Internal.ControllerActionInvoker.Rethrow(ActionExecutedContext context)\r\n   at Microsoft.AspNetCore.Mvc.Internal.ControllerActionInvoker.Next(State& next, Scope& scope, Object& state, Boolean& isCompleted)\r\n   at Microsoft.AspNetCore.Mvc.Internal.ControllerActionInvoker.InvokeInnerFilterAsync()\r\n   at Microsoft.AspNetCore.Mvc.Internal.ResourceInvoker.InvokeNextResourceFilter()\r\n   at Microsoft.AspNetCore.Mvc.Internal.ResourceInvoker.Rethrow(ResourceExecutedContext context)\r\n   at Microsoft.AspNetCore.Mvc.Internal.ResourceInvoker.Next(State& next, Scope& scope, Object& state, Boolean& isCompleted)\r\n   at Microsoft.AspNetCore.Mvc.Internal.ResourceInvoker.InvokeFilterPipelineAsync()\r\n   at Microsoft.AspNetCore.Mvc.Internal.ResourceInvoker.InvokeAsync()\r\n   at Microsoft.AspNetCore.Routing.EndpointMiddleware.Invoke(HttpContext httpContext)\r\n   at Microsoft.AspNetCore.Routing.EndpointRoutingMiddleware.Invoke(HttpContext httpContext)\r\n   at AASTHA2.Middleware.ExceptionWrapper.Invoke(HttpContext context) in D:\\Ginesh\\AASTHA2.0\\AASTHA2.0\\Middleware\\ExceptionMiddleware.cs:line 24"
}
2019-11-05 15:49:29.021 +05:30 [ERR] {
  "ErrorMessage": "Expression expected",
  "ErrorDescription": "   at System.Linq.Dynamic.Core.Parser.ExpressionParser.ParsePrimaryStart() in /Parser/ExpressionParser.cs:line 771\r\n   at System.Linq.Dynamic.Core.Parser.ExpressionParser.ParsePrimary() in /Parser/ExpressionParser.cs:line 738\r\n   at System.Linq.Dynamic.Core.Parser.ExpressionParser.ParseUnary() in /Parser/ExpressionParser.cs:line 733\r\n   at System.Linq.Dynamic.Core.Parser.ExpressionParser.ParseMultiplicative() in /Parser/ExpressionParser.cs:line 679\r\n   at System.Linq.Dynamic.Core.Parser.ExpressionParser.ParseAdditive() in /Parser/ExpressionParser.cs:line 648\r\n   at System.Linq.Dynamic.Core.Parser.ExpressionParser.ParseShiftOperator() in /Parser/ExpressionParser.cs:line 624\r\n   at System.Linq.Dynamic.Core.Parser.ExpressionParser.ParseComparisonOperator() in /Parser/ExpressionParser.cs:line 443\r\n   at System.Linq.Dynamic.Core.Parser.ExpressionParser.ParseLogicalAndOrOperator() in /Parser/ExpressionParser.cs:line 378\r\n   at System.Linq.Dynamic.Core.Parser.ExpressionParser.ParseIn() in /Parser/ExpressionParser.cs:line 298\r\n   at System.Linq.Dynamic.Core.Parser.ExpressionParser.ParseAndOperator() in /Parser/ExpressionParser.cs:line 281\r\n   at System.Linq.Dynamic.Core.Parser.ExpressionParser.ParseOrOperator() in /Parser/ExpressionParser.cs:line 263\r\n   at System.Linq.Dynamic.Core.Parser.ExpressionParser.ParseLambdaOperator() in /Parser/ExpressionParser.cs:line 243\r\n   at System.Linq.Dynamic.Core.Parser.ExpressionParser.ParseNullCoalescingOperator() in /Parser/ExpressionParser.cs:line 230\r\n   at System.Linq.Dynamic.Core.Parser.ExpressionParser.ParseConditionalOperator() in /Parser/ExpressionParser.cs:line 213\r\n   at System.Linq.Dynamic.Core.Parser.ExpressionParser.Parse(Type resultType, Boolean createParameterCtor) in /Parser/ExpressionParser.cs:line 152\r\n   at System.Linq.Dynamic.Core.DynamicExpressionParser.ParseLambda(ParsingConfig parsingConfig, Boolean createParameterCtor, ParameterExpression[] parameters, Type resultType, String expression, Object[] values) in /DynamicExpressionParser.cs:line 67\r\n   at System.Linq.Dynamic.Core.DynamicQueryableExtensions.Where(IQueryable source, ParsingConfig config, String predicate, Object[] args) in /DynamicQueryableExtensions.cs:line 2199\r\n   at AASTHA2.Common.Helpers.DynamicLinqHelper.DynamicSearch(IQueryable source, String search, Object[] param) in D:\\Ginesh\\AASTHA2.0\\Common\\Helpers\\DynamicLinqHelper.cs:line 19\r\n   at AASTHA2._0.Controllers.PatientsController.GetPatients(String Search, String Fields, String Sort, Int32 Skip, Int32 Take) in D:\\Ginesh\\AASTHA2.0\\AASTHA2.0\\Controllers\\PatientsController.cs:line 48\r\n   at lambda_method(Closure , Object , Object[] )\r\n   at Microsoft.Extensions.Internal.ObjectMethodExecutor.Execute(Object target, Object[] parameters)\r\n   at Microsoft.AspNetCore.Mvc.Internal.ActionMethodExecutor.SyncObjectResultExecutor.Execute(IActionResultTypeMapper mapper, ObjectMethodExecutor executor, Object controller, Object[] arguments)\r\n   at Microsoft.AspNetCore.Mvc.Internal.ControllerActionInvoker.InvokeActionMethodAsync()\r\n   at Microsoft.AspNetCore.Mvc.Internal.ControllerActionInvoker.InvokeNextActionFilterAsync()\r\n   at Microsoft.AspNetCore.Mvc.Internal.ControllerActionInvoker.Rethrow(ActionExecutedContext context)\r\n   at Microsoft.AspNetCore.Mvc.Internal.ControllerActionInvoker.Next(State& next, Scope& scope, Object& state, Boolean& isCompleted)\r\n   at Microsoft.AspNetCore.Mvc.Internal.ControllerActionInvoker.InvokeInnerFilterAsync()\r\n   at Microsoft.AspNetCore.Mvc.Internal.ResourceInvoker.InvokeNextResourceFilter()\r\n   at Microsoft.AspNetCore.Mvc.Internal.ResourceInvoker.Rethrow(ResourceExecutedContext context)\r\n   at Microsoft.AspNetCore.Mvc.Internal.ResourceInvoker.Next(State& next, Scope& scope, Object& state, Boolean& isCompleted)\r\n   at Microsoft.AspNetCore.Mvc.Internal.ResourceInvoker.InvokeFilterPipelineAsync()\r\n   at Microsoft.AspNetCore.Mvc.Internal.ResourceInvoker.InvokeAsync()\r\n   at Microsoft.AspNetCore.Routing.EndpointMiddleware.Invoke(HttpContext httpContext)\r\n   at Microsoft.AspNetCore.Routing.EndpointRoutingMiddleware.Invoke(HttpContext httpContext)\r\n   at AASTHA2.Middleware.ExceptionWrapper.Invoke(HttpContext context) in D:\\Ginesh\\AASTHA2.0\\AASTHA2.0\\Middleware\\ExceptionMiddleware.cs:line 24"
}
2019-11-05 15:52:07.291 +05:30 [ERR] {
  "ErrorMessage": "Expression expected",
  "ErrorDescription": "   at System.Linq.Dynamic.Core.Parser.ExpressionParser.ParsePrimaryStart() in /Parser/ExpressionParser.cs:line 771\r\n   at System.Linq.Dynamic.Core.Parser.ExpressionParser.ParsePrimary() in /Parser/ExpressionParser.cs:line 738\r\n   at System.Linq.Dynamic.Core.Parser.ExpressionParser.ParseUnary() in /Parser/ExpressionParser.cs:line 733\r\n   at System.Linq.Dynamic.Core.Parser.ExpressionParser.ParseMultiplicative() in /Parser/ExpressionParser.cs:line 679\r\n   at System.Linq.Dynamic.Core.Parser.ExpressionParser.ParseAdditive() in /Parser/ExpressionParser.cs:line 648\r\n   at System.Linq.Dynamic.Core.Parser.ExpressionParser.ParseShiftOperator() in /Parser/ExpressionParser.cs:line 624\r\n   at System.Linq.Dynamic.Core.Parser.ExpressionParser.ParseComparisonOperator() in /Parser/ExpressionParser.cs:line 443\r\n   at System.Linq.Dynamic.Core.Parser.ExpressionParser.ParseLogicalAndOrOperator() in /Parser/ExpressionParser.cs:line 378\r\n   at System.Linq.Dynamic.Core.Parser.ExpressionParser.ParseIn() in /Parser/ExpressionParser.cs:line 298\r\n   at System.Linq.Dynamic.Core.Parser.ExpressionParser.ParseAndOperator() in /Parser/ExpressionParser.cs:line 281\r\n   at System.Linq.Dynamic.Core.Parser.ExpressionParser.ParseOrOperator() in /Parser/ExpressionParser.cs:line 263\r\n   at System.Linq.Dynamic.Core.Parser.ExpressionParser.ParseLambdaOperator() in /Parser/ExpressionParser.cs:line 243\r\n   at System.Linq.Dynamic.Core.Parser.ExpressionParser.ParseNullCoalescingOperator() in /Parser/ExpressionParser.cs:line 230\r\n   at System.Linq.Dynamic.Core.Parser.ExpressionParser.ParseConditionalOperator() in /Parser/ExpressionParser.cs:line 213\r\n   at System.Linq.Dynamic.Core.Parser.ExpressionParser.Parse(Type resultType, Boolean createParameterCtor) in /Parser/ExpressionParser.cs:line 152\r\n   at System.Linq.Dynamic.Core.DynamicExpressionParser.ParseLambda(ParsingConfig parsingConfig, Boolean createParameterCtor, ParameterExpression[] parameters, Type resultType, String expression, Object[] values) in /DynamicExpressionParser.cs:line 67\r\n   at System.Linq.Dynamic.Core.DynamicQueryableExtensions.Where(IQueryable source, ParsingConfig config, String predicate, Object[] args) in /DynamicQueryableExtensions.cs:line 2199\r\n   at AASTHA2.Common.Helpers.DynamicLinqHelper.DynamicSearch(IQueryable source, String search, Object[] param) in D:\\Ginesh\\AASTHA2.0\\Common\\Helpers\\DynamicLinqHelper.cs:line 19\r\n   at AASTHA2._0.Controllers.PatientsController.GetPatients(String Search, String Fields, String Sort, Int32 Skip, Int32 Take) in D:\\Ginesh\\AASTHA2.0\\AASTHA2.0\\Controllers\\PatientsController.cs:line 51\r\n   at lambda_method(Closure , Object , Object[] )\r\n   at Microsoft.Extensions.Internal.ObjectMethodExecutor.Execute(Object target, Object[] parameters)\r\n   at Microsoft.AspNetCore.Mvc.Internal.ActionMethodExecutor.SyncObjectResultExecutor.Execute(IActionResultTypeMapper mapper, ObjectMethodExecutor executor, Object controller, Object[] arguments)\r\n   at Microsoft.AspNetCore.Mvc.Internal.ControllerActionInvoker.InvokeActionMethodAsync()\r\n   at Microsoft.AspNetCore.Mvc.Internal.ControllerActionInvoker.InvokeNextActionFilterAsync()\r\n   at Microsoft.AspNetCore.Mvc.Internal.ControllerActionInvoker.Rethrow(ActionExecutedContext context)\r\n   at Microsoft.AspNetCore.Mvc.Internal.ControllerActionInvoker.Next(State& next, Scope& scope, Object& state, Boolean& isCompleted)\r\n   at Microsoft.AspNetCore.Mvc.Internal.ControllerActionInvoker.InvokeInnerFilterAsync()\r\n   at Microsoft.AspNetCore.Mvc.Internal.ResourceInvoker.InvokeNextResourceFilter()\r\n   at Microsoft.AspNetCore.Mvc.Internal.ResourceInvoker.Rethrow(ResourceExecutedContext context)\r\n   at Microsoft.AspNetCore.Mvc.Internal.ResourceInvoker.Next(State& next, Scope& scope, Object& state, Boolean& isCompleted)\r\n   at Microsoft.AspNetCore.Mvc.Internal.ResourceInvoker.InvokeFilterPipelineAsync()\r\n   at Microsoft.AspNetCore.Mvc.Internal.ResourceInvoker.InvokeAsync()\r\n   at Microsoft.AspNetCore.Routing.EndpointMiddleware.Invoke(HttpContext httpContext)\r\n   at Microsoft.AspNetCore.Routing.EndpointRoutingMiddleware.Invoke(HttpContext httpContext)\r\n   at AASTHA2.Middleware.ExceptionWrapper.Invoke(HttpContext context) in D:\\Ginesh\\AASTHA2.0\\AASTHA2.0\\Middleware\\ExceptionMiddleware.cs:line 24"
}
