D:\Ginesh\AASTHA2.0\AASTHA2.0\AASTHAClient\dist\out-tsc\src\app\app.component.js
D:\Ginesh\AASTHA2.0\AASTHA2.0\AASTHAClient\dist\out-tsc\src\app\app.component.js.map
D:\Ginesh\AASTHA2.0\AASTHA2.0\AASTHAClient\dist\out-tsc\src\app\user\user.component.js
D:\Ginesh\AASTHA2.0\AASTHA2.0\AASTHAClient\dist\out-tsc\src\app\user\user.component.js.map
D:\Ginesh\AASTHA2.0\AASTHA2.0\AASTHAClient\dist\out-tsc\src\app\user-list\user-list.component.js
D:\Ginesh\AASTHA2.0\AASTHA2.0\AASTHAClient\dist\out-tsc\src\app\user-list\user-list.component.js.map
D:\Ginesh\AASTHA2.0\AASTHA2.0\AASTHAClient\dist\out-tsc\src\app\app.module.js
D:\Ginesh\AASTHA2.0\AASTHA2.0\AASTHAClient\dist\out-tsc\src\app\app.module.js.map
D:\Ginesh\AASTHA2.0\AASTHA2.0\AASTHAClient\dist\out-tsc\src\environments\environment.js
D:\Ginesh\AASTHA2.0\AASTHA2.0\AASTHAClient\dist\out-tsc\src\environments\environment.js.map
D:\Ginesh\AASTHA2.0\AASTHA2.0\AASTHAClient\dist\out-tsc\src\main.js
D:\Ginesh\AASTHA2.0\AASTHA2.0\AASTHAClient\dist\out-tsc\src\main.js.map
D:\Ginesh\AASTHA2.0\AASTHA2.0\AASTHAClient\dist\out-tsc\src\polyfills.js
D:\Ginesh\AASTHA2.0\AASTHA2.0\AASTHAClient\dist\out-tsc\src\polyfills.js.map
D:\Ginesh\AASTHA2.0\AASTHA2.0\AASTHAClient\dist\out-tsc\src\test.js
D:\Ginesh\AASTHA2.0\AASTHA2.0\AASTHAClient\dist\out-tsc\src\test.js.map
D:\Ginesh\AASTHA2.0\AASTHA2.0\AASTHAClient\dist\out-tsc\e2e\src\app.po.js
D:\Ginesh\AASTHA2.0\AASTHA2.0\AASTHAClient\dist\out-tsc\e2e\src\app.po.js.map
D:\Ginesh\AASTHA2.0\AASTHA2.0\AASTHAClient\dist\out-tsc\e2e\src\app.e2e-spec.js
D:\Ginesh\AASTHA2.0\AASTHA2.0\AASTHAClient\dist\out-tsc\e2e\src\app.e2e-spec.js.map
D:\Ginesh\AASTHA2.0\AASTHA2.0\AASTHAClient\dist\out-tsc\src\app\app.component.spec.js
D:\Ginesh\AASTHA2.0\AASTHA2.0\AASTHAClient\dist\out-tsc\src\app\app.component.spec.js.map
D:\Ginesh\AASTHA2.0\AASTHA2.0\AASTHAClient\dist\out-tsc\src\environments\environment.prod.js
D:\Ginesh\AASTHA2.0\AASTHA2.0\AASTHAClient\dist\out-tsc\src\environments\environment.prod.js.map
D:\Ginesh\AASTHA2.0\AASTHA2.0\AASTHAClient\dist\out-tsc\src\app\shared\users.model.js
D:\Ginesh\AASTHA2.0\AASTHA2.0\AASTHAClient\dist\out-tsc\src\app\shared\users.model.js.map
D:\Ginesh\AASTHA2.0\AASTHA2.0\AASTHAClient\dist\out-tsc\src\app\shared\users.service.js
D:\Ginesh\AASTHA2.0\AASTHA2.0\AASTHAClient\dist\out-tsc\src\app\shared\users.service.js.map
