2019-11-06 09:50:30.514 +05:30 [WRN] {
  "Age": [
    "The Age field is required."
  ],
  "Address": [
    "The Address field is required."
  ],
  "Lastname": [
    "The Lastname field is required."
  ]
}
2019-11-06 09:53:53.478 +05:30 [WRN] Navigations 'User.CreaterInfo' and 'User.ModifierInfo' were separated into two relationships as ForeignKeyAttribute was specified on navigations on both sides.
2019-11-06 09:57:50.600 +05:30 [WRN] Navigations 'User.CreaterInfo' and 'User.ModifierInfo' were separated into two relationships as ForeignKeyAttribute was specified on navigations on both sides.
2019-11-06 10:02:40.775 +05:30 [WRN] Navigations 'User.CreaterInfo' and 'User.ModifierInfo' were separated into two relationships as ForeignKeyAttribute was specified on navigations on both sides.
2019-11-06 10:09:15.797 +05:30 [WRN] Navigations 'User.CreaterInfo' and 'User.ModifierInfo' were separated into two relationships as ForeignKeyAttribute was specified on navigations on both sides.
2019-11-06 10:22:47.817 +05:30 [WRN] Navigations 'User.CreaterInfo' and 'User.ModifierInfo' were separated into two relationships as ForeignKeyAttribute was specified on navigations on both sides.
2019-11-06 10:23:35.552 +05:30 [WRN] Navigations 'User.CreaterInfo' and 'User.ModifierInfo' were separated into two relationships as ForeignKeyAttribute was specified on navigations on both sides.
2019-11-06 10:35:21.852 +05:30 [WRN] {
  "CreaterInfo.Password": [
    "The Password field is required."
  ],
  "CreaterInfo.Username": [
    "The Username field is required."
  ],
  "ModifierInfo.Password": [
    "The Password field is required."
  ],
  "ModifierInfo.Username": [
    "The Username field is required."
  ]
}
2019-11-06 10:36:14.602 +05:30 [WRN] Navigations 'User.CreaterInfo' and 'User.ModifierInfo' were separated into two relationships as ForeignKeyAttribute was specified on navigations on both sides.
2019-11-06 10:38:38.452 +05:30 [WRN] {
  "Age": [
    "The Age field is required."
  ],
  "Address": [
    "The Address field is required."
  ],
  "Lastname": [
    "The Lastname field is required."
  ],
  "Middlename": [
    "The Middlename field is required."
  ]
}
2019-11-06 10:43:35.558 +05:30 [WRN] Navigations 'User.CreaterInfo' and 'User.ModifierInfo' were separated into two relationships as ForeignKeyAttribute was specified on navigations on both sides.
2019-11-06 10:45:16.940 +05:30 [WRN] Navigations 'User.CreaterInfo' and 'User.ModifierInfo' were separated into two relationships as ForeignKeyAttribute was specified on navigations on both sides.
2019-11-06 10:56:45.447 +05:30 [WRN] Navigations 'User.CreaterInfo' and 'User.ModifierInfo' were separated into two relationships as ForeignKeyAttribute was specified on navigations on both sides.
2019-11-06 11:01:33.512 +05:30 [WRN] Navigations 'User.CreaterInfo' and 'User.ModifierInfo' were separated into two relationships as ForeignKeyAttribute was specified on navigations on both sides.
2019-11-06 11:09:38.066 +05:30 [WRN] Navigations 'User.CreaterInfo' and 'User.ModifierInfo' were separated into two relationships as ForeignKeyAttribute was specified on navigations on both sides.
2019-11-06 11:18:02.020 +05:30 [WRN] Navigations 'User.CreaterInfo' and 'User.ModifierInfo' were separated into two relationships as ForeignKeyAttribute was specified on navigations on both sides.
2019-11-06 11:27:10.797 +05:30 [WRN] Navigations 'User.CreaterInfo' and 'User.ModifierInfo' were separated into two relationships as ForeignKeyAttribute was specified on navigations on both sides.
2019-11-06 11:27:46.077 +05:30 [WRN] Navigations 'User.CreaterInfo' and 'User.ModifierInfo' were separated into two relationships as ForeignKeyAttribute was specified on navigations on both sides.
2019-11-06 11:31:24.159 +05:30 [WRN] Navigations 'User.CreaterInfo' and 'User.ModifierInfo' were separated into two relationships as ForeignKeyAttribute was specified on navigations on both sides.
2019-11-06 11:32:46.962 +05:30 [WRN] Navigations 'User.CreaterInfo' and 'User.ModifierInfo' were separated into two relationships as ForeignKeyAttribute was specified on navigations on both sides.
2019-11-06 11:46:39.433 +05:30 [WRN] Navigations 'User.CreaterInfo' and 'User.ModifierInfo' were separated into two relationships as ForeignKeyAttribute was specified on navigations on both sides.
2019-11-06 11:50:34.404 +05:30 [WRN] Navigations 'User.CreaterInfo' and 'User.ModifierInfo' were separated into two relationships as ForeignKeyAttribute was specified on navigations on both sides.
2019-11-06 11:51:27.997 +05:30 [WRN] Navigations 'User.CreaterInfo' and 'User.ModifierInfo' were separated into two relationships as ForeignKeyAttribute was specified on navigations on both sides.
2019-11-06 11:54:13.572 +05:30 [WRN] Navigations 'User.CreaterInfo' and 'User.ModifierInfo' were separated into two relationships as ForeignKeyAttribute was specified on navigations on both sides.
2019-11-06 11:55:37.390 +05:30 [WRN] Navigations 'User.CreaterInfo' and 'User.ModifierInfo' were separated into two relationships as ForeignKeyAttribute was specified on navigations on both sides.
2019-11-06 11:56:33.847 +05:30 [WRN] Navigations 'User.CreaterInfo' and 'User.ModifierInfo' were separated into two relationships as ForeignKeyAttribute was specified on navigations on both sides.
2019-11-06 11:58:40.576 +05:30 [WRN] Navigations 'User.CreaterInfo' and 'User.ModifierInfo' were separated into two relationships as ForeignKeyAttribute was specified on navigations on both sides.
2019-11-06 12:23:02.990 +05:30 [WRN] Navigations 'User.CreaterInfo' and 'User.ModifierInfo' were separated into two relationships as ForeignKeyAttribute was specified on navigations on both sides.
2019-11-06 13:26:50.469 +05:30 [WRN] Navigations 'User.CreaterInfo' and 'User.ModifierInfo' were separated into two relationships as ForeignKeyAttribute was specified on navigations on both sides.
2019-11-06 13:28:01.267 +05:30 [WRN] Navigations 'User.CreaterInfo' and 'User.ModifierInfo' were separated into two relationships as ForeignKeyAttribute was specified on navigations on both sides.
2019-11-06 15:03:03.571 +05:30 [WRN] Navigations 'User.CreaterInfo' and 'User.ModifierInfo' were separated into two relationships as ForeignKeyAttribute was specified on navigations on both sides.
2019-11-06 15:04:31.343 +05:30 [WRN] Navigations 'User.CreaterInfo' and 'User.ModifierInfo' were separated into two relationships as ForeignKeyAttribute was specified on navigations on both sides.
2019-11-06 15:07:38.868 +05:30 [WRN] Navigations 'User.CreaterInfo' and 'User.ModifierInfo' were separated into two relationships as ForeignKeyAttribute was specified on navigations on both sides.
2019-11-06 15:08:45.461 +05:30 [WRN] Navigations 'User.CreaterInfo' and 'User.ModifierInfo' were separated into two relationships as ForeignKeyAttribute was specified on navigations on both sides.
2019-11-06 15:09:45.850 +05:30 [WRN] Navigations 'User.CreaterInfo' and 'User.ModifierInfo' were separated into two relationships as ForeignKeyAttribute was specified on navigations on both sides.
2019-11-06 15:14:00.958 +05:30 [WRN] Navigations 'User.CreaterInfo' and 'User.ModifierInfo' were separated into two relationships as ForeignKeyAttribute was specified on navigations on both sides.
2019-11-06 15:14:48.175 +05:30 [WRN] Navigations 'User.CreaterInfo' and 'User.ModifierInfo' were separated into two relationships as ForeignKeyAttribute was specified on navigations on both sides.
2019-11-06 15:25:19.528 +05:30 [WRN] Navigations 'User.CreaterInfo' and 'User.ModifierInfo' were separated into two relationships as ForeignKeyAttribute was specified on navigations on both sides.
2019-11-06 15:26:41.528 +05:30 [WRN] Navigations 'User.CreaterInfo' and 'User.ModifierInfo' were separated into two relationships as ForeignKeyAttribute was specified on navigations on both sides.
2019-11-06 15:27:49.574 +05:30 [WRN] Navigations 'User.CreaterInfo' and 'User.ModifierInfo' were separated into two relationships as ForeignKeyAttribute was specified on navigations on both sides.
2019-11-06 15:32:44.820 +05:30 [WRN] Navigations 'User.CreaterInfo' and 'User.ModifierInfo' were separated into two relationships as ForeignKeyAttribute was specified on navigations on both sides.
2019-11-06 15:49:49.389 +05:30 [WRN] Navigations 'User.CreaterInfo' and 'User.ModifierInfo' were separated into two relationships as ForeignKeyAttribute was specified on navigations on both sides.
2019-11-06 15:50:58.374 +05:30 [WRN] Navigations 'User.CreaterInfo' and 'User.ModifierInfo' were separated into two relationships as ForeignKeyAttribute was specified on navigations on both sides.
2019-11-06 15:52:11.888 +05:30 [WRN] Navigations 'User.CreaterInfo' and 'User.ModifierInfo' were separated into two relationships as ForeignKeyAttribute was specified on navigations on both sides.
2019-11-06 15:53:03.805 +05:30 [WRN] Navigations 'User.CreaterInfo' and 'User.ModifierInfo' were separated into two relationships as ForeignKeyAttribute was specified on navigations on both sides.
2019-11-06 15:54:11.358 +05:30 [WRN] Navigations 'User.CreaterInfo' and 'User.ModifierInfo' were separated into two relationships as ForeignKeyAttribute was specified on navigations on both sides.
2019-11-06 16:04:10.239 +05:30 [WRN] Navigations 'User.CreaterInfo' and 'User.ModifierInfo' were separated into two relationships as ForeignKeyAttribute was specified on navigations on both sides.
2019-11-06 16:09:55.556 +05:30 [WRN] Navigations 'User.CreaterInfo' and 'User.ModifierInfo' were separated into two relationships as ForeignKeyAttribute was specified on navigations on both sides.
2019-11-06 16:10:56.118 +05:30 [WRN] Navigations 'User.CreaterInfo' and 'User.ModifierInfo' were separated into two relationships as ForeignKeyAttribute was specified on navigations on both sides.
2019-11-06 16:50:42.719 +05:30 [WRN] Navigations 'User.CreaterInfo' and 'User.ModifierInfo' were separated into two relationships as ForeignKeyAttribute was specified on navigations on both sides.
2019-11-06 16:51:56.124 +05:30 [WRN] Navigations 'User.CreaterInfo' and 'User.ModifierInfo' were separated into two relationships as ForeignKeyAttribute was specified on navigations on both sides.
2019-11-06 16:54:44.896 +05:30 [WRN] Navigations 'User.CreaterInfo' and 'User.ModifierInfo' were separated into two relationships as ForeignKeyAttribute was specified on navigations on both sides.
2019-11-06 16:56:19.415 +05:30 [WRN] Navigations 'User.CreaterInfo' and 'User.ModifierInfo' were separated into two relationships as ForeignKeyAttribute was specified on navigations on both sides.
2019-11-06 16:59:37.981 +05:30 [WRN] Navigations 'User.CreaterInfo' and 'User.ModifierInfo' were separated into two relationships as ForeignKeyAttribute was specified on navigations on both sides.
2019-11-06 17:13:18.560 +05:30 [WRN] Navigations 'User.CreaterInfo' and 'User.ModifierInfo' were separated into two relationships as ForeignKeyAttribute was specified on navigations on both sides.
2019-11-06 17:17:09.889 +05:30 [WRN] Navigations 'User.CreaterInfo' and 'User.ModifierInfo' were separated into two relationships as ForeignKeyAttribute was specified on navigations on both sides.
2019-11-06 17:28:02.382 +05:30 [WRN] Navigations 'User.CreaterInfo' and 'User.ModifierInfo' were separated into two relationships as ForeignKeyAttribute was specified on navigations on both sides.
2019-11-06 17:31:48.478 +05:30 [WRN] Navigations 'User.CreaterInfo' and 'User.ModifierInfo' were separated into two relationships as ForeignKeyAttribute was specified on navigations on both sides.
2019-11-06 17:36:54.554 +05:30 [WRN] Navigations 'User.CreaterInfo' and 'User.ModifierInfo' were separated into two relationships as ForeignKeyAttribute was specified on navigations on both sides.
2019-11-06 17:41:32.428 +05:30 [WRN] Navigations 'User.CreaterInfo' and 'User.ModifierInfo' were separated into two relationships as ForeignKeyAttribute was specified on navigations on both sides.
2019-11-06 17:42:17.832 +05:30 [WRN] Navigations 'User.CreaterInfo' and 'User.ModifierInfo' were separated into two relationships as ForeignKeyAttribute was specified on navigations on both sides.
2019-11-06 17:48:46.359 +05:30 [WRN] {
  "Age": [
    "The Age field is required."
  ],
  "Address": [
    "The Address field is required."
  ],
  "Lastname": [
    "The Lastname field is required."
  ]
}
2019-11-06 17:49:08.949 +05:30 [WRN] Navigations 'User.CreaterInfo' and 'User.ModifierInfo' were separated into two relationships as ForeignKeyAttribute was specified on navigations on both sides.
2019-11-06 17:53:00.476 +05:30 [WRN] Navigations 'User.CreaterInfo' and 'User.ModifierInfo' were separated into two relationships as ForeignKeyAttribute was specified on navigations on both sides.
2019-11-06 17:56:42.398 +05:30 [WRN] Navigations 'User.CreaterInfo' and 'User.ModifierInfo' were separated into two relationships as ForeignKeyAttribute was specified on navigations on both sides.
2019-11-06 17:59:46.174 +05:30 [WRN] Navigations 'User.CreaterInfo' and 'User.ModifierInfo' were separated into two relationships as ForeignKeyAttribute was specified on navigations on both sides.
2019-11-06 18:02:01.093 +05:30 [WRN] Navigations 'User.CreaterInfo' and 'User.ModifierInfo' were separated into two relationships as ForeignKeyAttribute was specified on navigations on both sides.
2019-11-06 18:04:04.453 +05:30 [WRN] Navigations 'User.CreaterInfo' and 'User.ModifierInfo' were separated into two relationships as ForeignKeyAttribute was specified on navigations on both sides.
2019-11-06 18:08:43.564 +05:30 [WRN] Navigations 'User.CreaterInfo' and 'User.ModifierInfo' were separated into two relationships as ForeignKeyAttribute was specified on navigations on both sides.
2019-11-06 18:09:40.563 +05:30 [WRN] Navigations 'User.CreaterInfo' and 'User.ModifierInfo' were separated into two relationships as ForeignKeyAttribute was specified on navigations on both sides.
2019-11-06 18:10:44.657 +05:30 [WRN] Navigations 'User.CreaterInfo' and 'User.ModifierInfo' were separated into two relationships as ForeignKeyAttribute was specified on navigations on both sides.
2019-11-06 18:14:32.985 +05:30 [WRN] Navigations 'User.CreaterInfo' and 'User.ModifierInfo' were separated into two relationships as ForeignKeyAttribute was specified on navigations on both sides.
2019-11-06 18:16:52.969 +05:30 [WRN] Navigations 'User.CreaterInfo' and 'User.ModifierInfo' were separated into two relationships as ForeignKeyAttribute was specified on navigations on both sides.
2019-11-06 18:17:59.721 +05:30 [WRN] Navigations 'User.CreaterInfo' and 'User.ModifierInfo' were separated into two relationships as ForeignKeyAttribute was specified on navigations on both sides.
2019-11-06 18:21:30.407 +05:30 [WRN] Navigations 'User.CreaterInfo' and 'User.ModifierInfo' were separated into two relationships as ForeignKeyAttribute was specified on navigations on both sides.
2019-11-06 18:23:46.575 +05:30 [WRN] Navigations 'User.CreaterInfo' and 'User.ModifierInfo' were separated into two relationships as ForeignKeyAttribute was specified on navigations on both sides.
