2019-11-01 11:40:38.371 +05:30 [INF] CORS policy execution successful.
2019-11-01 11:40:38.444 +05:30 [INF] Executing endpoint 'AASTHA2.Controllers.AuthController.GenerateToken (AASTHA2)'
2019-11-01 11:40:38.468 +05:30 [INF] Route matched with {action = "GenerateToken", controller = "Auth"}. Executing controller action with signature Microsoft.AspNetCore.Mvc.IActionResult GenerateToken(AASTHA2.Models.LoginModel) on controller AASTHA2.Controllers.AuthController (AASTHA2).
2019-11-01 11:40:38.509 +05:30 [INF] Executing action method AASTHA2.Controllers.AuthController.GenerateToken (AASTHA2) - Validation state: "Valid"
2019-11-01 11:40:38.515 +05:30 [INF] Executed action method AASTHA2.Controllers.AuthController.GenerateToken (AASTHA2), returned result Microsoft.AspNetCore.Mvc.UnauthorizedObjectResult in 1.1655ms.
2019-11-01 11:40:38.523 +05:30 [INF] Executing ObjectResult, writing value of type 'System.String'.
2019-11-01 11:40:38.528 +05:30 [INF] Executed action AASTHA2.Controllers.AuthController.GenerateToken (AASTHA2) in 56.7978ms
2019-11-01 11:40:38.529 +05:30 [INF] Executed endpoint 'AASTHA2.Controllers.AuthController.GenerateToken (AASTHA2)'
2019-11-01 11:40:38.531 +05:30 [WRN] Enter valid credential
2019-11-01 12:14:41.300 +05:30 [INF] CORS policy execution successful.
2019-11-01 12:14:41.372 +05:30 [INF] Executing endpoint 'AASTHA2.Controllers.AuthController.GenerateToken (AASTHA2)'
2019-11-01 12:14:41.396 +05:30 [INF] Route matched with {action = "GenerateToken", controller = "Auth"}. Executing controller action with signature Microsoft.AspNetCore.Mvc.IActionResult GenerateToken(AASTHA2.Models.LoginModel) on controller AASTHA2.Controllers.AuthController (AASTHA2).
2019-11-01 12:14:41.436 +05:30 [INF] Executing action method AASTHA2.Controllers.AuthController.GenerateToken (AASTHA2) - Validation state: "Valid"
2019-11-01 12:14:41.443 +05:30 [INF] Executed action method AASTHA2.Controllers.AuthController.GenerateToken (AASTHA2), returned result Microsoft.AspNetCore.Mvc.UnauthorizedObjectResult in 1.1309ms.
2019-11-01 12:14:41.450 +05:30 [INF] Executing ObjectResult, writing value of type 'System.String'.
2019-11-01 12:14:41.455 +05:30 [INF] Executed action AASTHA2.Controllers.AuthController.GenerateToken (AASTHA2) in 55.773900000000005ms
2019-11-01 12:14:41.456 +05:30 [INF] Executed endpoint 'AASTHA2.Controllers.AuthController.GenerateToken (AASTHA2)'
2019-11-01 12:14:41.458 +05:30 [WRN] Enter valid credential
2019-11-01 12:15:09.814 +05:30 [INF] CORS policy execution successful.
2019-11-01 12:15:09.816 +05:30 [INF] Executing endpoint 'AASTHA2.Controllers.AuthController.GenerateToken (AASTHA2)'
2019-11-01 12:15:09.816 +05:30 [INF] Route matched with {action = "GenerateToken", controller = "Auth"}. Executing controller action with signature Microsoft.AspNetCore.Mvc.IActionResult GenerateToken(AASTHA2.Models.LoginModel) on controller AASTHA2.Controllers.AuthController (AASTHA2).
2019-11-01 12:15:09.817 +05:30 [INF] Executing action method AASTHA2.Controllers.AuthController.GenerateToken (AASTHA2) - Validation state: "Valid"
2019-11-01 12:15:09.817 +05:30 [INF] Executed action method AASTHA2.Controllers.AuthController.GenerateToken (AASTHA2), returned result Microsoft.AspNetCore.Mvc.UnauthorizedObjectResult in 0.0092ms.
2019-11-01 12:15:09.817 +05:30 [INF] Executing ObjectResult, writing value of type 'System.String'.
2019-11-01 12:15:09.817 +05:30 [INF] Executed action AASTHA2.Controllers.AuthController.GenerateToken (AASTHA2) in 1.2979ms
2019-11-01 12:15:09.817 +05:30 [INF] Executed endpoint 'AASTHA2.Controllers.AuthController.GenerateToken (AASTHA2)'
2019-11-01 12:15:09.817 +05:30 [WRN] Enter valid credential
2019-11-01 12:15:38.463 +05:30 [INF] CORS policy execution successful.
2019-11-01 12:15:38.463 +05:30 [INF] Executing endpoint 'AASTHA2.Controllers.AuthController.GenerateToken (AASTHA2)'
2019-11-01 12:15:38.463 +05:30 [INF] Route matched with {action = "GenerateToken", controller = "Auth"}. Executing controller action with signature Microsoft.AspNetCore.Mvc.IActionResult GenerateToken(AASTHA2.Models.LoginModel) on controller AASTHA2.Controllers.AuthController (AASTHA2).
2019-11-01 12:15:38.464 +05:30 [INF] Executing action method AASTHA2.Controllers.AuthController.GenerateToken (AASTHA2) - Validation state: "Valid"
2019-11-01 12:15:38.464 +05:30 [INF] Executed action method AASTHA2.Controllers.AuthController.GenerateToken (AASTHA2), returned result Microsoft.AspNetCore.Mvc.UnauthorizedObjectResult in 0.0051ms.
2019-11-01 12:15:38.464 +05:30 [INF] Executing ObjectResult, writing value of type 'System.String'.
2019-11-01 12:15:38.464 +05:30 [INF] Executed action AASTHA2.Controllers.AuthController.GenerateToken (AASTHA2) in 0.5795ms
2019-11-01 12:15:38.464 +05:30 [INF] Executed endpoint 'AASTHA2.Controllers.AuthController.GenerateToken (AASTHA2)'
2019-11-01 12:15:38.464 +05:30 [WRN] Enter valid credential
2019-11-01 12:18:19.604 +05:30 [INF] Executing endpoint 'AASTHA2.Controllers.UsersController.GetUsers (AASTHA2)'
2019-11-01 12:18:19.634 +05:30 [INF] Route matched with {action = "GetUsers", controller = "Users"}. Executing controller action with signature System.Collections.Generic.IEnumerable`1[AASTHA2.Entities.User] GetUsers() on controller AASTHA2.Controllers.UsersController (AASTHA2).
2019-11-01 12:18:19.944 +05:30 [INF] Executing action method AASTHA2.Controllers.UsersController.GetUsers (AASTHA2) - Validation state: "Valid"
2019-11-01 12:18:20.632 +05:30 [INF] Executed action AASTHA2.Controllers.UsersController.GetUsers (AASTHA2) in 993.7901ms
2019-11-01 12:18:20.633 +05:30 [INF] Executed endpoint 'AASTHA2.Controllers.UsersController.GetUsers (AASTHA2)'
2019-11-01 12:18:20.759 +05:30 [ERR] {
  "ErrorMessage": "Error",
  "ErrorDescription": "   at AASTHA2.Controllers.UsersController.GetUsers() in D:\\Ginesh\\AASTHA2.0\\AASTHA2.0\\Controllers\\UsersController.cs:line 27\r\n   at lambda_method(Closure , Object , Object[] )\r\n   at Microsoft.Extensions.Internal.ObjectMethodExecutor.Execute(Object target, Object[] parameters)\r\n   at Microsoft.AspNetCore.Mvc.Internal.ActionMethodExecutor.SyncObjectResultExecutor.Execute(IActionResultTypeMapper mapper, ObjectMethodExecutor executor, Object controller, Object[] arguments)\r\n   at Microsoft.AspNetCore.Mvc.Internal.ControllerActionInvoker.InvokeActionMethodAsync()\r\n   at Microsoft.AspNetCore.Mvc.Internal.ControllerActionInvoker.InvokeNextActionFilterAsync()\r\n   at Microsoft.AspNetCore.Mvc.Internal.ControllerActionInvoker.Rethrow(ActionExecutedContext context)\r\n   at Microsoft.AspNetCore.Mvc.Internal.ControllerActionInvoker.Next(State& next, Scope& scope, Object& state, Boolean& isCompleted)\r\n   at Microsoft.AspNetCore.Mvc.Internal.ControllerActionInvoker.InvokeInnerFilterAsync()\r\n   at Microsoft.AspNetCore.Mvc.Internal.ResourceInvoker.InvokeNextResourceFilter()\r\n   at Microsoft.AspNetCore.Mvc.Internal.ResourceInvoker.Rethrow(ResourceExecutedContext context)\r\n   at Microsoft.AspNetCore.Mvc.Internal.ResourceInvoker.Next(State& next, Scope& scope, Object& state, Boolean& isCompleted)\r\n   at Microsoft.AspNetCore.Mvc.Internal.ResourceInvoker.InvokeFilterPipelineAsync()\r\n   at Microsoft.AspNetCore.Mvc.Internal.ResourceInvoker.InvokeAsync()\r\n   at Microsoft.AspNetCore.Routing.EndpointMiddleware.Invoke(HttpContext httpContext)\r\n   at Microsoft.AspNetCore.Routing.EndpointRoutingMiddleware.Invoke(HttpContext httpContext)\r\n   at AASTHA2.Middleware.ExceptionWrapper.Invoke(HttpContext context) in D:\\Ginesh\\AASTHA2.0\\AASTHA2.0\\Middleware\\ExceptionMiddleware.cs:line 24"
}
2019-11-01 15:14:17.589 +05:30 [INF] Executing endpoint 'AASTHA2._0.Controllers.PatientsController.GetPatients (AASTHA2)'
2019-11-01 15:14:17.662 +05:30 [INF] Route matched with {action = "GetPatients", controller = "Patients"}. Executing controller action with signature Microsoft.AspNetCore.Mvc.ActionResult`1[System.Collections.Generic.IEnumerable`1[AASTHA2.Entities.Patient]] GetPatients() on controller AASTHA2._0.Controllers.PatientsController (AASTHA2).
2019-11-01 15:14:17.966 +05:30 [INF] Executing action method AASTHA2._0.Controllers.PatientsController.GetPatients (AASTHA2) - Validation state: "Valid"
2019-11-01 15:14:18.714 +05:30 [INF] Entity Framework Core 2.2.6-servicing-10079 initialized 'AASTHAContext' using provider 'Microsoft.EntityFrameworkCore.SqlServer' with options: None
2019-11-01 15:14:30.427 +05:30 [ERR] Failed executing DbCommand (701ms) [Parameters=[], CommandType='"Text"', CommandTimeout='30']
SELECT [m].[Id], [m].[Address], [m].[Age], [m].[CreatedBy], [m].[CreatedDate], [m].[Firstname], [m].[IsDeleted], [m].[Lastname], [m].[Middelname], [m].[Mobile], [m].[ModifiedBy], [m].[ModifiedDate]
FROM [Patients] AS [m]
WHERE [m].[IsDeleted] = 0
System.NullReferenceException: Object reference not set to an instance of an object.
   at System.Data.SqlClient.TdsParserStateObjectNative.IsPacketEmpty(Object readPacket)
   at System.Data.SqlClient.TdsParserStateObject.ReadSniSyncOverAsync()
   at System.Data.SqlClient.TdsParserStateObject.TryReadNetworkPacket()
   at System.Data.SqlClient.TdsParserStateObject.TryPrepareBuffer()
   at System.Data.SqlClient.TdsParserStateObject.TryReadByte(Byte& value)
   at System.Data.SqlClient.TdsParser.TryRun(RunBehavior runBehavior, SqlCommand cmdHandler, SqlDataReader dataStream, BulkCopySimpleResultSet bulkCopyHandler, TdsParserStateObject stateObj, Boolean& dataReady)
   at System.Data.SqlClient.SqlDataReader.TryConsumeMetaData()
   at System.Data.SqlClient.SqlDataReader.get_MetaData()
   at System.Data.SqlClient.SqlCommand.FinishExecuteReader(SqlDataReader ds, RunBehavior runBehavior, String resetOptionsString)
   at System.Data.SqlClient.SqlCommand.RunExecuteReaderTds(CommandBehavior cmdBehavior, RunBehavior runBehavior, Boolean returnStream, Boolean async, Int32 timeout, Task& task, Boolean asyncWrite, SqlDataReader ds)
   at System.Data.SqlClient.SqlCommand.ExecuteReader(CommandBehavior behavior)
   at Microsoft.EntityFrameworkCore.Storage.Internal.RelationalCommand.Execute(IRelationalConnection connection, DbCommandMethod executeMethod, IReadOnlyDictionary`2 parameterValues)
2019-11-01 15:15:06.503 +05:30 [INF] Executed action AASTHA2._0.Controllers.PatientsController.GetPatients (AASTHA2) in 48836.652ms
2019-11-01 15:15:06.504 +05:30 [INF] Executed endpoint 'AASTHA2._0.Controllers.PatientsController.GetPatients (AASTHA2)'
2019-11-01 15:15:06.626 +05:30 [ERR] {
  "ErrorMessage": "A second operation started on this context before a previous operation completed. This is usually caused by different threads using the same instance of DbContext, however instance members are not guaranteed to be thread safe. This could also be caused by a nested query being evaluated on the client, if this is the case rewrite the query avoiding nested invocations.",
  "ErrorDescription": "   at Microsoft.EntityFrameworkCore.Internal.ConcurrencyDetector.EnterCriticalSection()\r\n   at Microsoft.EntityFrameworkCore.Query.Internal.LinqOperatorProvider.ExceptionInterceptor`1.EnumeratorExceptionInterceptor.MoveNext()\r\n   at System.Collections.Generic.List`1.AddEnumerable(IEnumerable`1 enumerable)\r\n   at System.Linq.Enumerable.ToList[TSource](IEnumerable`1 source)\r\n   at AASTHA2._0.Controllers.PatientsController.GetPatients() in D:\\Ginesh\\AASTHA2.0\\AASTHA2.0\\Controllers\\PatientsController.cs:line 24\r\n   at lambda_method(Closure , Object , Object[] )\r\n   at Microsoft.Extensions.Internal.ObjectMethodExecutor.Execute(Object target, Object[] parameters)\r\n   at Microsoft.AspNetCore.Mvc.Internal.ActionMethodExecutor.SyncObjectResultExecutor.Execute(IActionResultTypeMapper mapper, ObjectMethodExecutor executor, Object controller, Object[] arguments)\r\n   at Microsoft.AspNetCore.Mvc.Internal.ControllerActionInvoker.InvokeActionMethodAsync()\r\n   at Microsoft.AspNetCore.Mvc.Internal.ControllerActionInvoker.InvokeNextActionFilterAsync()\r\n   at Microsoft.AspNetCore.Mvc.Internal.ControllerActionInvoker.Rethrow(ActionExecutedContext context)\r\n   at Microsoft.AspNetCore.Mvc.Internal.ControllerActionInvoker.Next(State& next, Scope& scope, Object& state, Boolean& isCompleted)\r\n   at Microsoft.AspNetCore.Mvc.Internal.ControllerActionInvoker.InvokeInnerFilterAsync()\r\n   at Microsoft.AspNetCore.Mvc.Internal.ResourceInvoker.InvokeNextResourceFilter()\r\n   at Microsoft.AspNetCore.Mvc.Internal.ResourceInvoker.Rethrow(ResourceExecutedContext context)\r\n   at Microsoft.AspNetCore.Mvc.Internal.ResourceInvoker.Next(State& next, Scope& scope, Object& state, Boolean& isCompleted)\r\n   at Microsoft.AspNetCore.Mvc.Internal.ResourceInvoker.InvokeFilterPipelineAsync()\r\n   at Microsoft.AspNetCore.Mvc.Internal.ResourceInvoker.InvokeAsync()\r\n   at Microsoft.AspNetCore.Routing.EndpointMiddleware.Invoke(HttpContext httpContext)\r\n   at Microsoft.AspNetCore.Routing.EndpointRoutingMiddleware.Invoke(HttpContext httpContext)\r\n   at AASTHA2.Middleware.ExceptionWrapper.Invoke(HttpContext context) in D:\\Ginesh\\AASTHA2.0\\AASTHA2.0\\Middleware\\ExceptionMiddleware.cs:line 24"
}
2019-11-01 15:15:08.532 +05:30 [INF] Sending file. Request path: '/favicon-32x32.png'. Physical path: 'N/A'
2019-11-01 15:15:13.984 +05:30 [INF] Executing endpoint 'AASTHA2._0.Controllers.PatientsController.GetPatients (AASTHA2)'
2019-11-01 15:15:13.984 +05:30 [INF] Route matched with {action = "GetPatients", controller = "Patients"}. Executing controller action with signature Microsoft.AspNetCore.Mvc.ActionResult`1[System.Collections.Generic.IEnumerable`1[AASTHA2.Entities.Patient]] GetPatients() on controller AASTHA2._0.Controllers.PatientsController (AASTHA2).
2019-11-01 15:15:13.984 +05:30 [INF] Executing action method AASTHA2._0.Controllers.PatientsController.GetPatients (AASTHA2) - Validation state: "Valid"
2019-11-01 15:15:13.987 +05:30 [INF] Entity Framework Core 2.2.6-servicing-10079 initialized 'AASTHAContext' using provider 'Microsoft.EntityFrameworkCore.SqlServer' with options: None
2019-11-01 15:15:15.686 +05:30 [INF] Executed DbCommand (16ms) [Parameters=[], CommandType='"Text"', CommandTimeout='30']
SELECT [m].[Id], [m].[Address], [m].[Age], [m].[CreatedBy], [m].[CreatedDate], [m].[Firstname], [m].[IsDeleted], [m].[Lastname], [m].[Middelname], [m].[Mobile], [m].[ModifiedBy], [m].[ModifiedDate]
FROM [Patients] AS [m]
WHERE [m].[IsDeleted] = 0
2019-11-01 15:15:15.875 +05:30 [INF] Executed action method AASTHA2._0.Controllers.PatientsController.GetPatients (AASTHA2), returned result Microsoft.AspNetCore.Mvc.ObjectResult in 1887.4469000000001ms.
2019-11-01 15:15:15.882 +05:30 [INF] Executing ObjectResult, writing value of type 'System.Collections.Generic.List`1[[AASTHA2.Entities.Patient, AASTHA2.Entities, Version=1.0.0.0, Culture=neutral, PublicKeyToken=null]]'.
2019-11-01 15:15:15.900 +05:30 [INF] Executed action AASTHA2._0.Controllers.PatientsController.GetPatients (AASTHA2) in 1915.8625000000002ms
2019-11-01 15:15:15.900 +05:30 [INF] Executed endpoint 'AASTHA2._0.Controllers.PatientsController.GetPatients (AASTHA2)'
2019-11-01 15:16:12.840 +05:30 [INF] Executing endpoint 'AASTHA2._0.Controllers.PatientsController.GetPatients (AASTHA2)'
2019-11-01 15:16:12.843 +05:30 [INF] Route matched with {action = "GetPatients", controller = "Patients"}. Executing controller action with signature Microsoft.AspNetCore.Mvc.ActionResult`1[System.Collections.Generic.IEnumerable`1[AASTHA2.Entities.Patient]] GetPatients() on controller AASTHA2._0.Controllers.PatientsController (AASTHA2).
2019-11-01 15:16:12.843 +05:30 [INF] Executing action method AASTHA2._0.Controllers.PatientsController.GetPatients (AASTHA2) - Validation state: "Valid"
2019-11-01 15:16:12.844 +05:30 [INF] Entity Framework Core 2.2.6-servicing-10079 initialized 'AASTHAContext' using provider 'Microsoft.EntityFrameworkCore.SqlServer' with options: None
2019-11-01 15:16:29.021 +05:30 [INF] Executed DbCommand (4ms) [Parameters=[], CommandType='"Text"', CommandTimeout='30']
SELECT [m].[Id], [m].[Address], [m].[Age], [m].[CreatedBy], [m].[CreatedDate], [m].[Firstname], [m].[IsDeleted], [m].[Lastname], [m].[Middelname], [m].[Mobile], [m].[ModifiedBy], [m].[ModifiedDate]
FROM [Patients] AS [m]
WHERE [m].[IsDeleted] = 0
2019-11-01 15:16:33.209 +05:30 [INF] Executed DbCommand (0ms) [Parameters=[], CommandType='"Text"', CommandTimeout='30']
SELECT [m].[Id], [m].[Address], [m].[Age], [m].[CreatedBy], [m].[CreatedDate], [m].[Firstname], [m].[IsDeleted], [m].[Lastname], [m].[Middelname], [m].[Mobile], [m].[ModifiedBy], [m].[ModifiedDate]
FROM [Patients] AS [m]
WHERE [m].[IsDeleted] = 0
2019-11-01 15:16:33.210 +05:30 [INF] Executed action method AASTHA2._0.Controllers.PatientsController.GetPatients (AASTHA2), returned result Microsoft.AspNetCore.Mvc.ObjectResult in 20366.067300000002ms.
2019-11-01 15:16:33.210 +05:30 [INF] Executing ObjectResult, writing value of type 'System.Collections.Generic.List`1[[AASTHA2.Entities.Patient, AASTHA2.Entities, Version=1.0.0.0, Culture=neutral, PublicKeyToken=null]]'.
2019-11-01 15:16:33.210 +05:30 [INF] Executed action AASTHA2._0.Controllers.PatientsController.GetPatients (AASTHA2) in 20367.0019ms
2019-11-01 15:16:33.210 +05:30 [INF] Executed endpoint 'AASTHA2._0.Controllers.PatientsController.GetPatients (AASTHA2)'
2019-11-01 15:16:35.411 +05:30 [INF] Executing endpoint 'AASTHA2._0.Controllers.PatientsController.GetPatients (AASTHA2)'
2019-11-01 15:16:35.411 +05:30 [INF] Route matched with {action = "GetPatients", controller = "Patients"}. Executing controller action with signature Microsoft.AspNetCore.Mvc.ActionResult`1[System.Collections.Generic.IEnumerable`1[AASTHA2.Entities.Patient]] GetPatients() on controller AASTHA2._0.Controllers.PatientsController (AASTHA2).
2019-11-01 15:16:35.411 +05:30 [INF] Executing action method AASTHA2._0.Controllers.PatientsController.GetPatients (AASTHA2) - Validation state: "Valid"
2019-11-01 15:16:35.412 +05:30 [INF] Entity Framework Core 2.2.6-servicing-10079 initialized 'AASTHAContext' using provider 'Microsoft.EntityFrameworkCore.SqlServer' with options: None
2019-11-01 15:16:42.562 +05:30 [INF] Executed DbCommand (0ms) [Parameters=[], CommandType='"Text"', CommandTimeout='30']
SELECT [m].[Id], [m].[Address], [m].[Age], [m].[CreatedBy], [m].[CreatedDate], [m].[Firstname], [m].[IsDeleted], [m].[Lastname], [m].[Middelname], [m].[Mobile], [m].[ModifiedBy], [m].[ModifiedDate]
FROM [Patients] AS [m]
WHERE [m].[IsDeleted] = 0
2019-11-01 15:17:49.764 +05:30 [INF] Executing endpoint 'AASTHA2._0.Controllers.PatientsController.GetPatients (AASTHA2)'
2019-11-01 15:17:49.793 +05:30 [INF] Route matched with {action = "GetPatients", controller = "Patients"}. Executing controller action with signature Microsoft.AspNetCore.Mvc.ActionResult`1[System.Collections.Generic.IEnumerable`1[AASTHA2.Entities.Patient]] GetPatients() on controller AASTHA2._0.Controllers.PatientsController (AASTHA2).
2019-11-01 15:17:50.099 +05:30 [INF] Executing action method AASTHA2._0.Controllers.PatientsController.GetPatients (AASTHA2) - Validation state: "Valid"
2019-11-01 15:17:50.613 +05:30 [INF] Entity Framework Core 2.2.6-servicing-10079 initialized 'AASTHAContext' using provider 'Microsoft.EntityFrameworkCore.SqlServer' with options: None
2019-11-01 15:17:59.124 +05:30 [INF] Executed DbCommand (36ms) [Parameters=[], CommandType='"Text"', CommandTimeout='30']
SELECT [m].[Id], [m].[Address], [m].[Age], [m].[CreatedBy], [m].[CreatedDate], [m].[Firstname], [m].[IsDeleted], [m].[Lastname], [m].[Middelname], [m].[Mobile], [m].[ModifiedBy], [m].[ModifiedDate]
FROM [Patients] AS [m]
WHERE [m].[IsDeleted] = 0
2019-11-01 15:18:12.453 +05:30 [INF] Executed DbCommand (3ms) [Parameters=[], CommandType='"Text"', CommandTimeout='30']
SELECT [m].[Id], [m].[Address], [m].[Age], [m].[CreatedBy], [m].[CreatedDate], [m].[Firstname], [m].[IsDeleted], [m].[Lastname], [m].[Middelname], [m].[Mobile], [m].[ModifiedBy], [m].[ModifiedDate]
FROM [Patients] AS [m]
WHERE [m].[IsDeleted] = 0
2019-11-01 15:18:15.354 +05:30 [INF] Executed DbCommand (0ms) [Parameters=[], CommandType='"Text"', CommandTimeout='30']
SELECT [m].[Id], [m].[Address], [m].[Age], [m].[CreatedBy], [m].[CreatedDate], [m].[Firstname], [m].[IsDeleted], [m].[Lastname], [m].[Middelname], [m].[Mobile], [m].[ModifiedBy], [m].[ModifiedDate]
FROM [Patients] AS [m]
WHERE [m].[IsDeleted] = 0
2019-11-01 15:18:18.609 +05:30 [INF] Executed DbCommand (0ms) [Parameters=[], CommandType='"Text"', CommandTimeout='30']
SELECT [m].[Id], [m].[Address], [m].[Age], [m].[CreatedBy], [m].[CreatedDate], [m].[Firstname], [m].[IsDeleted], [m].[Lastname], [m].[Middelname], [m].[Mobile], [m].[ModifiedBy], [m].[ModifiedDate]
FROM [Patients] AS [m]
WHERE [m].[IsDeleted] = 0
2019-11-01 15:18:18.613 +05:30 [INF] Executed action method AASTHA2._0.Controllers.PatientsController.GetPatients (AASTHA2), returned result Microsoft.AspNetCore.Mvc.ObjectResult in 28508.414200000003ms.
2019-11-01 15:18:18.621 +05:30 [INF] Executing ObjectResult, writing value of type 'System.Collections.Generic.List`1[[AASTHA2.Entities.Patient, AASTHA2.Entities, Version=1.0.0.0, Culture=neutral, PublicKeyToken=null]]'.
2019-11-01 15:18:18.631 +05:30 [INF] Executed action AASTHA2._0.Controllers.PatientsController.GetPatients (AASTHA2) in 28835.2976ms
2019-11-01 15:18:18.632 +05:30 [INF] Executed endpoint 'AASTHA2._0.Controllers.PatientsController.GetPatients (AASTHA2)'
2019-11-01 15:18:23.082 +05:30 [INF] Executing endpoint 'AASTHA2._0.Controllers.PatientsController.GetPatients (AASTHA2)'
2019-11-01 15:18:23.083 +05:30 [INF] Route matched with {action = "GetPatients", controller = "Patients"}. Executing controller action with signature Microsoft.AspNetCore.Mvc.ActionResult`1[System.Collections.Generic.IEnumerable`1[AASTHA2.Entities.Patient]] GetPatients() on controller AASTHA2._0.Controllers.PatientsController (AASTHA2).
2019-11-01 15:18:23.083 +05:30 [INF] Executing action method AASTHA2._0.Controllers.PatientsController.GetPatients (AASTHA2) - Validation state: "Valid"
2019-11-01 15:18:23.084 +05:30 [INF] Entity Framework Core 2.2.6-servicing-10079 initialized 'AASTHAContext' using provider 'Microsoft.EntityFrameworkCore.SqlServer' with options: None
2019-11-01 15:18:28.411 +05:30 [INF] Executed DbCommand (1ms) [Parameters=[], CommandType='"Text"', CommandTimeout='30']
SELECT [m].[Id], [m].[Address], [m].[Age], [m].[CreatedBy], [m].[CreatedDate], [m].[Firstname], [m].[IsDeleted], [m].[Lastname], [m].[Middelname], [m].[Mobile], [m].[ModifiedBy], [m].[ModifiedDate]
FROM [Patients] AS [m]
WHERE [m].[IsDeleted] = 0
2019-11-01 15:18:28.412 +05:30 [INF] Executed action method AASTHA2._0.Controllers.PatientsController.GetPatients (AASTHA2), returned result Microsoft.AspNetCore.Mvc.ObjectResult in 5328.9894ms.
2019-11-01 15:18:28.412 +05:30 [INF] Executing ObjectResult, writing value of type 'System.Collections.Generic.List`1[[AASTHA2.Entities.Patient, AASTHA2.Entities, Version=1.0.0.0, Culture=neutral, PublicKeyToken=null]]'.
2019-11-01 15:18:28.413 +05:30 [INF] Executed action AASTHA2._0.Controllers.PatientsController.GetPatients (AASTHA2) in 5330.3195000000005ms
2019-11-01 15:18:28.413 +05:30 [INF] Executed endpoint 'AASTHA2._0.Controllers.PatientsController.GetPatients (AASTHA2)'
2019-11-01 15:18:30.728 +05:30 [INF] Executing endpoint 'AASTHA2._0.Controllers.PatientsController.GetPatients (AASTHA2)'
2019-11-01 15:18:30.728 +05:30 [INF] Route matched with {action = "GetPatients", controller = "Patients"}. Executing controller action with signature Microsoft.AspNetCore.Mvc.ActionResult`1[System.Collections.Generic.IEnumerable`1[AASTHA2.Entities.Patient]] GetPatients() on controller AASTHA2._0.Controllers.PatientsController (AASTHA2).
2019-11-01 15:18:30.728 +05:30 [INF] Executing action method AASTHA2._0.Controllers.PatientsController.GetPatients (AASTHA2) - Validation state: "Valid"
2019-11-01 15:18:30.729 +05:30 [INF] Entity Framework Core 2.2.6-servicing-10079 initialized 'AASTHAContext' using provider 'Microsoft.EntityFrameworkCore.SqlServer' with options: None
2019-11-01 15:18:42.521 +05:30 [INF] Executed DbCommand (1ms) [Parameters=[], CommandType='"Text"', CommandTimeout='30']
SELECT [m].[Id], [m].[Address], [m].[Age], [m].[CreatedBy], [m].[CreatedDate], [m].[Firstname], [m].[IsDeleted], [m].[Lastname], [m].[Middelname], [m].[Mobile], [m].[ModifiedBy], [m].[ModifiedDate]
FROM [Patients] AS [m]
WHERE [m].[IsDeleted] = 0
2019-11-01 15:18:42.547 +05:30 [INF] Executed DbCommand (0ms) [Parameters=[], CommandType='"Text"', CommandTimeout='30']
SELECT [m].[Id], [m].[Address], [m].[Age], [m].[CreatedBy], [m].[CreatedDate], [m].[Firstname], [m].[IsDeleted], [m].[Lastname], [m].[Middelname], [m].[Mobile], [m].[ModifiedBy], [m].[ModifiedDate]
FROM [Patients] AS [m]
WHERE [m].[IsDeleted] = 0
2019-11-01 15:19:03.346 +05:30 [INF] Executed DbCommand (0ms) [Parameters=[], CommandType='"Text"', CommandTimeout='30']
SELECT [m].[Id], [m].[Address], [m].[Age], [m].[CreatedBy], [m].[CreatedDate], [m].[Firstname], [m].[IsDeleted], [m].[Lastname], [m].[Middelname], [m].[Mobile], [m].[ModifiedBy], [m].[ModifiedDate]
FROM [Patients] AS [m]
WHERE [m].[IsDeleted] = 0
2019-11-01 15:26:17.476 +05:30 [INF] Executing endpoint 'AASTHA2._0.Controllers.PatientsController.GetPatients (AASTHA2)'
2019-11-01 15:26:17.525 +05:30 [INF] Route matched with {action = "GetPatients", controller = "Patients"}. Executing controller action with signature Microsoft.AspNetCore.Mvc.ActionResult`1[System.Collections.Generic.IEnumerable`1[AASTHA2.Entities.Patient]] GetPatients(System.String, System.String) on controller AASTHA2._0.Controllers.PatientsController (AASTHA2).
2019-11-01 15:26:17.839 +05:30 [INF] Executing action method AASTHA2._0.Controllers.PatientsController.GetPatients (AASTHA2) - Validation state: "Valid"
2019-11-01 15:26:21.804 +05:30 [INF] Entity Framework Core 2.2.6-servicing-10079 initialized 'AASTHAContext' using provider 'Microsoft.EntityFrameworkCore.SqlServer' with options: None
2019-11-01 15:26:22.422 +05:30 [INF] Executed DbCommand (38ms) [Parameters=[], CommandType='"Text"', CommandTimeout='30']
SELECT [m].[Id], [m].[Address], [m].[Age], [m].[CreatedBy], [m].[CreatedDate], [m].[Firstname], [m].[IsDeleted], [m].[Lastname], [m].[Middelname], [m].[Mobile], [m].[ModifiedBy], [m].[ModifiedDate]
FROM [Patients] AS [m]
WHERE [m].[IsDeleted] = 0
2019-11-01 15:26:22.548 +05:30 [INF] Executed action method AASTHA2._0.Controllers.PatientsController.GetPatients (AASTHA2), returned result Microsoft.AspNetCore.Mvc.ObjectResult in 4703.193ms.
2019-11-01 15:26:22.556 +05:30 [INF] Executing ObjectResult, writing value of type 'System.Collections.Generic.List`1[[AASTHA2.Entities.Patient, AASTHA2.Entities, Version=1.0.0.0, Culture=neutral, PublicKeyToken=null]]'.
2019-11-01 15:26:22.566 +05:30 [INF] Executed action AASTHA2._0.Controllers.PatientsController.GetPatients (AASTHA2) in 5036.549ms
2019-11-01 15:26:22.566 +05:30 [INF] Executed endpoint 'AASTHA2._0.Controllers.PatientsController.GetPatients (AASTHA2)'
2019-11-01 15:52:42.187 +05:30 [INF] Executing endpoint 'AASTHA2._0.Controllers.PatientsController.GetPatients (AASTHA2)'
2019-11-01 15:52:42.224 +05:30 [INF] Route matched with {action = "GetPatients", controller = "Patients"}. Executing controller action with signature Microsoft.AspNetCore.Mvc.ActionResult`1[System.Collections.Generic.IEnumerable`1[AASTHA2.Entities.Patient]] GetPatients(System.String, System.String, Int32, Int32) on controller AASTHA2._0.Controllers.PatientsController (AASTHA2).
2019-11-01 15:52:42.531 +05:30 [INF] Executing action method AASTHA2._0.Controllers.PatientsController.GetPatients (AASTHA2) - Validation state: "Valid"
2019-11-01 15:52:44.299 +05:30 [INF] Entity Framework Core 2.2.6-servicing-10079 initialized 'AASTHAContext' using provider 'Microsoft.EntityFrameworkCore.SqlServer' with options: None
2019-11-01 15:52:45.873 +05:30 [INF] Executed action AASTHA2._0.Controllers.PatientsController.GetPatients (AASTHA2) in 3644.2713000000003ms
2019-11-01 15:52:45.875 +05:30 [INF] Executed endpoint 'AASTHA2._0.Controllers.PatientsController.GetPatients (AASTHA2)'
2019-11-01 15:52:46.018 +05:30 [ERR] {
  "ErrorMessage": "Object reference not set to an instance of an object.",
  "ErrorDescription": "   at AASTHA2.Repositories.RepositoryBase`1.Find(Expression`1 filter, Func`2 orderBy, String includeProperties, Int32 take, Int32 skip) in D:\\Ginesh\\AASTHA2.0\\Repositories\\Repositories\\Repository.cs:line 40\r\n   at AASTHA2._0.Controllers.PatientsController.GetPatients(String Filter, String Sort, Int32 Offset, Int32 Limit) in D:\\Ginesh\\AASTHA2.0\\AASTHA2.0\\Controllers\\PatientsController.cs:line 26\r\n   at lambda_method(Closure , Object , Object[] )\r\n   at Microsoft.Extensions.Internal.ObjectMethodExecutor.Execute(Object target, Object[] parameters)\r\n   at Microsoft.AspNetCore.Mvc.Internal.ActionMethodExecutor.SyncObjectResultExecutor.Execute(IActionResultTypeMapper mapper, ObjectMethodExecutor executor, Object controller, Object[] arguments)\r\n   at Microsoft.AspNetCore.Mvc.Internal.ControllerActionInvoker.InvokeActionMethodAsync()\r\n   at Microsoft.AspNetCore.Mvc.Internal.ControllerActionInvoker.InvokeNextActionFilterAsync()\r\n   at Microsoft.AspNetCore.Mvc.Internal.ControllerActionInvoker.Rethrow(ActionExecutedContext context)\r\n   at Microsoft.AspNetCore.Mvc.Internal.ControllerActionInvoker.Next(State& next, Scope& scope, Object& state, Boolean& isCompleted)\r\n   at Microsoft.AspNetCore.Mvc.Internal.ControllerActionInvoker.InvokeInnerFilterAsync()\r\n   at Microsoft.AspNetCore.Mvc.Internal.ResourceInvoker.InvokeNextResourceFilter()\r\n   at Microsoft.AspNetCore.Mvc.Internal.ResourceInvoker.Rethrow(ResourceExecutedContext context)\r\n   at Microsoft.AspNetCore.Mvc.Internal.ResourceInvoker.Next(State& next, Scope& scope, Object& state, Boolean& isCompleted)\r\n   at Microsoft.AspNetCore.Mvc.Internal.ResourceInvoker.InvokeFilterPipelineAsync()\r\n   at Microsoft.AspNetCore.Mvc.Internal.ResourceInvoker.InvokeAsync()\r\n   at Microsoft.AspNetCore.Routing.EndpointMiddleware.Invoke(HttpContext httpContext)\r\n   at Microsoft.AspNetCore.Routing.EndpointRoutingMiddleware.Invoke(HttpContext httpContext)\r\n   at AASTHA2.Middleware.ExceptionWrapper.Invoke(HttpContext context) in D:\\Ginesh\\AASTHA2.0\\AASTHA2.0\\Middleware\\ExceptionMiddleware.cs:line 24"
}
2019-11-01 15:54:02.724 +05:30 [INF] Executing endpoint 'AASTHA2._0.Controllers.PatientsController.GetPatients (AASTHA2)'
2019-11-01 15:54:02.763 +05:30 [INF] Route matched with {action = "GetPatients", controller = "Patients"}. Executing controller action with signature Microsoft.AspNetCore.Mvc.ActionResult`1[System.Collections.Generic.IEnumerable`1[AASTHA2.Entities.Patient]] GetPatients(System.String, System.String, Int32, Int32) on controller AASTHA2._0.Controllers.PatientsController (AASTHA2).
2019-11-01 15:54:03.075 +05:30 [INF] Executing action method AASTHA2._0.Controllers.PatientsController.GetPatients (AASTHA2) - Validation state: "Valid"
2019-11-01 15:54:06.175 +05:30 [INF] Entity Framework Core 2.2.6-servicing-10079 initialized 'AASTHAContext' using provider 'Microsoft.EntityFrameworkCore.SqlServer' with options: None
2019-11-01 15:54:06.277 +05:30 [WRN] Query: '(from Patient m in DbSet<Patient> where !([m].IsDeleted) select [m]).Skip(__p_0).Take(__p_0)' uses a row limiting operation (Skip/Take) without OrderBy which may lead to unpredictable results.
2019-11-01 15:54:06.923 +05:30 [INF] Executed DbCommand (99ms) [Parameters=[@__p_0='?' (DbType = Int32)], CommandType='"Text"', CommandTimeout='30']
SELECT [m].[Id], [m].[Address], [m].[Age], [m].[CreatedBy], [m].[CreatedDate], [m].[Firstname], [m].[IsDeleted], [m].[Lastname], [m].[Middelname], [m].[Mobile], [m].[ModifiedBy], [m].[ModifiedDate]
FROM [Patients] AS [m]
WHERE [m].[IsDeleted] = 0
ORDER BY (SELECT 1)
OFFSET @__p_0 ROWS FETCH NEXT @__p_0 ROWS ONLY
2019-11-01 15:54:07.049 +05:30 [INF] Executed action method AASTHA2._0.Controllers.PatientsController.GetPatients (AASTHA2), returned result Microsoft.AspNetCore.Mvc.ObjectResult in 3967.2472000000002ms.
2019-11-01 15:54:07.057 +05:30 [INF] Executing ObjectResult, writing value of type 'System.Collections.Generic.List`1[[AASTHA2.Entities.Patient, AASTHA2.Entities, Version=1.0.0.0, Culture=neutral, PublicKeyToken=null]]'.
2019-11-01 15:54:07.067 +05:30 [INF] Executed action AASTHA2._0.Controllers.PatientsController.GetPatients (AASTHA2) in 4300.3624ms
2019-11-01 15:54:07.067 +05:30 [INF] Executed endpoint 'AASTHA2._0.Controllers.PatientsController.GetPatients (AASTHA2)'
2019-11-01 15:59:55.148 +05:30 [INF] Executing endpoint 'AASTHA2._0.Controllers.PatientsController.GetPatients (AASTHA2)'
2019-11-01 15:59:55.186 +05:30 [INF] Route matched with {action = "GetPatients", controller = "Patients"}. Executing controller action with signature Microsoft.AspNetCore.Mvc.ActionResult`1[System.Collections.Generic.IEnumerable`1[AASTHA2.Entities.Patient]] GetPatients(System.String, System.String, Int32, Int32) on controller AASTHA2._0.Controllers.PatientsController (AASTHA2).
2019-11-01 15:59:55.525 +05:30 [INF] Executing action method AASTHA2._0.Controllers.PatientsController.GetPatients (AASTHA2) - Validation state: "Valid"
2019-11-01 15:59:58.006 +05:30 [INF] Entity Framework Core 2.2.6-servicing-10079 initialized 'AASTHAContext' using provider 'Microsoft.EntityFrameworkCore.SqlServer' with options: None
2019-11-01 15:59:58.702 +05:30 [INF] Executed DbCommand (68ms) [Parameters=[], CommandType='"Text"', CommandTimeout='30']
SELECT [m].[Id], [m].[Address], [m].[Age], [m].[CreatedBy], [m].[CreatedDate], [m].[Firstname], [m].[IsDeleted], [m].[Lastname], [m].[Middelname], [m].[Mobile], [m].[ModifiedBy], [m].[ModifiedDate]
FROM [Patients] AS [m]
WHERE [m].[IsDeleted] = 0
2019-11-01 15:59:58.832 +05:30 [INF] Executed action method AASTHA2._0.Controllers.PatientsController.GetPatients (AASTHA2), returned result Microsoft.AspNetCore.Mvc.ObjectResult in 3301.6727ms.
2019-11-01 15:59:58.841 +05:30 [INF] Executing ObjectResult, writing value of type 'System.Collections.Generic.List`1[[AASTHA2.Entities.Patient, AASTHA2.Entities, Version=1.0.0.0, Culture=neutral, PublicKeyToken=null]]'.
2019-11-01 15:59:58.851 +05:30 [INF] Executed action AASTHA2._0.Controllers.PatientsController.GetPatients (AASTHA2) in 3660.8822ms
2019-11-01 15:59:58.851 +05:30 [INF] Executed endpoint 'AASTHA2._0.Controllers.PatientsController.GetPatients (AASTHA2)'
2019-11-01 16:00:32.114 +05:30 [INF] Executing endpoint 'AASTHA2._0.Controllers.PatientsController.GetPatients (AASTHA2)'
2019-11-01 16:00:32.115 +05:30 [INF] Route matched with {action = "GetPatients", controller = "Patients"}. Executing controller action with signature Microsoft.AspNetCore.Mvc.ActionResult`1[System.Collections.Generic.IEnumerable`1[AASTHA2.Entities.Patient]] GetPatients(System.String, System.String, Int32, Int32) on controller AASTHA2._0.Controllers.PatientsController (AASTHA2).
2019-11-01 16:00:32.119 +05:30 [INF] Executing action method AASTHA2._0.Controllers.PatientsController.GetPatients (AASTHA2) - Validation state: "Valid"
2019-11-01 16:00:33.990 +05:30 [INF] Entity Framework Core 2.2.6-servicing-10079 initialized 'AASTHAContext' using provider 'Microsoft.EntityFrameworkCore.SqlServer' with options: None
2019-11-01 16:00:34.028 +05:30 [WRN] Query: '(from Patient m in DbSet<Patient> where !([m].IsDeleted) select [m]).Skip(__p_0).Take(__p_1)' uses a row limiting operation (Skip/Take) without OrderBy which may lead to unpredictable results.
2019-11-01 16:00:34.104 +05:30 [INF] Executed DbCommand (45ms) [Parameters=[@__p_0='?' (DbType = Int32), @__p_1='?' (DbType = Int32)], CommandType='"Text"', CommandTimeout='30']
SELECT [m].[Id], [m].[Address], [m].[Age], [m].[CreatedBy], [m].[CreatedDate], [m].[Firstname], [m].[IsDeleted], [m].[Lastname], [m].[Middelname], [m].[Mobile], [m].[ModifiedBy], [m].[ModifiedDate]
FROM [Patients] AS [m]
WHERE [m].[IsDeleted] = 0
ORDER BY (SELECT 1)
OFFSET @__p_0 ROWS FETCH NEXT @__p_1 ROWS ONLY
2019-11-01 16:00:34.108 +05:30 [INF] Executed action method AASTHA2._0.Controllers.PatientsController.GetPatients (AASTHA2), returned result Microsoft.AspNetCore.Mvc.ObjectResult in 1988.9469000000001ms.
2019-11-01 16:00:34.108 +05:30 [INF] Executing ObjectResult, writing value of type 'System.Collections.Generic.List`1[[AASTHA2.Entities.Patient, AASTHA2.Entities, Version=1.0.0.0, Culture=neutral, PublicKeyToken=null]]'.
2019-11-01 16:00:34.109 +05:30 [INF] Executed action AASTHA2._0.Controllers.PatientsController.GetPatients (AASTHA2) in 1993.7056ms
2019-11-01 16:00:34.109 +05:30 [INF] Executed endpoint 'AASTHA2._0.Controllers.PatientsController.GetPatients (AASTHA2)'
2019-11-01 16:00:53.640 +05:30 [INF] Executing endpoint 'AASTHA2._0.Controllers.PatientsController.GetPatients (AASTHA2)'
2019-11-01 16:00:53.640 +05:30 [INF] Route matched with {action = "GetPatients", controller = "Patients"}. Executing controller action with signature Microsoft.AspNetCore.Mvc.ActionResult`1[System.Collections.Generic.IEnumerable`1[AASTHA2.Entities.Patient]] GetPatients(System.String, System.String, Int32, Int32) on controller AASTHA2._0.Controllers.PatientsController (AASTHA2).
2019-11-01 16:00:53.640 +05:30 [INF] Executing action method AASTHA2._0.Controllers.PatientsController.GetPatients (AASTHA2) - Validation state: "Valid"
2019-11-01 16:00:54.892 +05:30 [INF] Entity Framework Core 2.2.6-servicing-10079 initialized 'AASTHAContext' using provider 'Microsoft.EntityFrameworkCore.SqlServer' with options: None
2019-11-01 16:00:54.893 +05:30 [WRN] Query: '(from Patient m in DbSet<Patient> where !([m].IsDeleted) select [m]).Skip(__p_0).Take(__p_0)' uses a row limiting operation (Skip/Take) without OrderBy which may lead to unpredictable results.
2019-11-01 16:00:54.900 +05:30 [INF] Executed DbCommand (2ms) [Parameters=[@__p_0='?' (DbType = Int32)], CommandType='"Text"', CommandTimeout='30']
SELECT [m].[Id], [m].[Address], [m].[Age], [m].[CreatedBy], [m].[CreatedDate], [m].[Firstname], [m].[IsDeleted], [m].[Lastname], [m].[Middelname], [m].[Mobile], [m].[ModifiedBy], [m].[ModifiedDate]
FROM [Patients] AS [m]
WHERE [m].[IsDeleted] = 0
ORDER BY (SELECT 1)
OFFSET @__p_0 ROWS FETCH NEXT @__p_0 ROWS ONLY
2019-11-01 16:00:54.900 +05:30 [INF] Executed action method AASTHA2._0.Controllers.PatientsController.GetPatients (AASTHA2), returned result Microsoft.AspNetCore.Mvc.ObjectResult in 1258.8457ms.
2019-11-01 16:00:54.900 +05:30 [INF] Executing ObjectResult, writing value of type 'System.Collections.Generic.List`1[[AASTHA2.Entities.Patient, AASTHA2.Entities, Version=1.0.0.0, Culture=neutral, PublicKeyToken=null]]'.
2019-11-01 16:00:54.900 +05:30 [INF] Executed action AASTHA2._0.Controllers.PatientsController.GetPatients (AASTHA2) in 1259.574ms
2019-11-01 16:00:54.901 +05:30 [INF] Executed endpoint 'AASTHA2._0.Controllers.PatientsController.GetPatients (AASTHA2)'
2019-11-01 16:01:03.404 +05:30 [INF] Executing endpoint 'AASTHA2._0.Controllers.PatientsController.GetPatients (AASTHA2)'
2019-11-01 16:01:03.405 +05:30 [INF] Route matched with {action = "GetPatients", controller = "Patients"}. Executing controller action with signature Microsoft.AspNetCore.Mvc.ActionResult`1[System.Collections.Generic.IEnumerable`1[AASTHA2.Entities.Patient]] GetPatients(System.String, System.String, Int32, Int32) on controller AASTHA2._0.Controllers.PatientsController (AASTHA2).
2019-11-01 16:01:03.405 +05:30 [INF] Executing action method AASTHA2._0.Controllers.PatientsController.GetPatients (AASTHA2) - Validation state: "Valid"
2019-11-01 16:01:04.676 +05:30 [INF] Entity Framework Core 2.2.6-servicing-10079 initialized 'AASTHAContext' using provider 'Microsoft.EntityFrameworkCore.SqlServer' with options: None
2019-11-01 16:01:04.681 +05:30 [INF] Executed DbCommand (0ms) [Parameters=[@__p_0='?' (DbType = Int32), @__p_1='?' (DbType = Int32)], CommandType='"Text"', CommandTimeout='30']
SELECT [m].[Id], [m].[Address], [m].[Age], [m].[CreatedBy], [m].[CreatedDate], [m].[Firstname], [m].[IsDeleted], [m].[Lastname], [m].[Middelname], [m].[Mobile], [m].[ModifiedBy], [m].[ModifiedDate]
FROM [Patients] AS [m]
WHERE [m].[IsDeleted] = 0
ORDER BY (SELECT 1)
OFFSET @__p_0 ROWS FETCH NEXT @__p_1 ROWS ONLY
2019-11-01 16:01:04.682 +05:30 [INF] Executed action method AASTHA2._0.Controllers.PatientsController.GetPatients (AASTHA2), returned result Microsoft.AspNetCore.Mvc.ObjectResult in 1276.5236ms.
2019-11-01 16:01:04.682 +05:30 [INF] Executing ObjectResult, writing value of type 'System.Collections.Generic.List`1[[AASTHA2.Entities.Patient, AASTHA2.Entities, Version=1.0.0.0, Culture=neutral, PublicKeyToken=null]]'.
2019-11-01 16:01:04.682 +05:30 [INF] Executed action AASTHA2._0.Controllers.PatientsController.GetPatients (AASTHA2) in 1277.1818ms
2019-11-01 16:01:04.682 +05:30 [INF] Executed endpoint 'AASTHA2._0.Controllers.PatientsController.GetPatients (AASTHA2)'
2019-11-01 16:01:16.350 +05:30 [INF] Executing endpoint 'AASTHA2._0.Controllers.PatientsController.GetPatients (AASTHA2)'
2019-11-01 16:01:16.351 +05:30 [INF] Route matched with {action = "GetPatients", controller = "Patients"}. Executing controller action with signature Microsoft.AspNetCore.Mvc.ActionResult`1[System.Collections.Generic.IEnumerable`1[AASTHA2.Entities.Patient]] GetPatients(System.String, System.String, Int32, Int32) on controller AASTHA2._0.Controllers.PatientsController (AASTHA2).
2019-11-01 16:01:16.351 +05:30 [INF] Executing action method AASTHA2._0.Controllers.PatientsController.GetPatients (AASTHA2) - Validation state: "Valid"
2019-11-01 16:01:20.828 +05:30 [INF] Entity Framework Core 2.2.6-servicing-10079 initialized 'AASTHAContext' using provider 'Microsoft.EntityFrameworkCore.SqlServer' with options: None
2019-11-01 16:01:20.829 +05:30 [WRN] Query: '(from Patient m in DbSet<Patient> where !([m].IsDeleted) select [m]).Take(__p_0)' uses a row limiting operation (Skip/Take) without OrderBy which may lead to unpredictable results.
2019-11-01 16:01:20.840 +05:30 [INF] Executed DbCommand (2ms) [Parameters=[@__p_0='?' (DbType = Int32)], CommandType='"Text"', CommandTimeout='30']
SELECT TOP(@__p_0) [m].[Id], [m].[Address], [m].[Age], [m].[CreatedBy], [m].[CreatedDate], [m].[Firstname], [m].[IsDeleted], [m].[Lastname], [m].[Middelname], [m].[Mobile], [m].[ModifiedBy], [m].[ModifiedDate]
FROM [Patients] AS [m]
WHERE [m].[IsDeleted] = 0
2019-11-01 16:01:20.840 +05:30 [INF] Executed action method AASTHA2._0.Controllers.PatientsController.GetPatients (AASTHA2), returned result Microsoft.AspNetCore.Mvc.ObjectResult in 4489.206ms.
2019-11-01 16:01:20.840 +05:30 [INF] Executing ObjectResult, writing value of type 'System.Collections.Generic.List`1[[AASTHA2.Entities.Patient, AASTHA2.Entities, Version=1.0.0.0, Culture=neutral, PublicKeyToken=null]]'.
2019-11-01 16:01:20.840 +05:30 [INF] Executed action AASTHA2._0.Controllers.PatientsController.GetPatients (AASTHA2) in 4489.6836ms
2019-11-01 16:01:20.840 +05:30 [INF] Executed endpoint 'AASTHA2._0.Controllers.PatientsController.GetPatients (AASTHA2)'
2019-11-01 17:34:54.123 +05:30 [INF] Executing endpoint 'AASTHA2._0.Controllers.PatientsController.GetPatients (AASTHA2)'
2019-11-01 17:34:54.161 +05:30 [INF] Route matched with {action = "GetPatients", controller = "Patients"}. Executing controller action with signature Microsoft.AspNetCore.Mvc.ActionResult`1[System.Collections.Generic.IEnumerable`1[AASTHA2.Entities.Patient]] GetPatients(System.String, System.String, System.String, Int32, Int32) on controller AASTHA2._0.Controllers.PatientsController (AASTHA2).
2019-11-01 17:34:54.477 +05:30 [INF] Executing action method AASTHA2._0.Controllers.PatientsController.GetPatients (AASTHA2) - Validation state: "Valid"
2019-11-01 17:34:54.986 +05:30 [INF] Entity Framework Core 2.2.6-servicing-10079 initialized 'AASTHAContext' using provider 'Microsoft.EntityFrameworkCore.SqlServer' with options: None
2019-11-01 17:34:55.639 +05:30 [INF] Executed DbCommand (38ms) [Parameters=[], CommandType='"Text"', CommandTimeout='30']
SELECT [m].[Id], [m].[Address], [m].[Age], [m].[CreatedBy], [m].[CreatedDate], [m].[Firstname], [m].[IsDeleted], [m].[Lastname], [m].[Middelname], [m].[Mobile], [m].[ModifiedBy], [m].[ModifiedDate]
FROM [Patients] AS [m]
WHERE [m].[IsDeleted] = 0
ORDER BY [m].[Lastname], [m].[Firstname] DESC
2019-11-01 17:34:55.767 +05:30 [INF] Executed action method AASTHA2._0.Controllers.PatientsController.GetPatients (AASTHA2), returned result Microsoft.AspNetCore.Mvc.ObjectResult in 1284.8100000000002ms.
2019-11-01 17:34:55.775 +05:30 [INF] Executing ObjectResult, writing value of type 'System.Collections.Generic.List`1[[AASTHA2.Entities.Patient, AASTHA2.Entities, Version=1.0.0.0, Culture=neutral, PublicKeyToken=null]]'.
2019-11-01 17:34:55.785 +05:30 [INF] Executed action AASTHA2._0.Controllers.PatientsController.GetPatients (AASTHA2) in 1620.7872ms
2019-11-01 17:34:55.786 +05:30 [INF] Executed endpoint 'AASTHA2._0.Controllers.PatientsController.GetPatients (AASTHA2)'
2019-11-01 17:35:45.929 +05:30 [INF] Executing endpoint 'AASTHA2._0.Controllers.PatientsController.GetPatients (AASTHA2)'
2019-11-01 17:35:45.967 +05:30 [INF] Route matched with {action = "GetPatients", controller = "Patients"}. Executing controller action with signature Microsoft.AspNetCore.Mvc.ActionResult`1[System.Collections.Generic.IEnumerable`1[AASTHA2.Entities.Patient]] GetPatients(System.String, System.String, System.String, Int32, Int32) on controller AASTHA2._0.Controllers.PatientsController (AASTHA2).
2019-11-01 17:35:46.280 +05:30 [INF] Executing action method AASTHA2._0.Controllers.PatientsController.GetPatients (AASTHA2) - Validation state: "Valid"
2019-11-01 17:35:46.789 +05:30 [INF] Entity Framework Core 2.2.6-servicing-10079 initialized 'AASTHAContext' using provider 'Microsoft.EntityFrameworkCore.SqlServer' with options: None
2019-11-01 17:35:47.422 +05:30 [INF] Executed DbCommand (37ms) [Parameters=[], CommandType='"Text"', CommandTimeout='30']
SELECT [m].[Id], [m].[Address], [m].[Age], [m].[CreatedBy], [m].[CreatedDate], [m].[Firstname], [m].[IsDeleted], [m].[Lastname], [m].[Middelname], [m].[Mobile], [m].[ModifiedBy], [m].[ModifiedDate]
FROM [Patients] AS [m]
WHERE [m].[IsDeleted] = 0
ORDER BY [m].[Lastname] DESC, [m].[Firstname]
2019-11-01 17:35:47.551 +05:30 [INF] Executed action method AASTHA2._0.Controllers.PatientsController.GetPatients (AASTHA2), returned result Microsoft.AspNetCore.Mvc.ObjectResult in 1265.3600000000001ms.
2019-11-01 17:35:47.558 +05:30 [INF] Executing ObjectResult, writing value of type 'System.Collections.Generic.List`1[[AASTHA2.Entities.Patient, AASTHA2.Entities, Version=1.0.0.0, Culture=neutral, PublicKeyToken=null]]'.
2019-11-01 17:35:47.568 +05:30 [INF] Executed action AASTHA2._0.Controllers.PatientsController.GetPatients (AASTHA2) in 1597.832ms
2019-11-01 17:35:47.569 +05:30 [INF] Executed endpoint 'AASTHA2._0.Controllers.PatientsController.GetPatients (AASTHA2)'
2019-11-01 17:37:28.787 +05:30 [INF] Executing endpoint 'AASTHA2._0.Controllers.PatientsController.GetPatients (AASTHA2)'
2019-11-01 17:37:28.824 +05:30 [INF] Route matched with {action = "GetPatients", controller = "Patients"}. Executing controller action with signature Microsoft.AspNetCore.Mvc.ActionResult`1[System.Collections.Generic.IEnumerable`1[AASTHA2.Entities.Patient]] GetPatients(System.String, System.String, System.String, Int32, Int32) on controller AASTHA2._0.Controllers.PatientsController (AASTHA2).
2019-11-01 17:37:29.139 +05:30 [INF] Executing action method AASTHA2._0.Controllers.PatientsController.GetPatients (AASTHA2) - Validation state: "Valid"
2019-11-01 17:37:29.662 +05:30 [INF] Entity Framework Core 2.2.6-servicing-10079 initialized 'AASTHAContext' using provider 'Microsoft.EntityFrameworkCore.SqlServer' with options: None
2019-11-01 17:37:30.402 +05:30 [INF] Executed DbCommand (141ms) [Parameters=[], CommandType='"Text"', CommandTimeout='30']
SELECT [m].[Id], [m].[Address], [m].[Age], [m].[CreatedBy], [m].[CreatedDate], [m].[Firstname], [m].[IsDeleted], [m].[Lastname], [m].[Middelname], [m].[Mobile], [m].[ModifiedBy], [m].[ModifiedDate]
FROM [Patients] AS [m]
WHERE [m].[IsDeleted] = 0
ORDER BY [m].[Lastname] DESC, [m].[Firstname]
2019-11-01 17:37:30.540 +05:30 [INF] Executed action method AASTHA2._0.Controllers.PatientsController.GetPatients (AASTHA2), returned result Microsoft.AspNetCore.Mvc.ObjectResult in 1394.1134ms.
2019-11-01 17:37:30.548 +05:30 [INF] Executing ObjectResult, writing value of type 'System.Collections.Generic.List`1[[AASTHA2.Entities.Patient, AASTHA2.Entities, Version=1.0.0.0, Culture=neutral, PublicKeyToken=null]]'.
2019-11-01 17:37:30.558 +05:30 [INF] Executed action AASTHA2._0.Controllers.PatientsController.GetPatients (AASTHA2) in 1729.5042ms
2019-11-01 17:37:30.558 +05:30 [INF] Executed endpoint 'AASTHA2._0.Controllers.PatientsController.GetPatients (AASTHA2)'
2019-11-01 17:37:57.487 +05:30 [INF] Executing endpoint 'AASTHA2._0.Controllers.PatientsController.GetPatients (AASTHA2)'
2019-11-01 17:37:57.525 +05:30 [INF] Route matched with {action = "GetPatients", controller = "Patients"}. Executing controller action with signature Microsoft.AspNetCore.Mvc.ActionResult`1[System.Collections.Generic.IEnumerable`1[AASTHA2.Entities.Patient]] GetPatients(System.String, System.String, System.String, Int32, Int32) on controller AASTHA2._0.Controllers.PatientsController (AASTHA2).
2019-11-01 17:37:57.842 +05:30 [INF] Executing action method AASTHA2._0.Controllers.PatientsController.GetPatients (AASTHA2) - Validation state: "Valid"
2019-11-01 17:37:58.351 +05:30 [INF] Entity Framework Core 2.2.6-servicing-10079 initialized 'AASTHAContext' using provider 'Microsoft.EntityFrameworkCore.SqlServer' with options: None
2019-11-01 17:38:00.440 +05:30 [INF] Executed action AASTHA2._0.Controllers.PatientsController.GetPatients (AASTHA2) in 2910.8705ms
2019-11-01 17:38:00.442 +05:30 [INF] Executed endpoint 'AASTHA2._0.Controllers.PatientsController.GetPatients (AASTHA2)'
2019-11-01 17:38:00.607 +05:30 [ERR] {
  "ErrorMessage": "'LastName1' is not a member of type 'AASTHA2.Entities.Patient'\r\nParameter name: propertyOrFieldName",
  "ErrorDescription": "   at System.Linq.Expressions.Expression.PropertyOrField(Expression expression, String propertyOrFieldName)\r\n   at AASTHA2.Common.Helpers.OrederByHelper.OrderBy[T](IQueryable`1 source, List`1 sortModels) in D:\\Ginesh\\AASTHA2.0\\Common\\Helpers\\OrederByHelper.cs:line 23\r\n   at AASTHA2._0.Controllers.PatientsController.GetPatients(String Fields, String Filter, String Sort, Int32 Skip, Int32 Take) in D:\\Ginesh\\AASTHA2.0\\AASTHA2.0\\Controllers\\PatientsController.cs:line 40\r\n   at lambda_method(Closure , Object , Object[] )\r\n   at Microsoft.Extensions.Internal.ObjectMethodExecutor.Execute(Object target, Object[] parameters)\r\n   at Microsoft.AspNetCore.Mvc.Internal.ActionMethodExecutor.SyncObjectResultExecutor.Execute(IActionResultTypeMapper mapper, ObjectMethodExecutor executor, Object controller, Object[] arguments)\r\n   at Microsoft.AspNetCore.Mvc.Internal.ControllerActionInvoker.InvokeActionMethodAsync()\r\n   at Microsoft.AspNetCore.Mvc.Internal.ControllerActionInvoker.InvokeNextActionFilterAsync()\r\n   at Microsoft.AspNetCore.Mvc.Internal.ControllerActionInvoker.Rethrow(ActionExecutedContext context)\r\n   at Microsoft.AspNetCore.Mvc.Internal.ControllerActionInvoker.Next(State& next, Scope& scope, Object& state, Boolean& isCompleted)\r\n   at Microsoft.AspNetCore.Mvc.Internal.ControllerActionInvoker.InvokeInnerFilterAsync()\r\n   at Microsoft.AspNetCore.Mvc.Internal.ResourceInvoker.InvokeNextResourceFilter()\r\n   at Microsoft.AspNetCore.Mvc.Internal.ResourceInvoker.Rethrow(ResourceExecutedContext context)\r\n   at Microsoft.AspNetCore.Mvc.Internal.ResourceInvoker.Next(State& next, Scope& scope, Object& state, Boolean& isCompleted)\r\n   at Microsoft.AspNetCore.Mvc.Internal.ResourceInvoker.InvokeFilterPipelineAsync()\r\n   at Microsoft.AspNetCore.Mvc.Internal.ResourceInvoker.InvokeAsync()\r\n   at Microsoft.AspNetCore.Routing.EndpointMiddleware.Invoke(HttpContext httpContext)\r\n   at Microsoft.AspNetCore.Routing.EndpointRoutingMiddleware.Invoke(HttpContext httpContext)\r\n   at AASTHA2.Middleware.ExceptionWrapper.Invoke(HttpContext context) in D:\\Ginesh\\AASTHA2.0\\AASTHA2.0\\Middleware\\ExceptionMiddleware.cs:line 24"
}
2019-11-01 17:39:08.292 +05:30 [INF] Executing endpoint 'AASTHA2._0.Controllers.PatientsController.GetPatients (AASTHA2)'
2019-11-01 17:39:08.329 +05:30 [INF] Route matched with {action = "GetPatients", controller = "Patients"}. Executing controller action with signature Microsoft.AspNetCore.Mvc.ActionResult`1[System.Collections.Generic.IEnumerable`1[AASTHA2.Entities.Patient]] GetPatients(System.String, System.String, System.String, Int32, Int32) on controller AASTHA2._0.Controllers.PatientsController (AASTHA2).
2019-11-01 17:39:08.662 +05:30 [INF] Executing action method AASTHA2._0.Controllers.PatientsController.GetPatients (AASTHA2) - Validation state: "Valid"
2019-11-01 17:39:09.195 +05:30 [INF] Entity Framework Core 2.2.6-servicing-10079 initialized 'AASTHAContext' using provider 'Microsoft.EntityFrameworkCore.SqlServer' with options: None
2019-11-01 17:39:09.871 +05:30 [INF] Executed DbCommand (37ms) [Parameters=[], CommandType='"Text"', CommandTimeout='30']
SELECT [m].[Id], [m].[Address], [m].[Age], [m].[CreatedBy], [m].[CreatedDate], [m].[Firstname], [m].[IsDeleted], [m].[Lastname], [m].[Middelname], [m].[Mobile], [m].[ModifiedBy], [m].[ModifiedDate]
FROM [Patients] AS [m]
WHERE [m].[IsDeleted] = 0
ORDER BY [m].[Lastname] DESC, [m].[Firstname]
2019-11-01 17:39:09.995 +05:30 [INF] Executed action method AASTHA2._0.Controllers.PatientsController.GetPatients (AASTHA2), returned result Microsoft.AspNetCore.Mvc.ObjectResult in 1327.2583ms.
2019-11-01 17:39:10.002 +05:30 [INF] Executing ObjectResult, writing value of type 'System.Collections.Generic.List`1[[AASTHA2.Entities.Patient, AASTHA2.Entities, Version=1.0.0.0, Culture=neutral, PublicKeyToken=null]]'.
2019-11-01 17:39:10.012 +05:30 [INF] Executed action AASTHA2._0.Controllers.PatientsController.GetPatients (AASTHA2) in 1678.855ms
2019-11-01 17:39:10.012 +05:30 [INF] Executed endpoint 'AASTHA2._0.Controllers.PatientsController.GetPatients (AASTHA2)'
2019-11-01 17:39:17.634 +05:30 [INF] Executing endpoint 'AASTHA2._0.Controllers.PatientsController.GetPatients (AASTHA2)'
2019-11-01 17:39:17.634 +05:30 [INF] Route matched with {action = "GetPatients", controller = "Patients"}. Executing controller action with signature Microsoft.AspNetCore.Mvc.ActionResult`1[System.Collections.Generic.IEnumerable`1[AASTHA2.Entities.Patient]] GetPatients(System.String, System.String, System.String, Int32, Int32) on controller AASTHA2._0.Controllers.PatientsController (AASTHA2).
2019-11-01 17:39:17.635 +05:30 [INF] Executing action method AASTHA2._0.Controllers.PatientsController.GetPatients (AASTHA2) - Validation state: "Valid"
2019-11-01 17:39:22.869 +05:30 [INF] Entity Framework Core 2.2.6-servicing-10079 initialized 'AASTHAContext' using provider 'Microsoft.EntityFrameworkCore.SqlServer' with options: None
2019-11-01 17:39:22.885 +05:30 [INF] Executed DbCommand (3ms) [Parameters=[], CommandType='"Text"', CommandTimeout='30']
SELECT [m].[Id], [m].[Address], [m].[Age], [m].[CreatedBy], [m].[CreatedDate], [m].[Firstname], [m].[IsDeleted], [m].[Lastname], [m].[Middelname], [m].[Mobile], [m].[ModifiedBy], [m].[ModifiedDate]
FROM [Patients] AS [m]
WHERE [m].[IsDeleted] = 0
ORDER BY [m].[Lastname] DESC, [m].[Firstname]
2019-11-01 17:39:22.885 +05:30 [INF] Executed action method AASTHA2._0.Controllers.PatientsController.GetPatients (AASTHA2), returned result Microsoft.AspNetCore.Mvc.ObjectResult in 5250.3013ms.
2019-11-01 17:39:22.886 +05:30 [INF] Executing ObjectResult, writing value of type 'System.Collections.Generic.List`1[[AASTHA2.Entities.Patient, AASTHA2.Entities, Version=1.0.0.0, Culture=neutral, PublicKeyToken=null]]'.
2019-11-01 17:39:22.890 +05:30 [INF] Executed action AASTHA2._0.Controllers.PatientsController.GetPatients (AASTHA2) in 5255.4759ms
2019-11-01 17:39:22.890 +05:30 [INF] Executed endpoint 'AASTHA2._0.Controllers.PatientsController.GetPatients (AASTHA2)'
2019-11-01 18:28:40.768 +05:30 [INF] Executing endpoint 'AASTHA2._0.Controllers.PatientsController.GetPatients (AASTHA2)'
2019-11-01 18:28:40.806 +05:30 [INF] Route matched with {action = "GetPatients", controller = "Patients"}. Executing controller action with signature Microsoft.AspNetCore.Mvc.ActionResult`1[System.Collections.Generic.IEnumerable`1[AASTHA2.Entities.Patient]] GetPatients(System.String, System.String, System.String, Int32, Int32) on controller AASTHA2._0.Controllers.PatientsController (AASTHA2).
2019-11-01 18:28:41.119 +05:30 [INF] Executing action method AASTHA2._0.Controllers.PatientsController.GetPatients (AASTHA2) - Validation state: "Valid"
2019-11-01 18:29:07.612 +05:30 [INF] Entity Framework Core 2.2.6-servicing-10079 initialized 'AASTHAContext' using provider 'Microsoft.EntityFrameworkCore.SqlServer' with options: None
2019-11-01 18:30:28.298 +05:30 [INF] Executed DbCommand (38ms) [Parameters=[], CommandType='"Text"', CommandTimeout='30']
SELECT [m].[Id], [m].[Address], [m].[Age], [m].[CreatedBy], [m].[CreatedDate], [m].[Firstname], [m].[IsDeleted], [m].[Lastname], [m].[Middelname], [m].[Mobile], [m].[ModifiedBy], [m].[ModifiedDate]
FROM [Patients] AS [m]
WHERE [m].[IsDeleted] = 0
ORDER BY [m].[Lastname] DESC, [m].[Firstname]
2019-11-01 18:30:28.423 +05:30 [INF] Executed action method AASTHA2._0.Controllers.PatientsController.GetPatients (AASTHA2), returned result Microsoft.AspNetCore.Mvc.ObjectResult in 107297.82430000001ms.
2019-11-01 18:30:28.431 +05:30 [INF] Executing ObjectResult, writing value of type 'System.Collections.Generic.List`1[[AASTHA2.Entities.Patient, AASTHA2.Entities, Version=1.0.0.0, Culture=neutral, PublicKeyToken=null]]'.
2019-11-01 18:30:28.441 +05:30 [INF] Executed action AASTHA2._0.Controllers.PatientsController.GetPatients (AASTHA2) in 107630.5427ms
2019-11-01 18:30:28.441 +05:30 [INF] Executed endpoint 'AASTHA2._0.Controllers.PatientsController.GetPatients (AASTHA2)'
