2019-11-02 10:25:03.748 +05:30 [INF] Executing endpoint 'AASTHA2._0.Controllers.PatientsController.GetPatients (AASTHA2)'
2019-11-02 10:25:03.823 +05:30 [INF] Route matched with {action = "GetPatients", controller = "Patients"}. Executing controller action with signature Microsoft.AspNetCore.Mvc.ActionResult`1[System.Collections.Generic.IEnumerable`1[AASTHA2.Entities.Patient]] GetPatients(System.String, System.String, System.String, Int32, Int32) on controller AASTHA2._0.Controllers.PatientsController (AASTHA2).
2019-11-02 10:25:05.263 +05:30 [INF] Executing action method AASTHA2._0.Controllers.PatientsController.GetPatients (AASTHA2) - Validation state: "Valid"
2019-11-02 10:26:08.152 +05:30 [INF] Executing endpoint 'AASTHA2._0.Controllers.PatientsController.GetPatients (AASTHA2)'
2019-11-02 10:26:08.190 +05:30 [INF] Route matched with {action = "GetPatients", controller = "Patients"}. Executing controller action with signature Microsoft.AspNetCore.Mvc.ActionResult`1[System.Collections.Generic.IEnumerable`1[AASTHA2.Entities.Patient]] GetPatients(System.String, System.String, System.String, Int32, Int32) on controller AASTHA2._0.Controllers.PatientsController (AASTHA2).
2019-11-02 10:26:08.497 +05:30 [INF] Executing action method AASTHA2._0.Controllers.PatientsController.GetPatients (AASTHA2) - Validation state: "Valid"
2019-11-02 10:26:31.005 +05:30 [INF] Entity Framework Core 2.2.6-servicing-10079 initialized 'AASTHAContext' using provider 'Microsoft.EntityFrameworkCore.SqlServer' with options: None
2019-11-02 10:26:32.375 +05:30 [INF] Executed DbCommand (203ms) [Parameters=[], CommandType='"Text"', CommandTimeout='30']
SELECT [x].[Id], [x].[Address], [x].[Age], [x].[CreatedBy], [x].[CreatedDate], [x].[Firstname], [x].[IsDeleted], [x].[Lastname], [x].[Middelname], [x].[Mobile], [x].[ModifiedBy], [x].[ModifiedDate]
FROM [Patients] AS [x]
WHERE [x].[Firstname] = N'G'
ORDER BY [x].[Lastname] DESC, [x].[Firstname]
2019-11-02 10:26:32.584 +05:30 [INF] Executed action method AASTHA2._0.Controllers.PatientsController.GetPatients (AASTHA2), returned result Microsoft.AspNetCore.Mvc.ObjectResult in 24081.711600000002ms.
2019-11-02 10:26:32.601 +05:30 [INF] Executing ObjectResult, writing value of type 'System.Collections.Generic.List`1[[AASTHA2.Entities.Patient, AASTHA2.Entities, Version=1.0.0.0, Culture=neutral, PublicKeyToken=null]]'.
2019-11-02 10:26:32.628 +05:30 [INF] Executed action AASTHA2._0.Controllers.PatientsController.GetPatients (AASTHA2) in 24434.0173ms
2019-11-02 10:26:32.628 +05:30 [INF] Executed endpoint 'AASTHA2._0.Controllers.PatientsController.GetPatients (AASTHA2)'
2019-11-02 10:27:00.451 +05:30 [INF] Executing endpoint 'AASTHA2._0.Controllers.PatientsController.GetPatients (AASTHA2)'
2019-11-02 10:27:00.452 +05:30 [INF] Route matched with {action = "GetPatients", controller = "Patients"}. Executing controller action with signature Microsoft.AspNetCore.Mvc.ActionResult`1[System.Collections.Generic.IEnumerable`1[AASTHA2.Entities.Patient]] GetPatients(System.String, System.String, System.String, Int32, Int32) on controller AASTHA2._0.Controllers.PatientsController (AASTHA2).
2019-11-02 10:27:00.454 +05:30 [INF] Executing action method AASTHA2._0.Controllers.PatientsController.GetPatients (AASTHA2) - Validation state: "Valid"
2019-11-02 10:28:33.424 +05:30 [INF] Entity Framework Core 2.2.6-servicing-10079 initialized 'AASTHAContext' using provider 'Microsoft.EntityFrameworkCore.SqlServer' with options: None
2019-11-02 10:28:33.435 +05:30 [INF] Executed DbCommand (3ms) [Parameters=[], CommandType='"Text"', CommandTimeout='30']
SELECT [x].[Id], [x].[Address], [x].[Age], [x].[CreatedBy], [x].[CreatedDate], [x].[Firstname], [x].[IsDeleted], [x].[Lastname], [x].[Middelname], [x].[Mobile], [x].[ModifiedBy], [x].[ModifiedDate]
FROM [Patients] AS [x]
WHERE [x].[Firstname] = N'G'
ORDER BY [x].[Lastname] DESC, [x].[Firstname]
2019-11-02 10:28:33.436 +05:30 [INF] Executed action method AASTHA2._0.Controllers.PatientsController.GetPatients (AASTHA2), returned result Microsoft.AspNetCore.Mvc.ObjectResult in 92979.5562ms.
2019-11-02 10:28:33.436 +05:30 [INF] Executing ObjectResult, writing value of type 'System.Collections.Generic.List`1[[AASTHA2.Entities.Patient, AASTHA2.Entities, Version=1.0.0.0, Culture=neutral, PublicKeyToken=null]]'.
2019-11-02 10:28:33.436 +05:30 [INF] Executed action AASTHA2._0.Controllers.PatientsController.GetPatients (AASTHA2) in 92982.404600000009ms
2019-11-02 10:28:33.436 +05:30 [INF] Executed endpoint 'AASTHA2._0.Controllers.PatientsController.GetPatients (AASTHA2)'
2019-11-02 10:47:51.894 +05:30 [INF] Executing endpoint 'AASTHA2._0.Controllers.PatientsController.GetPatients (AASTHA2)'
2019-11-02 10:47:51.932 +05:30 [INF] Route matched with {action = "GetPatients", controller = "Patients"}. Executing controller action with signature Microsoft.AspNetCore.Mvc.ActionResult`1[System.Collections.Generic.IEnumerable`1[AASTHA2.Entities.Patient]] GetPatients(System.String, System.String, System.String, Int32, Int32) on controller AASTHA2._0.Controllers.PatientsController (AASTHA2).
2019-11-02 10:47:52.242 +05:30 [INF] Executing action method AASTHA2._0.Controllers.PatientsController.GetPatients (AASTHA2) - Validation state: "Valid"
2019-11-02 10:48:11.092 +05:30 [INF] Entity Framework Core 2.2.6-servicing-10079 initialized 'AASTHAContext' using provider 'Microsoft.EntityFrameworkCore.SqlServer' with options: None
2019-11-02 10:48:11.727 +05:30 [INF] Executed DbCommand (36ms) [Parameters=[], CommandType='"Text"', CommandTimeout='30']
SELECT [x].[Id], [x].[Address], [x].[Age], [x].[CreatedBy], [x].[CreatedDate], [x].[Firstname], [x].[IsDeleted], [x].[Lastname], [x].[Middelname], [x].[Mobile], [x].[ModifiedBy], [x].[ModifiedDate]
FROM [Patients] AS [x]
WHERE [x].[Firstname] = N'G'
ORDER BY [x].[Lastname] DESC, [x].[Firstname]
2019-11-02 10:48:11.850 +05:30 [INF] Executed action method AASTHA2._0.Controllers.PatientsController.GetPatients (AASTHA2), returned result Microsoft.AspNetCore.Mvc.ObjectResult in 19602.1836ms.
2019-11-02 10:48:11.858 +05:30 [INF] Executing ObjectResult, writing value of type 'System.Collections.Generic.List`1[[AASTHA2.Entities.Patient, AASTHA2.Entities, Version=1.0.0.0, Culture=neutral, PublicKeyToken=null]]'.
2019-11-02 10:48:11.867 +05:30 [INF] Executed action AASTHA2._0.Controllers.PatientsController.GetPatients (AASTHA2) in 19931.633400000002ms
2019-11-02 10:48:11.868 +05:30 [INF] Executed endpoint 'AASTHA2._0.Controllers.PatientsController.GetPatients (AASTHA2)'
